[bwa_aln] 17bp reads: max_diff = 2
[bwa_aln] 38bp reads: max_diff = 3
[bwa_aln] 64bp reads: max_diff = 4
[bwa_aln] 93bp reads: max_diff = 5
[bwa_aln] 124bp reads: max_diff = 6
[bwa_aln] 157bp reads: max_diff = 7
[bwa_aln] 190bp reads: max_diff = 8
[bwa_aln] 225bp reads: max_diff = 9
[bwa_aln_core] calculate SA coordinate... 56.59 sec
[bwa_aln_core] write to the disk... 0.06 sec
[bwa_aln_core] 262144 sequences have been processed.
[bwa_aln_core] calculate SA coordinate... 56.04 sec
[bwa_aln_core] write to the disk... 0.04 sec
[bwa_aln_core] 524288 sequences have been processed.
[bwa_aln_core] calculate SA coordinate... 49.83 sec
[bwa_aln_core] write to the disk... 0.05 sec
[bwa_aln_core] 786432 sequences have been processed.
[bwa_aln_core] calculate SA coordinate... 46.40 sec
[bwa_aln_core] write to the disk... 0.05 sec
[bwa_aln_core] 1048576 sequences have been processed.
[bwa_aln_core] calculate SA coordinate... 45.92 sec
[bwa_aln_core] write to the disk... 0.04 sec
[bwa_aln_core] 1310720 sequences have been processed.
[bwa_aln_core] calculate SA coordinate... 51.70 sec
[bwa_aln_core] write to the disk... 0.05 sec
[bwa_aln_core] 1572864 sequences have been processed.
[bwa_aln_core] calculate SA coordinate... 54.56 sec
[bwa_aln_core] write to the disk... 0.04 sec
[bwa_aln_core] 1835008 sequences have been processed.
[bwa_aln_core] calculate SA coordinate... 53.83 sec
[bwa_aln_core] write to the disk... 0.04 sec
[bwa_aln_core] 2097152 sequences have been processed.
[bwa_aln_core] calculate SA coordinate... 56.42 sec
[bwa_aln_core] write to the disk... 0.05 sec
[bwa_aln_core] 2359296 sequences have been processed.
[bwa_aln_core] calculate SA coordinate... 55.25 sec
[bwa_aln_core] write to the disk... 0.05 sec
[bwa_aln_core] 2621440 sequences have been processed.
[bwa_aln_core] calculate SA coordinate... 43.97 sec
[bwa_aln_core] write to the disk... 0.05 sec
[bwa_aln_core] 2883584 sequences have been processed.
[bwa_aln_core] calculate SA coordinate... 44.16 sec
[bwa_aln_core] write to the disk... 0.05 sec
[bwa_aln_core] 3145728 sequences have been processed.
[bwa_aln_core] calculate SA coordinate... 43.98 sec
[bwa_aln_core] write to the disk... 0.06 sec
[bwa_aln_core] 3407872 sequences have been processed.
[bwa_aln_core] calculate SA coordinate... 46.57 sec
[bwa_aln_core] write to the disk... 0.05 sec
[bwa_aln_core] 3670016 sequences have been processed.
[bwa_aln_core] calculate SA coordinate... 50.21 sec
[bwa_aln_core] write to the disk... 0.06 sec
[bwa_aln_core] 3932160 sequences have been processed.
[bwa_aln_core] calculate SA coordinate... 47.69 sec
[bwa_aln_core] write to the disk... 0.05 sec
[bwa_aln_core] 4194304 sequences have been processed.
[bwa_aln_core] calculate SA coordinate... 76.46 sec
[bwa_aln_core] write to the disk... 0.04 sec
[bwa_aln_core] 4456448 sequences have been processed.
[bwa_aln_core] calculate SA coordinate... 82.92 sec
[bwa_aln_core] write to the disk... 0.04 sec
[bwa_aln_core] 4718592 sequences have been processed.
[bwa_aln_core] calculate SA coordinate... 74.88 sec
[bwa_aln_core] write to the disk... 0.05 sec
[bwa_aln_core] 4980736 sequences have been processed.
[bwa_aln_core] calculate SA coordinate... 107.14 sec
[bwa_aln_core] write to the disk... 0.05 sec
[bwa_aln_core] 5242880 sequences have been processed.
[bwa_aln_core] calculate SA coordinate... 109.40 sec
[bwa_aln_core] write to the disk... 0.05 sec
[bwa_aln_core] 5505024 sequences have been processed.
[bwa_aln_core] calculate SA coordinate... 110.50 sec
[bwa_aln_core] write to the disk... 0.07 sec
[bwa_aln_core] 5767168 sequences have been processed.
[bwa_aln_core] calculate SA coordinate... 114.25 sec
[bwa_aln_core] write to the disk... 0.06 sec
[bwa_aln_core] 6029312 sequences have been processed.
[bwa_aln_core] calculate SA coordinate... 130.81 sec
[bwa_aln_core] write to the disk... 0.05 sec
[bwa_aln_core] 6291456 sequences have been processed.
[bwa_aln_core] calculate SA coordinate... 119.80 sec
[bwa_aln_core] write to the disk... 0.06 sec
[bwa_aln_core] 6553600 sequences have been processed.
[bwa_aln_core] calculate SA coordinate... 139.58 sec
[bwa_aln_core] write to the disk... 0.05 sec
[bwa_aln_core] 6815744 sequences have been processed.
[bwa_aln_core] calculate SA coordinate... 151.30 sec
[bwa_aln_core] write to the disk... 0.04 sec
[bwa_aln_core] 7077888 sequences have been processed.
[bwa_aln_core] calculate SA coordinate... 129.25 sec
[bwa_aln_core] write to the disk... 0.04 sec
[bwa_aln_core] 7340032 sequences have been processed.
[bwa_aln_core] calculate SA coordinate... 121.72 sec
[bwa_aln_core] write to the disk... 0.06 sec
[bwa_aln_core] 7602176 sequences have been processed.
[bwa_aln_core] calculate SA coordinate... 94.99 sec
[bwa_aln_core] write to the disk... 0.05 sec
[bwa_aln_core] 7864320 sequences have been processed.
[bwa_aln_core] calculate SA coordinate... 108.40 sec
[bwa_aln_core] write to the disk... 0.05 sec
[bwa_aln_core] 8126464 sequences have been processed.
[bwa_aln_core] calculate SA coordinate... 121.33 sec
[bwa_aln_core] write to the disk... 0.05 sec
[bwa_aln_core] 8388608 sequences have been processed.
[bwa_aln_core] calculate SA coordinate... 104.89 sec
[bwa_aln_core] write to the disk... 0.05 sec
[bwa_aln_core] 8650752 sequences have been processed.
[bwa_aln_core] calculate SA coordinate... 73.87 sec
[bwa_aln_core] write to the disk... 0.05 sec
[bwa_aln_core] 8912896 sequences have been processed.
[bwa_aln_core] calculate SA coordinate... 44.83 sec
[bwa_aln_core] write to the disk... 0.06 sec
[bwa_aln_core] 9175040 sequences have been processed.
[bwa_aln_core] calculate SA coordinate... 49.83 sec
[bwa_aln_core] write to the disk... 0.05 sec
[bwa_aln_core] 9437184 sequences have been processed.
[bwa_aln_core] calculate SA coordinate... 52.84 sec
[bwa_aln_core] write to the disk... 0.05 sec
[bwa_aln_core] 9699328 sequences have been processed.
[bwa_aln_core] calculate SA coordinate... 51.29 sec
[bwa_aln_core] write to the disk... 0.05 sec
[bwa_aln_core] 9961472 sequences have been processed.
[bwa_aln_core] calculate SA coordinate... 48.41 sec
[bwa_aln_core] write to the disk... 0.06 sec
[bwa_aln_core] 10223616 sequences have been processed.
[bwa_aln_core] calculate SA coordinate... 40.17 sec
[bwa_aln_core] write to the disk... 0.05 sec
[bwa_aln_core] 10485760 sequences have been processed.
[bwa_aln_core] calculate SA coordinate... 41.19 sec
[bwa_aln_core] write to the disk... 0.05 sec
[bwa_aln_core] 10747904 sequences have been processed.
[bwa_aln_core] calculate SA coordinate... 42.69 sec
[bwa_aln_core] write to the disk... 0.04 sec
[bwa_aln_core] 11010048 sequences have been processed.
[bwa_aln_core] calculate SA coordinate... 37.24 sec
[bwa_aln_core] write to the disk... 0.04 sec
[bwa_aln_core] 11272192 sequences have been processed.
[bwa_aln_core] calculate SA coordinate... 40.51 sec
[bwa_aln_core] write to the disk... 0.05 sec
[bwa_aln_core] 11534336 sequences have been processed.
[bwa_aln_core] calculate SA coordinate... 38.66 sec
[bwa_aln_core] write to the disk... 0.04 sec
[bwa_aln_core] 11796480 sequences have been processed.
[bwa_aln_core] calculate SA coordinate... 38.86 sec
[bwa_aln_core] write to the disk... 0.04 sec
[bwa_aln_core] 12058624 sequences have been processed.
[bwa_aln_core] calculate SA coordinate... 45.66 sec
[bwa_aln_core] write to the disk... 0.05 sec
[bwa_aln_core] 12320768 sequences have been processed.
[bwa_aln_core] calculate SA coordinate... 53.43 sec
[bwa_aln_core] write to the disk... 0.06 sec
[bwa_aln_core] 12582912 sequences have been processed.
[bwa_aln_core] calculate SA coordinate... 54.07 sec
[bwa_aln_core] write to the disk... 0.05 sec
[bwa_aln_core] 12845056 sequences have been processed.
[bwa_aln_core] calculate SA coordinate... 53.67 sec
[bwa_aln_core] write to the disk... 0.04 sec
[bwa_aln_core] 13107200 sequences have been processed.
[bwa_aln_core] calculate SA coordinate... 53.96 sec
[bwa_aln_core] write to the disk... 0.04 sec
[bwa_aln_core] 13369344 sequences have been processed.
[bwa_aln_core] calculate SA coordinate... 56.00 sec
[bwa_aln_core] write to the disk... 0.04 sec
[bwa_aln_core] 13631488 sequences have been processed.
[bwa_aln_core] calculate SA coordinate... 55.26 sec
[bwa_aln_core] write to the disk... 0.03 sec
[bwa_aln_core] 13893632 sequences have been processed.
[bwa_aln_core] calculate SA coordinate... 53.78 sec
[bwa_aln_core] write to the disk... 0.04 sec
[bwa_aln_core] 14155776 sequences have been processed.
[bwa_aln_core] calculate SA coordinate... 57.24 sec
[bwa_aln_core] write to the disk... 0.05 sec
[bwa_aln_core] 14417920 sequences have been processed.
[bwa_aln_core] calculate SA coordinate... 51.39 sec
[bwa_aln_core] write to the disk... 0.05 sec
[bwa_aln_core] 14680064 sequences have been processed.
[bwa_aln_core] calculate SA coordinate... 46.02 sec
[bwa_aln_core] write to the disk... 0.04 sec
[bwa_aln_core] 14942208 sequences have been processed.
[bwa_aln_core] calculate SA coordinate... 57.80 sec
[bwa_aln_core] write to the disk... 0.06 sec
[bwa_aln_core] 15204352 sequences have been processed.
[bwa_aln_core] calculate SA coordinate... 44.77 sec
[bwa_aln_core] write to the disk... 0.05 sec
[bwa_aln_core] 15466496 sequences have been processed.
[bwa_aln_core] calculate SA coordinate... 49.31 sec
[bwa_aln_core] write to the disk... 0.05 sec
[bwa_aln_core] 15728640 sequences have been processed.
[bwa_aln_core] calculate SA coordinate... 45.39 sec
[bwa_aln_core] write to the disk... 0.05 sec
[bwa_aln_core] 15990784 sequences have been processed.
[bwa_aln_core] calculate SA coordinate... 42.11 sec
[bwa_aln_core] write to the disk... 0.05 sec
[bwa_aln_core] 16252928 sequences have been processed.
[bwa_aln_core] calculate SA coordinate... 49.25 sec
[bwa_aln_core] write to the disk... 0.04 sec
[bwa_aln_core] 16515072 sequences have been processed.
[bwa_aln_core] calculate SA coordinate... 51.39 sec
[bwa_aln_core] write to the disk... 0.06 sec
[bwa_aln_core] 16777216 sequences have been processed.
[bwa_aln_core] calculate SA coordinate... 50.69 sec
[bwa_aln_core] write to the disk... 0.04 sec
[bwa_aln_core] 17039360 sequences have been processed.
[bwa_aln_core] calculate SA coordinate... 50.21 sec
[bwa_aln_core] write to the disk... 0.05 sec
[bwa_aln_core] 17301504 sequences have been processed.
[bwa_aln_core] calculate SA coordinate... 45.46 sec
[bwa_aln_core] write to the disk... 0.04 sec
[bwa_aln_core] 17563648 sequences have been processed.
[bwa_aln_core] calculate SA coordinate... 53.41 sec
[bwa_aln_core] write to the disk... 0.06 sec
[bwa_aln_core] 17825792 sequences have been processed.
[bwa_aln_core] calculate SA coordinate... 52.46 sec
[bwa_aln_core] write to the disk... 0.04 sec
[bwa_aln_core] 18087936 sequences have been processed.
[bwa_aln_core] calculate SA coordinate... 46.28 sec
[bwa_aln_core] write to the disk... 0.06 sec
[bwa_aln_core] 18350080 sequences have been processed.
[bwa_aln_core] calculate SA coordinate... 46.83 sec
[bwa_aln_core] write to the disk... 0.05 sec
[bwa_aln_core] 18612224 sequences have been processed.
[bwa_aln_core] calculate SA coordinate... 42.76 sec
[bwa_aln_core] write to the disk... 0.05 sec
[bwa_aln_core] 18874368 sequences have been processed.
[bwa_aln_core] calculate SA coordinate... 44.94 sec
[bwa_aln_core] write to the disk... 0.04 sec
[bwa_aln_core] 19136512 sequences have been processed.
[bwa_aln_core] calculate SA coordinate... 46.48 sec
[bwa_aln_core] write to the disk... 0.05 sec
[bwa_aln_core] 19398656 sequences have been processed.
[bwa_aln_core] calculate SA coordinate... 45.39 sec
[bwa_aln_core] write to the disk... 0.04 sec
[bwa_aln_core] 19660800 sequences have been processed.
[bwa_aln_core] calculate SA coordinate... 45.13 sec
[bwa_aln_core] write to the disk... 0.06 sec
[bwa_aln_core] 19922944 sequences have been processed.
[bwa_aln_core] calculate SA coordinate... 37.72 sec
[bwa_aln_core] write to the disk... 0.06 sec
[bwa_aln_core] 20185088 sequences have been processed.
[bwa_aln_core] calculate SA coordinate... 38.43 sec
[bwa_aln_core] write to the disk... 0.05 sec
[bwa_aln_core] 20447232 sequences have been processed.
[bwa_aln_core] calculate SA coordinate... 43.09 sec
[bwa_aln_core] write to the disk... 0.04 sec
[bwa_aln_core] 20709376 sequences have been processed.
[bwa_aln_core] calculate SA coordinate... 43.88 sec
[bwa_aln_core] write to the disk... 0.05 sec
[bwa_aln_core] 20971520 sequences have been processed.
[bwa_aln_core] calculate SA coordinate... 46.12 sec
[bwa_aln_core] write to the disk... 0.05 sec
[bwa_aln_core] 21233664 sequences have been processed.
[bwa_aln_core] calculate SA coordinate... 43.78 sec
[bwa_aln_core] write to the disk... 0.06 sec
[bwa_aln_core] 21495808 sequences have been processed.
[bwa_aln_core] calculate SA coordinate... 12.65 sec
[bwa_aln_core] write to the disk... 0.01 sec
[bwa_aln_core] 21573266 sequences have been processed.
[main] Version: 0.6.2-r126
[main] CMD: bwa aln /workspace/hrabyc/HPInteraction/data/arabidopsis/index/Arabidopsis_gnomon_mRNA.fa /workspace/hrabyc/HPInteraction/data/arabidopsis/SRR641233.fastq
[main] Real time: 5549.273 sec; CPU: 5204.820 sec
[bwa_aln_core] convert to sequence coordinate... 14.77 sec
[bwa_aln_core] refine gapped alignments... 0.52 sec
[bwa_aln_core] print alignments... 1.07 sec
[bwa_aln_core] 262144 sequences have been processed.
[bwa_aln_core] convert to sequence coordinate... 2.22 sec
[bwa_aln_core] refine gapped alignments... 0.52 sec
[bwa_aln_core] print alignments... 1.13 sec
[bwa_aln_core] 524288 sequences have been processed.
[bwa_aln_core] convert to sequence coordinate... 2.17 sec
[bwa_aln_core] refine gapped alignments... 0.50 sec
[bwa_aln_core] print alignments... 1.07 sec
[bwa_aln_core] 786432 sequences have been processed.
[bwa_aln_core] convert to sequence coordinate... 2.10 sec
[bwa_aln_core] refine gapped alignments... 0.51 sec
[bwa_aln_core] print alignments... 1.07 sec
[bwa_aln_core] 1048576 sequences have been processed.
[bwa_aln_core] convert to sequence coordinate... 5.57 sec
[bwa_aln_core] refine gapped alignments... 0.53 sec
[bwa_aln_core] print alignments... 1.06 sec
[bwa_aln_core] 1310720 sequences have been processed.
[bwa_aln_core] convert to sequence coordinate... 4.48 sec
[bwa_aln_core] refine gapped alignments... 0.52 sec
[bwa_aln_core] print alignments... 1.13 sec
[bwa_aln_core] 1572864 sequences have been processed.
[bwa_aln_core] convert to sequence coordinate... 8.85 sec
[bwa_aln_core] refine gapped alignments... 0.52 sec
[bwa_aln_core] print alignments... 1.09 sec
[bwa_aln_core] 1835008 sequences have been processed.
[bwa_aln_core] convert to sequence coordinate... 2.70 sec
[bwa_aln_core] refine gapped alignments... 0.50 sec
[bwa_aln_core] print alignments... 1.09 sec
[bwa_aln_core] 2097152 sequences have been processed.
[bwa_aln_core] convert to sequence coordinate... 1.71 sec
[bwa_aln_core] refine gapped alignments... 0.50 sec
[bwa_aln_core] print alignments... 1.08 sec
[bwa_aln_core] 2359296 sequences have been processed.
[bwa_aln_core] convert to sequence coordinate... 1.65 sec
[bwa_aln_core] refine gapped alignments... 0.51 sec
[bwa_aln_core] print alignments... 1.05 sec
[bwa_aln_core] 2621440 sequences have been processed.
[bwa_aln_core] convert to sequence coordinate... 1.98 sec
[bwa_aln_core] refine gapped alignments... 0.58 sec
[bwa_aln_core] print alignments... 1.27 sec
[bwa_aln_core] 2883584 sequences have been processed.
[bwa_aln_core] convert to sequence coordinate... 2.07 sec
[bwa_aln_core] refine gapped alignments... 0.53 sec
[bwa_aln_core] print alignments... 1.08 sec
[bwa_aln_core] 3145728 sequences have been processed.
[bwa_aln_core] convert to sequence coordinate... 1.81 sec
[bwa_aln_core] refine gapped alignments... 0.53 sec
[bwa_aln_core] print alignments... 1.12 sec
[bwa_aln_core] 3407872 sequences have been processed.
[bwa_aln_core] convert to sequence coordinate... 1.86 sec
[bwa_aln_core] refine gapped alignments... 0.57 sec
[bwa_aln_core] print alignments... 1.10 sec
[bwa_aln_core] 3670016 sequences have been processed.
[bwa_aln_core] convert to sequence coordinate... 2.07 sec
[bwa_aln_core] refine gapped alignments... 0.53 sec
[bwa_aln_core] print alignments... 1.07 sec
[bwa_aln_core] 3932160 sequences have been processed.
[bwa_aln_core] convert to sequence coordinate... 2.19 sec
[bwa_aln_core] refine gapped alignments... 0.52 sec
[bwa_aln_core] print alignments... 1.13 sec
[bwa_aln_core] 4194304 sequences have been processed.
[bwa_aln_core] convert to sequence coordinate... 2.18 sec
[bwa_aln_core] refine gapped alignments... 0.55 sec
[bwa_aln_core] print alignments... 1.11 sec
[bwa_aln_core] 4456448 sequences have been processed.
[bwa_aln_core] convert to sequence coordinate... 2.19 sec
[bwa_aln_core] refine gapped alignments... 0.55 sec
[bwa_aln_core] print alignments... 1.12 sec
[bwa_aln_core] 4718592 sequences have been processed.
[bwa_aln_core] convert to sequence coordinate... 1.85 sec
[bwa_aln_core] refine gapped alignments... 0.55 sec
[bwa_aln_core] print alignments... 1.12 sec
[bwa_aln_core] 4980736 sequences have been processed.
[bwa_aln_core] convert to sequence coordinate... 1.69 sec
[bwa_aln_core] refine gapped alignments... 0.56 sec
[bwa_aln_core] print alignments... 1.19 sec
[bwa_aln_core] 5242880 sequences have been processed.
[bwa_aln_core] convert to sequence coordinate... 1.71 sec
[bwa_aln_core] refine gapped alignments... 0.56 sec
[bwa_aln_core] print alignments... 1.14 sec
[bwa_aln_core] 5505024 sequences have been processed.
[bwa_aln_core] convert to sequence coordinate... 2.04 sec
[bwa_aln_core] refine gapped alignments... 0.58 sec
[bwa_aln_core] print alignments... 1.21 sec
[bwa_aln_core] 5767168 sequences have been processed.
[bwa_aln_core] convert to sequence coordinate... 1.62 sec
[bwa_aln_core] refine gapped alignments... 0.51 sec
[bwa_aln_core] print alignments... 1.09 sec
[bwa_aln_core] 6029312 sequences have been processed.
[bwa_aln_core] convert to sequence coordinate... 2.05 sec
[bwa_aln_core] refine gapped alignments... 0.52 sec
[bwa_aln_core] print alignments... 1.09 sec
[bwa_aln_core] 6291456 sequences have been processed.
[bwa_aln_core] convert to sequence coordinate... 2.02 sec
[bwa_aln_core] refine gapped alignments... 0.50 sec
[bwa_aln_core] print alignments... 1.07 sec
[bwa_aln_core] 6553600 sequences have been processed.
[bwa_aln_core] convert to sequence coordinate... 1.53 sec
[bwa_aln_core] refine gapped alignments... 0.49 sec
[bwa_aln_core] print alignments... 1.05 sec
[bwa_aln_core] 6815744 sequences have been processed.
[bwa_aln_core] convert to sequence coordinate... 1.63 sec
[bwa_aln_core] refine gapped alignments... 0.50 sec
[bwa_aln_core] print alignments... 1.06 sec
[bwa_aln_core] 7077888 sequences have been processed.
[bwa_aln_core] convert to sequence coordinate... 1.55 sec
[bwa_aln_core] refine gapped alignments... 0.49 sec
[bwa_aln_core] print alignments... 1.02 sec
[bwa_aln_core] 7340032 sequences have been processed.
[bwa_aln_core] convert to sequence coordinate... 1.62 sec
[bwa_aln_core] refine gapped alignments... 0.49 sec
[bwa_aln_core] print alignments... 1.03 sec
[bwa_aln_core] 7602176 sequences have been processed.
[bwa_aln_core] convert to sequence coordinate... 1.99 sec
[bwa_aln_core] refine gapped alignments... 0.51 sec
[bwa_aln_core] print alignments... 1.07 sec
[bwa_aln_core] 7864320 sequences have been processed.
[bwa_aln_core] convert to sequence coordinate... 1.94 sec
[bwa_aln_core] refine gapped alignments... 0.51 sec
[bwa_aln_core] print alignments... 1.07 sec
[bwa_aln_core] 8126464 sequences have been processed.
[bwa_aln_core] convert to sequence coordinate... 4.15 sec
[bwa_aln_core] refine gapped alignments... 0.52 sec
[bwa_aln_core] print alignments... 1.11 sec
[bwa_aln_core] 8388608 sequences have been processed.
[bwa_aln_core] convert to sequence coordinate... 1.85 sec
[bwa_aln_core] refine gapped alignments... 0.51 sec
[bwa_aln_core] print alignments... 1.07 sec
[bwa_aln_core] 8650752 sequences have been processed.
[bwa_aln_core] convert to sequence coordinate... 2.14 sec
[bwa_aln_core] refine gapped alignments... 0.47 sec
[bwa_aln_core] print alignments... 1.01 sec
[bwa_aln_core] 8912896 sequences have been processed.
[bwa_aln_core] convert to sequence coordinate... 1.62 sec
[bwa_aln_core] refine gapped alignments... 0.48 sec
[bwa_aln_core] print alignments... 1.05 sec
[bwa_aln_core] 9175040 sequences have been processed.
[bwa_aln_core] convert to sequence coordinate... 2.14 sec
[bwa_aln_core] refine gapped alignments... 0.58 sec
[bwa_aln_core] print alignments... 1.25 sec
[bwa_aln_core] 9437184 sequences have been processed.
[bwa_aln_core] convert to sequence coordinate... 3.59 sec
[bwa_aln_core] refine gapped alignments... 0.57 sec
[bwa_aln_core] print alignments... 1.29 sec
[bwa_aln_core] 9699328 sequences have been processed.
[bwa_aln_core] convert to sequence coordinate... 2.04 sec
[bwa_aln_core] refine gapped alignments... 0.49 sec
[bwa_aln_core] print alignments... 1.09 sec
[bwa_aln_core] 9961472 sequences have been processed.
[bwa_aln_core] convert to sequence coordinate... 2.08 sec
[bwa_aln_core] refine gapped alignments... 0.52 sec
[bwa_aln_core] print alignments... 1.08 sec
[bwa_aln_core] 10223616 sequences have been processed.
[bwa_aln_core] convert to sequence coordinate... 1.79 sec
[bwa_aln_core] refine gapped alignments... 0.50 sec
[bwa_aln_core] print alignments... 1.05 sec
[bwa_aln_core] 10485760 sequences have been processed.
[bwa_aln_core] convert to sequence coordinate... 1.73 sec
[bwa_aln_core] refine gapped alignments... 0.60 sec
[bwa_aln_core] print alignments... 1.22 sec
[bwa_aln_core] 10747904 sequences have been processed.
[bwa_aln_core] convert to sequence coordinate... 2.00 sec
[bwa_aln_core] refine gapped alignments... 0.57 sec
[bwa_aln_core] print alignments... 1.15 sec
[bwa_aln_core] 11010048 sequences have been processed.
[bwa_aln_core] convert to sequence coordinate... 2.09 sec
[bwa_aln_core] refine gapped alignments... 0.51 sec
[bwa_aln_core] print alignments... 1.07 sec
[bwa_aln_core] 11272192 sequences have been processed.
[bwa_aln_core] convert to sequence coordinate... 2.09 sec
[bwa_aln_core] refine gapped alignments... 0.51 sec
[bwa_aln_core] print alignments... 1.09 sec
[bwa_aln_core] 11534336 sequences have been processed.
[bwa_aln_core] convert to sequence coordinate... 2.08 sec
[bwa_aln_core] refine gapped alignments... 0.51 sec
[bwa_aln_core] print alignments... 1.08 sec
[bwa_aln_core] 11796480 sequences have been processed.
[bwa_aln_core] convert to sequence coordinate... 2.09 sec
[bwa_aln_core] refine gapped alignments... 0.53 sec
[bwa_aln_core] print alignments... 1.09 sec
[bwa_aln_core] 12058624 sequences have been processed.
[bwa_aln_core] convert to sequence coordinate... 2.06 sec
[bwa_aln_core] refine gapped alignments... 0.51 sec
[bwa_aln_core] print alignments... 1.11 sec
[bwa_aln_core] 12320768 sequences have been processed.
[bwa_aln_core] convert to sequence coordinate... 1.67 sec
[bwa_aln_core] refine gapped alignments... 0.50 sec
[bwa_aln_core] print alignments... 1.06 sec
[bwa_aln_core] 12582912 sequences have been processed.
[bwa_aln_core] convert to sequence coordinate... 2.17 sec
[bwa_aln_core] refine gapped alignments... 0.54 sec
[bwa_aln_core] print alignments... 1.13 sec
[bwa_aln_core] 12845056 sequences have been processed.
[bwa_aln_core] convert to sequence coordinate... 7.05 sec
[bwa_aln_core] refine gapped alignments... 0.50 sec
[bwa_aln_core] print alignments... 1.09 sec
[bwa_aln_core] 13107200 sequences have been processed.
[bwa_aln_core] convert to sequence coordinate... 4.84 sec
[bwa_aln_core] refine gapped alignments... 0.54 sec
[bwa_aln_core] print alignments... 1.09 sec
[bwa_aln_core] 13369344 sequences have been processed.
[bwa_aln_core] convert to sequence coordinate... 2.82 sec
[bwa_aln_core] refine gapped alignments... 0.52 sec
[bwa_aln_core] print alignments... 1.07 sec
[bwa_aln_core] 13631488 sequences have been processed.
[bwa_aln_core] convert to sequence coordinate... 2.74 sec
[bwa_aln_core] refine gapped alignments... 0.52 sec
[bwa_aln_core] print alignments... 1.08 sec
[bwa_aln_core] 13893632 sequences have been processed.
[bwa_aln_core] convert to sequence coordinate... 2.07 sec
[bwa_aln_core] refine gapped alignments... 0.52 sec
[bwa_aln_core] print alignments... 1.07 sec
[bwa_aln_core] 14155776 sequences have been processed.
[bwa_aln_core] convert to sequence coordinate... 1.90 sec
[bwa_aln_core] refine gapped alignments... 0.60 sec
[bwa_aln_core] print alignments... 1.18 sec
[bwa_aln_core] 14417920 sequences have been processed.
[bwa_aln_core] convert to sequence coordinate... 7.55 sec
[bwa_aln_core] refine gapped alignments... 0.55 sec
[bwa_aln_core] print alignments... 1.07 sec
[bwa_aln_core] 14680064 sequences have been processed.
[bwa_aln_core] convert to sequence coordinate... 4.32 sec
[bwa_aln_core] refine gapped alignments... 0.54 sec
[bwa_aln_core] print alignments... 1.11 sec
[bwa_aln_core] 14942208 sequences have been processed.
[bwa_aln_core] convert to sequence coordinate... 4.96 sec
[bwa_aln_core] refine gapped alignments... 0.53 sec
[bwa_aln_core] print alignments... 1.07 sec
[bwa_aln_core] 15204352 sequences have been processed.
[bwa_aln_core] convert to sequence coordinate... 1.97 sec
[bwa_aln_core] refine gapped alignments... 0.51 sec
[bwa_aln_core] print alignments... 1.06 sec
[bwa_aln_core] 15466496 sequences have been processed.
[bwa_aln_core] convert to sequence coordinate... 13.73 sec
[bwa_aln_core] refine gapped alignments... 0.51 sec
[bwa_aln_core] print alignments... 1.05 sec
[bwa_aln_core] 15728640 sequences have been processed.
[bwa_aln_core] convert to sequence coordinate... 2.07 sec
[bwa_aln_core] refine gapped alignments... 0.50 sec
[bwa_aln_core] print alignments... 1.10 sec
[bwa_aln_core] 15990784 sequences have been processed.
[bwa_aln_core] convert to sequence coordinate... 1.91 sec
[bwa_aln_core] refine gapped alignments... 0.52 sec
[bwa_aln_core] print alignments... 1.13 sec
[bwa_aln_core] 16252928 sequences have been processed.
[bwa_aln_core] convert to sequence coordinate... 2.15 sec
[bwa_aln_core] refine gapped alignments... 0.52 sec
[bwa_aln_core] print alignments... 1.13 sec
[bwa_aln_core] 16515072 sequences have been processed.
[bwa_aln_core] convert to sequence coordinate... 2.01 sec
[bwa_aln_core] refine gapped alignments... 0.55 sec
[bwa_aln_core] print alignments... 1.12 sec
[bwa_aln_core] 16777216 sequences have been processed.
[bwa_aln_core] convert to sequence coordinate... 2.02 sec
[bwa_aln_core] refine gapped alignments... 0.54 sec
[bwa_aln_core] print alignments... 1.11 sec
[bwa_aln_core] 17039360 sequences have been processed.
[bwa_aln_core] convert to sequence coordinate... 2.05 sec
[bwa_aln_core] refine gapped alignments... 0.53 sec
[bwa_aln_core] print alignments... 1.10 sec
[bwa_aln_core] 17301504 sequences have been processed.
[bwa_aln_core] convert to sequence coordinate... 2.00 sec
[bwa_aln_core] refine gapped alignments... 0.53 sec
[bwa_aln_core] print alignments... 1.11 sec
[bwa_aln_core] 17563648 sequences have been processed.
[bwa_aln_core] convert to sequence coordinate... 1.94 sec
[bwa_aln_core] refine gapped alignments... 0.53 sec
[bwa_aln_core] print alignments... 1.10 sec
[bwa_aln_core] 17825792 sequences have been processed.
[bwa_aln_core] convert to sequence coordinate... 1.77 sec
[bwa_aln_core] refine gapped alignments... 0.48 sec
[bwa_aln_core] print alignments... 1.03 sec
[bwa_aln_core] 18087936 sequences have been processed.
[bwa_aln_core] convert to sequence coordinate... 1.86 sec
[bwa_aln_core] refine gapped alignments... 0.50 sec
[bwa_aln_core] print alignments... 1.06 sec
[bwa_aln_core] 18350080 sequences have been processed.
[bwa_aln_core] convert to sequence coordinate... 1.86 sec
[bwa_aln_core] refine gapped alignments... 0.51 sec
[bwa_aln_core] print alignments... 1.05 sec
[bwa_aln_core] 18612224 sequences have been processed.
[bwa_aln_core] convert to sequence coordinate... 1.81 sec
[bwa_aln_core] refine gapped alignments... 0.48 sec
[bwa_aln_core] print alignments... 1.04 sec
[bwa_aln_core] 18874368 sequences have been processed.
[bwa_aln_core] convert to sequence coordinate... 1.79 sec
[bwa_aln_core] refine gapped alignments... 0.49 sec
[bwa_aln_core] print alignments... 1.04 sec
[bwa_aln_core] 19136512 sequences have been processed.
[bwa_aln_core] convert to sequence coordinate... 1.81 sec
[bwa_aln_core] refine gapped alignments... 0.50 sec
[bwa_aln_core] print alignments... 1.04 sec
[bwa_aln_core] 19398656 sequences have been processed.
[bwa_aln_core] convert to sequence coordinate... 1.78 sec
[bwa_aln_core] refine gapped alignments... 0.50 sec
[bwa_aln_core] print alignments... 1.05 sec
[bwa_aln_core] 19660800 sequences have been processed.
[bwa_aln_core] convert to sequence coordinate... 2.21 sec
[bwa_aln_core] refine gapped alignments... 0.50 sec
[bwa_aln_core] print alignments... 1.04 sec
[bwa_aln_core] 19922944 sequences have been processed.
[bwa_aln_core] convert to sequence coordinate... 1.70 sec
[bwa_aln_core] refine gapped alignments... 0.57 sec
[bwa_aln_core] print alignments... 1.20 sec
[bwa_aln_core] 20185088 sequences have been processed.
[bwa_aln_core] convert to sequence coordinate... 1.77 sec
[bwa_aln_core] refine gapped alignments... 0.55 sec
[bwa_aln_core] print alignments... 1.21 sec
[bwa_aln_core] 20447232 sequences have been processed.
[bwa_aln_core] convert to sequence coordinate... 1.64 sec
[bwa_aln_core] refine gapped alignments... 0.51 sec
[bwa_aln_core] print alignments... 1.04 sec
[bwa_aln_core] 20709376 sequences have been processed.
[bwa_aln_core] convert to sequence coordinate... 1.90 sec
[bwa_aln_core] refine gapped alignments... 0.48 sec
[bwa_aln_core] print alignments... 1.03 sec
[bwa_aln_core] 20971520 sequences have been processed.
[bwa_aln_core] convert to sequence coordinate... 1.90 sec
[bwa_aln_core] refine gapped alignments... 0.48 sec
[bwa_aln_core] print alignments... 1.03 sec
[bwa_aln_core] 21233664 sequences have been processed.
[bwa_aln_core] convert to sequence coordinate... 2.18 sec
[bwa_aln_core] refine gapped alignments... 0.52 sec
[bwa_aln_core] print alignments... 1.07 sec
[bwa_aln_core] 21495808 sequences have been processed.
[bwa_aln_core] convert to sequence coordinate... 0.85 sec
[bwa_aln_core] refine gapped alignments... 0.15 sec
[bwa_aln_core] print alignments... 0.32 sec
[bwa_aln_core] 21573266 sequences have been processed.
[main] Version: 0.6.2-r126
[main] CMD: bwa samse /workspace/hrabyc/HPInteraction/data/arabidopsis/index/Arabidopsis_gnomon_mRNA.fa /workspace/hrabyc/HPInteraction/data/arabidopsis/SRR641233/SRR641233_1.sai /workspace/hrabyc/HPInteraction/data/arabidopsis//SRR641233.fastq
[main] Real time: 431.700 sec; CPU: 422.687 sec
