[bwa_aln] 17bp reads: max_diff = 2
[bwa_aln] 38bp reads: max_diff = 3
[bwa_aln] 64bp reads: max_diff = 4
[bwa_aln] 93bp reads: max_diff = 5
[bwa_aln] 124bp reads: max_diff = 6
[bwa_aln] 157bp reads: max_diff = 7
[bwa_aln] 190bp reads: max_diff = 8
[bwa_aln] 225bp reads: max_diff = 9
[bwa_aln_core] calculate SA coordinate... 53.48 sec
[bwa_aln_core] write to the disk... 0.05 sec
[bwa_aln_core] 262144 sequences have been processed.
[bwa_aln_core] calculate SA coordinate... 50.24 sec
[bwa_aln_core] write to the disk... 0.07 sec
[bwa_aln_core] 524288 sequences have been processed.
[bwa_aln_core] calculate SA coordinate... 40.01 sec
[bwa_aln_core] write to the disk... 0.05 sec
[bwa_aln_core] 786432 sequences have been processed.
[bwa_aln_core] calculate SA coordinate... 45.67 sec
[bwa_aln_core] write to the disk... 0.05 sec
[bwa_aln_core] 1048576 sequences have been processed.
[bwa_aln_core] calculate SA coordinate... 44.74 sec
[bwa_aln_core] write to the disk... 0.05 sec
[bwa_aln_core] 1310720 sequences have been processed.
[bwa_aln_core] calculate SA coordinate... 41.27 sec
[bwa_aln_core] write to the disk... 0.07 sec
[bwa_aln_core] 1572864 sequences have been processed.
[bwa_aln_core] calculate SA coordinate... 47.07 sec
[bwa_aln_core] write to the disk... 0.06 sec
[bwa_aln_core] 1835008 sequences have been processed.
[bwa_aln_core] calculate SA coordinate... 44.60 sec
[bwa_aln_core] write to the disk... 0.04 sec
[bwa_aln_core] 2097152 sequences have been processed.
[bwa_aln_core] calculate SA coordinate... 44.42 sec
[bwa_aln_core] write to the disk... 0.04 sec
[bwa_aln_core] 2359296 sequences have been processed.
[bwa_aln_core] calculate SA coordinate... 43.75 sec
[bwa_aln_core] write to the disk... 0.04 sec
[bwa_aln_core] 2621440 sequences have been processed.
[bwa_aln_core] calculate SA coordinate... 41.76 sec
[bwa_aln_core] write to the disk... 0.05 sec
[bwa_aln_core] 2883584 sequences have been processed.
[bwa_aln_core] calculate SA coordinate... 40.81 sec
[bwa_aln_core] write to the disk... 0.04 sec
[bwa_aln_core] 3145728 sequences have been processed.
[bwa_aln_core] calculate SA coordinate... 42.70 sec
[bwa_aln_core] write to the disk... 0.05 sec
[bwa_aln_core] 3407872 sequences have been processed.
[bwa_aln_core] calculate SA coordinate... 47.97 sec
[bwa_aln_core] write to the disk... 0.04 sec
[bwa_aln_core] 3670016 sequences have been processed.
[bwa_aln_core] calculate SA coordinate... 48.29 sec
[bwa_aln_core] write to the disk... 0.04 sec
[bwa_aln_core] 3932160 sequences have been processed.
[bwa_aln_core] calculate SA coordinate... 45.75 sec
[bwa_aln_core] write to the disk... 0.06 sec
[bwa_aln_core] 4194304 sequences have been processed.
[bwa_aln_core] calculate SA coordinate... 78.92 sec
[bwa_aln_core] write to the disk... 0.07 sec
[bwa_aln_core] 4456448 sequences have been processed.
[bwa_aln_core] calculate SA coordinate... 84.35 sec
[bwa_aln_core] write to the disk... 0.05 sec
[bwa_aln_core] 4718592 sequences have been processed.
[bwa_aln_core] calculate SA coordinate... 79.70 sec
[bwa_aln_core] write to the disk... 0.05 sec
[bwa_aln_core] 4980736 sequences have been processed.
[bwa_aln_core] calculate SA coordinate... 112.53 sec
[bwa_aln_core] write to the disk... 0.04 sec
[bwa_aln_core] 5242880 sequences have been processed.
[bwa_aln_core] calculate SA coordinate... 90.57 sec
[bwa_aln_core] write to the disk... 0.05 sec
[bwa_aln_core] 5505024 sequences have been processed.
[bwa_aln_core] calculate SA coordinate... 97.16 sec
[bwa_aln_core] write to the disk... 0.06 sec
[bwa_aln_core] 5767168 sequences have been processed.
[bwa_aln_core] calculate SA coordinate... 122.59 sec
[bwa_aln_core] write to the disk... 0.05 sec
[bwa_aln_core] 6029312 sequences have been processed.
[bwa_aln_core] calculate SA coordinate... 136.51 sec
[bwa_aln_core] write to the disk... 0.05 sec
[bwa_aln_core] 6291456 sequences have been processed.
[bwa_aln_core] calculate SA coordinate... 102.27 sec
[bwa_aln_core] write to the disk... 0.04 sec
[bwa_aln_core] 6553600 sequences have been processed.
[bwa_aln_core] calculate SA coordinate... 124.47 sec
[bwa_aln_core] write to the disk... 0.05 sec
[bwa_aln_core] 6815744 sequences have been processed.
[bwa_aln_core] calculate SA coordinate... 145.61 sec
[bwa_aln_core] write to the disk... 0.05 sec
[bwa_aln_core] 7077888 sequences have been processed.
[bwa_aln_core] calculate SA coordinate... 127.67 sec
[bwa_aln_core] write to the disk... 0.04 sec
[bwa_aln_core] 7340032 sequences have been processed.
[bwa_aln_core] calculate SA coordinate... 119.37 sec
[bwa_aln_core] write to the disk... 0.05 sec
[bwa_aln_core] 7602176 sequences have been processed.
[bwa_aln_core] calculate SA coordinate... 106.77 sec
[bwa_aln_core] write to the disk... 0.04 sec
[bwa_aln_core] 7864320 sequences have been processed.
[bwa_aln_core] calculate SA coordinate... 138.19 sec
[bwa_aln_core] write to the disk... 0.05 sec
[bwa_aln_core] 8126464 sequences have been processed.
[bwa_aln_core] calculate SA coordinate... 124.32 sec
[bwa_aln_core] write to the disk... 0.05 sec
[bwa_aln_core] 8388608 sequences have been processed.
[bwa_aln_core] calculate SA coordinate... 109.48 sec
[bwa_aln_core] write to the disk... 0.06 sec
[bwa_aln_core] 8650752 sequences have been processed.
[bwa_aln_core] calculate SA coordinate... 47.77 sec
[bwa_aln_core] write to the disk... 0.06 sec
[bwa_aln_core] 8912896 sequences have been processed.
[bwa_aln_core] calculate SA coordinate... 48.57 sec
[bwa_aln_core] write to the disk... 0.05 sec
[bwa_aln_core] 9175040 sequences have been processed.
[bwa_aln_core] calculate SA coordinate... 50.92 sec
[bwa_aln_core] write to the disk... 0.05 sec
[bwa_aln_core] 9437184 sequences have been processed.
[bwa_aln_core] calculate SA coordinate... 51.10 sec
[bwa_aln_core] write to the disk... 0.05 sec
[bwa_aln_core] 9699328 sequences have been processed.
[bwa_aln_core] calculate SA coordinate... 50.15 sec
[bwa_aln_core] write to the disk... 0.06 sec
[bwa_aln_core] 9961472 sequences have been processed.
[bwa_aln_core] calculate SA coordinate... 45.65 sec
[bwa_aln_core] write to the disk... 0.05 sec
[bwa_aln_core] 10223616 sequences have been processed.
[bwa_aln_core] calculate SA coordinate... 49.63 sec
[bwa_aln_core] write to the disk... 0.06 sec
[bwa_aln_core] 10485760 sequences have been processed.
[bwa_aln_core] calculate SA coordinate... 45.71 sec
[bwa_aln_core] write to the disk... 0.04 sec
[bwa_aln_core] 10747904 sequences have been processed.
[bwa_aln_core] calculate SA coordinate... 37.94 sec
[bwa_aln_core] write to the disk... 0.04 sec
[bwa_aln_core] 11010048 sequences have been processed.
[bwa_aln_core] calculate SA coordinate... 44.63 sec
[bwa_aln_core] write to the disk... 0.05 sec
[bwa_aln_core] 11272192 sequences have been processed.
[bwa_aln_core] calculate SA coordinate... 47.48 sec
[bwa_aln_core] write to the disk... 0.04 sec
[bwa_aln_core] 11534336 sequences have been processed.
[bwa_aln_core] calculate SA coordinate... 47.43 sec
[bwa_aln_core] write to the disk... 0.06 sec
[bwa_aln_core] 11796480 sequences have been processed.
[bwa_aln_core] calculate SA coordinate... 45.35 sec
[bwa_aln_core] write to the disk... 0.05 sec
[bwa_aln_core] 12058624 sequences have been processed.
[bwa_aln_core] calculate SA coordinate... 49.44 sec
[bwa_aln_core] write to the disk... 0.05 sec
[bwa_aln_core] 12320768 sequences have been processed.
[bwa_aln_core] calculate SA coordinate... 50.76 sec
[bwa_aln_core] write to the disk... 0.06 sec
[bwa_aln_core] 12582912 sequences have been processed.
[bwa_aln_core] calculate SA coordinate... 53.03 sec
[bwa_aln_core] write to the disk... 0.05 sec
[bwa_aln_core] 12845056 sequences have been processed.
[bwa_aln_core] calculate SA coordinate... 46.80 sec
[bwa_aln_core] write to the disk... 0.04 sec
[bwa_aln_core] 13107200 sequences have been processed.
[bwa_aln_core] calculate SA coordinate... 44.48 sec
[bwa_aln_core] write to the disk... 0.05 sec
[bwa_aln_core] 13369344 sequences have been processed.
[bwa_aln_core] calculate SA coordinate... 43.83 sec
[bwa_aln_core] write to the disk... 0.04 sec
[bwa_aln_core] 13631488 sequences have been processed.
[bwa_aln_core] calculate SA coordinate... 43.59 sec
[bwa_aln_core] write to the disk... 0.04 sec
[bwa_aln_core] 13893632 sequences have been processed.
[bwa_aln_core] calculate SA coordinate... 46.31 sec
[bwa_aln_core] write to the disk... 0.04 sec
[bwa_aln_core] 14155776 sequences have been processed.
[bwa_aln_core] calculate SA coordinate... 41.96 sec
[bwa_aln_core] write to the disk... 0.04 sec
[bwa_aln_core] 14417920 sequences have been processed.
[bwa_aln_core] calculate SA coordinate... 36.55 sec
[bwa_aln_core] write to the disk... 0.04 sec
[bwa_aln_core] 14680064 sequences have been processed.
[bwa_aln_core] calculate SA coordinate... 64.42 sec
[bwa_aln_core] write to the disk... 0.05 sec
[bwa_aln_core] 14942208 sequences have been processed.
[bwa_aln_core] calculate SA coordinate... 52.38 sec
[bwa_aln_core] write to the disk... 0.05 sec
[bwa_aln_core] 15204352 sequences have been processed.
[bwa_aln_core] calculate SA coordinate... 48.64 sec
[bwa_aln_core] write to the disk... 0.04 sec
[bwa_aln_core] 15466496 sequences have been processed.
[bwa_aln_core] calculate SA coordinate... 48.75 sec
[bwa_aln_core] write to the disk... 0.04 sec
[bwa_aln_core] 15728640 sequences have been processed.
[bwa_aln_core] calculate SA coordinate... 50.17 sec
[bwa_aln_core] write to the disk... 0.05 sec
[bwa_aln_core] 15990784 sequences have been processed.
[bwa_aln_core] calculate SA coordinate... 40.42 sec
[bwa_aln_core] write to the disk... 0.05 sec
[bwa_aln_core] 16252928 sequences have been processed.
[bwa_aln_core] calculate SA coordinate... 42.79 sec
[bwa_aln_core] write to the disk... 0.04 sec
[bwa_aln_core] 16515072 sequences have been processed.
[bwa_aln_core] calculate SA coordinate... 41.41 sec
[bwa_aln_core] write to the disk... 0.04 sec
[bwa_aln_core] 16777216 sequences have been processed.
[bwa_aln_core] calculate SA coordinate... 39.66 sec
[bwa_aln_core] write to the disk... 0.04 sec
[bwa_aln_core] 17039360 sequences have been processed.
[bwa_aln_core] calculate SA coordinate... 36.54 sec
[bwa_aln_core] write to the disk... 0.04 sec
[bwa_aln_core] 17301504 sequences have been processed.
[bwa_aln_core] calculate SA coordinate... 54.75 sec
[bwa_aln_core] write to the disk... 0.05 sec
[bwa_aln_core] 17563648 sequences have been processed.
[bwa_aln_core] calculate SA coordinate... 48.36 sec
[bwa_aln_core] write to the disk... 0.05 sec
[bwa_aln_core] 17825792 sequences have been processed.
[bwa_aln_core] calculate SA coordinate... 36.97 sec
[bwa_aln_core] write to the disk... 0.05 sec
[bwa_aln_core] 18087936 sequences have been processed.
[bwa_aln_core] calculate SA coordinate... 46.03 sec
[bwa_aln_core] write to the disk... 0.07 sec
[bwa_aln_core] 18350080 sequences have been processed.
[bwa_aln_core] calculate SA coordinate... 43.74 sec
[bwa_aln_core] write to the disk... 0.05 sec
[bwa_aln_core] 18612224 sequences have been processed.
[bwa_aln_core] calculate SA coordinate... 45.71 sec
[bwa_aln_core] write to the disk... 0.05 sec
[bwa_aln_core] 18874368 sequences have been processed.
[bwa_aln_core] calculate SA coordinate... 43.95 sec
[bwa_aln_core] write to the disk... 0.06 sec
[bwa_aln_core] 19136512 sequences have been processed.
[bwa_aln_core] calculate SA coordinate... 45.82 sec
[bwa_aln_core] write to the disk... 0.06 sec
[bwa_aln_core] 19398656 sequences have been processed.
[bwa_aln_core] calculate SA coordinate... 43.72 sec
[bwa_aln_core] write to the disk... 0.05 sec
[bwa_aln_core] 19660800 sequences have been processed.
[bwa_aln_core] calculate SA coordinate... 45.82 sec
[bwa_aln_core] write to the disk... 0.04 sec
[bwa_aln_core] 19922944 sequences have been processed.
[bwa_aln_core] calculate SA coordinate... 45.60 sec
[bwa_aln_core] write to the disk... 0.05 sec
[bwa_aln_core] 20185088 sequences have been processed.
[bwa_aln_core] calculate SA coordinate... 46.03 sec
[bwa_aln_core] write to the disk... 0.05 sec
[bwa_aln_core] 20447232 sequences have been processed.
[bwa_aln_core] calculate SA coordinate... 44.44 sec
[bwa_aln_core] write to the disk... 0.05 sec
[bwa_aln_core] 20709376 sequences have been processed.
[bwa_aln_core] calculate SA coordinate... 45.82 sec
[bwa_aln_core] write to the disk... 0.06 sec
[bwa_aln_core] 20971520 sequences have been processed.
[bwa_aln_core] calculate SA coordinate... 43.13 sec
[bwa_aln_core] write to the disk... 0.05 sec
[bwa_aln_core] 21220312 sequences have been processed.
[main] Version: 0.6.2-r126
[main] CMD: bwa aln /workspace/hrabyc/HPInteraction/data/arabidopsis/index/Arabidopsis_gnomon_mRNA.fa /workspace/hrabyc/HPInteraction/data/arabidopsis/SRR641225.fastq
[main] Real time: 5345.957 sec; CPU: 4993.753 sec
[bwa_aln_core] convert to sequence coordinate... 1.68 sec
[bwa_aln_core] refine gapped alignments... 0.46 sec
[bwa_aln_core] print alignments... 1.17 sec
[bwa_aln_core] 262144 sequences have been processed.
[bwa_aln_core] convert to sequence coordinate... 2.05 sec
[bwa_aln_core] refine gapped alignments... 0.49 sec
[bwa_aln_core] print alignments... 1.25 sec
[bwa_aln_core] 524288 sequences have been processed.
[bwa_aln_core] convert to sequence coordinate... 2.12 sec
[bwa_aln_core] refine gapped alignments... 0.56 sec
[bwa_aln_core] print alignments... 1.23 sec
[bwa_aln_core] 786432 sequences have been processed.
[bwa_aln_core] convert to sequence coordinate... 2.29 sec
[bwa_aln_core] refine gapped alignments... 0.54 sec
[bwa_aln_core] print alignments... 1.18 sec
[bwa_aln_core] 1048576 sequences have been processed.
[bwa_aln_core] convert to sequence coordinate... 1.69 sec
[bwa_aln_core] refine gapped alignments... 0.53 sec
[bwa_aln_core] print alignments... 1.24 sec
[bwa_aln_core] 1310720 sequences have been processed.
[bwa_aln_core] convert to sequence coordinate... 1.59 sec
[bwa_aln_core] refine gapped alignments... 0.47 sec
[bwa_aln_core] print alignments... 1.06 sec
[bwa_aln_core] 1572864 sequences have been processed.
[bwa_aln_core] convert to sequence coordinate... 2.05 sec
[bwa_aln_core] refine gapped alignments... 0.50 sec
[bwa_aln_core] print alignments... 1.07 sec
[bwa_aln_core] 1835008 sequences have been processed.
[bwa_aln_core] convert to sequence coordinate... 2.55 sec
[bwa_aln_core] refine gapped alignments... 0.52 sec
[bwa_aln_core] print alignments... 1.11 sec
[bwa_aln_core] 2097152 sequences have been processed.
[bwa_aln_core] convert to sequence coordinate... 1.95 sec
[bwa_aln_core] refine gapped alignments... 0.50 sec
[bwa_aln_core] print alignments... 1.10 sec
[bwa_aln_core] 2359296 sequences have been processed.
[bwa_aln_core] convert to sequence coordinate... 2.19 sec
[bwa_aln_core] refine gapped alignments... 0.51 sec
[bwa_aln_core] print alignments... 1.19 sec
[bwa_aln_core] 2621440 sequences have been processed.
[bwa_aln_core] convert to sequence coordinate... 2.13 sec
[bwa_aln_core] refine gapped alignments... 0.50 sec
[bwa_aln_core] print alignments... 1.17 sec
[bwa_aln_core] 2883584 sequences have been processed.
[bwa_aln_core] convert to sequence coordinate... 2.16 sec
[bwa_aln_core] refine gapped alignments... 0.51 sec
[bwa_aln_core] print alignments... 1.15 sec
[bwa_aln_core] 3145728 sequences have been processed.
[bwa_aln_core] convert to sequence coordinate... 2.11 sec
[bwa_aln_core] refine gapped alignments... 0.49 sec
[bwa_aln_core] print alignments... 1.11 sec
[bwa_aln_core] 3407872 sequences have been processed.
[bwa_aln_core] convert to sequence coordinate... 2.14 sec
[bwa_aln_core] refine gapped alignments... 0.52 sec
[bwa_aln_core] print alignments... 1.09 sec
[bwa_aln_core] 3670016 sequences have been processed.
[bwa_aln_core] convert to sequence coordinate... 2.10 sec
[bwa_aln_core] refine gapped alignments... 0.47 sec
[bwa_aln_core] print alignments... 1.10 sec
[bwa_aln_core] 3932160 sequences have been processed.
[bwa_aln_core] convert to sequence coordinate... 2.23 sec
[bwa_aln_core] refine gapped alignments... 0.50 sec
[bwa_aln_core] print alignments... 1.11 sec
[bwa_aln_core] 4194304 sequences have been processed.
[bwa_aln_core] convert to sequence coordinate... 2.23 sec
[bwa_aln_core] refine gapped alignments... 0.54 sec
[bwa_aln_core] print alignments... 1.14 sec
[bwa_aln_core] 4456448 sequences have been processed.
[bwa_aln_core] convert to sequence coordinate... 1.67 sec
[bwa_aln_core] refine gapped alignments... 0.53 sec
[bwa_aln_core] print alignments... 1.15 sec
[bwa_aln_core] 4718592 sequences have been processed.
[bwa_aln_core] convert to sequence coordinate... 2.17 sec
[bwa_aln_core] refine gapped alignments... 0.49 sec
[bwa_aln_core] print alignments... 1.16 sec
[bwa_aln_core] 4980736 sequences have been processed.
[bwa_aln_core] convert to sequence coordinate... 3.22 sec
[bwa_aln_core] refine gapped alignments... 0.55 sec
[bwa_aln_core] print alignments... 1.20 sec
[bwa_aln_core] 5242880 sequences have been processed.
[bwa_aln_core] convert to sequence coordinate... 3.60 sec
[bwa_aln_core] refine gapped alignments... 0.54 sec
[bwa_aln_core] print alignments... 1.18 sec
[bwa_aln_core] 5505024 sequences have been processed.
[bwa_aln_core] convert to sequence coordinate... 2.05 sec
[bwa_aln_core] refine gapped alignments... 0.53 sec
[bwa_aln_core] print alignments... 1.18 sec
[bwa_aln_core] 5767168 sequences have been processed.
[bwa_aln_core] convert to sequence coordinate... 2.07 sec
[bwa_aln_core] refine gapped alignments... 0.54 sec
[bwa_aln_core] print alignments... 1.20 sec
[bwa_aln_core] 6029312 sequences have been processed.
[bwa_aln_core] convert to sequence coordinate... 2.05 sec
[bwa_aln_core] refine gapped alignments... 0.54 sec
[bwa_aln_core] print alignments... 1.16 sec
[bwa_aln_core] 6291456 sequences have been processed.
[bwa_aln_core] convert to sequence coordinate... 2.96 sec
[bwa_aln_core] refine gapped alignments... 0.50 sec
[bwa_aln_core] print alignments... 1.05 sec
[bwa_aln_core] 6553600 sequences have been processed.
[bwa_aln_core] convert to sequence coordinate... 1.61 sec
[bwa_aln_core] refine gapped alignments... 0.50 sec
[bwa_aln_core] print alignments... 1.05 sec
[bwa_aln_core] 6815744 sequences have been processed.
[bwa_aln_core] convert to sequence coordinate... 1.50 sec
[bwa_aln_core] refine gapped alignments... 0.49 sec
[bwa_aln_core] print alignments... 1.09 sec
[bwa_aln_core] 7077888 sequences have been processed.
[bwa_aln_core] convert to sequence coordinate... 1.68 sec
[bwa_aln_core] refine gapped alignments... 0.50 sec
[bwa_aln_core] print alignments... 1.12 sec
[bwa_aln_core] 7340032 sequences have been processed.
[bwa_aln_core] convert to sequence coordinate... 2.07 sec
[bwa_aln_core] refine gapped alignments... 0.49 sec
[bwa_aln_core] print alignments... 1.12 sec
[bwa_aln_core] 7602176 sequences have been processed.
[bwa_aln_core] convert to sequence coordinate... 1.72 sec
[bwa_aln_core] refine gapped alignments... 0.52 sec
[bwa_aln_core] print alignments... 1.11 sec
[bwa_aln_core] 7864320 sequences have been processed.
[bwa_aln_core] convert to sequence coordinate... 1.63 sec
[bwa_aln_core] refine gapped alignments... 0.49 sec
[bwa_aln_core] print alignments... 1.11 sec
[bwa_aln_core] 8126464 sequences have been processed.
[bwa_aln_core] convert to sequence coordinate... 2.10 sec
[bwa_aln_core] refine gapped alignments... 0.51 sec
[bwa_aln_core] print alignments... 1.13 sec
[bwa_aln_core] 8388608 sequences have been processed.
[bwa_aln_core] convert to sequence coordinate... 2.12 sec
[bwa_aln_core] refine gapped alignments... 0.51 sec
[bwa_aln_core] print alignments... 1.13 sec
[bwa_aln_core] 8650752 sequences have been processed.
[bwa_aln_core] convert to sequence coordinate... 1.95 sec
[bwa_aln_core] refine gapped alignments... 0.45 sec
[bwa_aln_core] print alignments... 1.01 sec
[bwa_aln_core] 8912896 sequences have been processed.
[bwa_aln_core] convert to sequence coordinate... 2.11 sec
[bwa_aln_core] refine gapped alignments... 0.48 sec
[bwa_aln_core] print alignments... 1.10 sec
[bwa_aln_core] 9175040 sequences have been processed.
[bwa_aln_core] convert to sequence coordinate... 2.19 sec
[bwa_aln_core] refine gapped alignments... 0.49 sec
[bwa_aln_core] print alignments... 1.14 sec
[bwa_aln_core] 9437184 sequences have been processed.
[bwa_aln_core] convert to sequence coordinate... 2.17 sec
[bwa_aln_core] refine gapped alignments... 0.54 sec
[bwa_aln_core] print alignments... 1.23 sec
[bwa_aln_core] 9699328 sequences have been processed.
[bwa_aln_core] convert to sequence coordinate... 1.65 sec
[bwa_aln_core] refine gapped alignments... 0.55 sec
[bwa_aln_core] print alignments... 1.21 sec
[bwa_aln_core] 9961472 sequences have been processed.
[bwa_aln_core] convert to sequence coordinate... 1.73 sec
[bwa_aln_core] refine gapped alignments... 0.56 sec
[bwa_aln_core] print alignments... 1.13 sec
[bwa_aln_core] 10223616 sequences have been processed.
[bwa_aln_core] convert to sequence coordinate... 1.75 sec
[bwa_aln_core] refine gapped alignments... 0.56 sec
[bwa_aln_core] print alignments... 1.11 sec
[bwa_aln_core] 10485760 sequences have been processed.
[bwa_aln_core] convert to sequence coordinate... 2.09 sec
[bwa_aln_core] refine gapped alignments... 0.50 sec
[bwa_aln_core] print alignments... 1.11 sec
[bwa_aln_core] 10747904 sequences have been processed.
[bwa_aln_core] convert to sequence coordinate... 9.60 sec
[bwa_aln_core] refine gapped alignments... 0.52 sec
[bwa_aln_core] print alignments... 1.13 sec
[bwa_aln_core] 11010048 sequences have been processed.
[bwa_aln_core] convert to sequence coordinate... 2.13 sec
[bwa_aln_core] refine gapped alignments... 0.51 sec
[bwa_aln_core] print alignments... 1.11 sec
[bwa_aln_core] 11272192 sequences have been processed.
[bwa_aln_core] convert to sequence coordinate... 2.15 sec
[bwa_aln_core] refine gapped alignments... 0.49 sec
[bwa_aln_core] print alignments... 1.07 sec
[bwa_aln_core] 11534336 sequences have been processed.
[bwa_aln_core] convert to sequence coordinate... 2.10 sec
[bwa_aln_core] refine gapped alignments... 0.50 sec
[bwa_aln_core] print alignments... 1.09 sec
[bwa_aln_core] 11796480 sequences have been processed.
[bwa_aln_core] convert to sequence coordinate... 2.58 sec
[bwa_aln_core] refine gapped alignments... 0.49 sec
[bwa_aln_core] print alignments... 1.07 sec
[bwa_aln_core] 12058624 sequences have been processed.
[bwa_aln_core] convert to sequence coordinate... 5.28 sec
[bwa_aln_core] refine gapped alignments... 0.54 sec
[bwa_aln_core] print alignments... 1.11 sec
[bwa_aln_core] 12320768 sequences have been processed.
[bwa_aln_core] convert to sequence coordinate... 2.13 sec
[bwa_aln_core] refine gapped alignments... 0.50 sec
[bwa_aln_core] print alignments... 1.12 sec
[bwa_aln_core] 12582912 sequences have been processed.
[bwa_aln_core] convert to sequence coordinate... 7.25 sec
[bwa_aln_core] refine gapped alignments... 0.51 sec
[bwa_aln_core] print alignments... 1.14 sec
[bwa_aln_core] 12845056 sequences have been processed.
[bwa_aln_core] convert to sequence coordinate... 4.07 sec
[bwa_aln_core] refine gapped alignments... 0.50 sec
[bwa_aln_core] print alignments... 1.13 sec
[bwa_aln_core] 13107200 sequences have been processed.
[bwa_aln_core] convert to sequence coordinate... 2.10 sec
[bwa_aln_core] refine gapped alignments... 0.49 sec
[bwa_aln_core] print alignments... 1.07 sec
[bwa_aln_core] 13369344 sequences have been processed.
[bwa_aln_core] convert to sequence coordinate... 2.32 sec
[bwa_aln_core] refine gapped alignments... 0.52 sec
[bwa_aln_core] print alignments... 1.10 sec
[bwa_aln_core] 13631488 sequences have been processed.
[bwa_aln_core] convert to sequence coordinate... 1.76 sec
[bwa_aln_core] refine gapped alignments... 0.50 sec
[bwa_aln_core] print alignments... 1.07 sec
[bwa_aln_core] 13893632 sequences have been processed.
[bwa_aln_core] convert to sequence coordinate... 2.01 sec
[bwa_aln_core] refine gapped alignments... 0.49 sec
[bwa_aln_core] print alignments... 1.11 sec
[bwa_aln_core] 14155776 sequences have been processed.
[bwa_aln_core] convert to sequence coordinate... 2.08 sec
[bwa_aln_core] refine gapped alignments... 0.50 sec
[bwa_aln_core] print alignments... 1.14 sec
[bwa_aln_core] 14417920 sequences have been processed.
[bwa_aln_core] convert to sequence coordinate... 2.25 sec
[bwa_aln_core] refine gapped alignments... 0.50 sec
[bwa_aln_core] print alignments... 1.09 sec
[bwa_aln_core] 14680064 sequences have been processed.
[bwa_aln_core] convert to sequence coordinate... 2.12 sec
[bwa_aln_core] refine gapped alignments... 0.51 sec
[bwa_aln_core] print alignments... 1.10 sec
[bwa_aln_core] 14942208 sequences have been processed.
[bwa_aln_core] convert to sequence coordinate... 1.78 sec
[bwa_aln_core] refine gapped alignments... 0.52 sec
[bwa_aln_core] print alignments... 1.07 sec
[bwa_aln_core] 15204352 sequences have been processed.
[bwa_aln_core] convert to sequence coordinate... 1.92 sec
[bwa_aln_core] refine gapped alignments... 0.50 sec
[bwa_aln_core] print alignments... 1.11 sec
[bwa_aln_core] 15466496 sequences have been processed.
[bwa_aln_core] convert to sequence coordinate... 1.80 sec
[bwa_aln_core] refine gapped alignments... 0.50 sec
[bwa_aln_core] print alignments... 1.11 sec
[bwa_aln_core] 15728640 sequences have been processed.
[bwa_aln_core] convert to sequence coordinate... 2.07 sec
[bwa_aln_core] refine gapped alignments... 0.50 sec
[bwa_aln_core] print alignments... 1.05 sec
[bwa_aln_core] 15990784 sequences have been processed.
[bwa_aln_core] convert to sequence coordinate... 1.64 sec
[bwa_aln_core] refine gapped alignments... 0.49 sec
[bwa_aln_core] print alignments... 1.06 sec
[bwa_aln_core] 16252928 sequences have been processed.
[bwa_aln_core] convert to sequence coordinate... 1.62 sec
[bwa_aln_core] refine gapped alignments... 0.49 sec
[bwa_aln_core] print alignments... 1.12 sec
[bwa_aln_core] 16515072 sequences have been processed.
[bwa_aln_core] convert to sequence coordinate... 1.70 sec
[bwa_aln_core] refine gapped alignments... 0.49 sec
[bwa_aln_core] print alignments... 1.08 sec
[bwa_aln_core] 16777216 sequences have been processed.
[bwa_aln_core] convert to sequence coordinate... 1.77 sec
[bwa_aln_core] refine gapped alignments... 0.51 sec
[bwa_aln_core] print alignments... 1.13 sec
[bwa_aln_core] 17039360 sequences have been processed.
[bwa_aln_core] convert to sequence coordinate... 1.76 sec
[bwa_aln_core] refine gapped alignments... 0.48 sec
[bwa_aln_core] print alignments... 1.06 sec
[bwa_aln_core] 17301504 sequences have been processed.
[bwa_aln_core] convert to sequence coordinate... 1.63 sec
[bwa_aln_core] refine gapped alignments... 0.48 sec
[bwa_aln_core] print alignments... 1.09 sec
[bwa_aln_core] 17563648 sequences have been processed.
[bwa_aln_core] convert to sequence coordinate... 2.05 sec
[bwa_aln_core] refine gapped alignments... 0.52 sec
[bwa_aln_core] print alignments... 1.19 sec
[bwa_aln_core] 17825792 sequences have been processed.
[bwa_aln_core] convert to sequence coordinate... 2.02 sec
[bwa_aln_core] refine gapped alignments... 0.57 sec
[bwa_aln_core] print alignments... 1.22 sec
[bwa_aln_core] 18087936 sequences have been processed.
[bwa_aln_core] convert to sequence coordinate... 2.00 sec
[bwa_aln_core] refine gapped alignments... 0.53 sec
[bwa_aln_core] print alignments... 1.10 sec
[bwa_aln_core] 18350080 sequences have been processed.
[bwa_aln_core] convert to sequence coordinate... 1.99 sec
[bwa_aln_core] refine gapped alignments... 0.49 sec
[bwa_aln_core] print alignments... 1.08 sec
[bwa_aln_core] 18612224 sequences have been processed.
[bwa_aln_core] convert to sequence coordinate... 2.00 sec
[bwa_aln_core] refine gapped alignments... 0.49 sec
[bwa_aln_core] print alignments... 1.09 sec
[bwa_aln_core] 18874368 sequences have been processed.
[bwa_aln_core] convert to sequence coordinate... 2.05 sec
[bwa_aln_core] refine gapped alignments... 0.48 sec
[bwa_aln_core] print alignments... 1.04 sec
[bwa_aln_core] 19136512 sequences have been processed.
[bwa_aln_core] convert to sequence coordinate... 2.58 sec
[bwa_aln_core] refine gapped alignments... 0.49 sec
[bwa_aln_core] print alignments... 1.06 sec
[bwa_aln_core] 19398656 sequences have been processed.
[bwa_aln_core] convert to sequence coordinate... 2.02 sec
[bwa_aln_core] refine gapped alignments... 0.49 sec
[bwa_aln_core] print alignments... 1.08 sec
[bwa_aln_core] 19660800 sequences have been processed.
[bwa_aln_core] convert to sequence coordinate... 2.43 sec
[bwa_aln_core] refine gapped alignments... 0.49 sec
[bwa_aln_core] print alignments... 1.05 sec
[bwa_aln_core] 19922944 sequences have been processed.
[bwa_aln_core] convert to sequence coordinate... 1.68 sec
[bwa_aln_core] refine gapped alignments... 0.47 sec
[bwa_aln_core] print alignments... 1.25 sec
[bwa_aln_core] 20185088 sequences have been processed.
[bwa_aln_core] convert to sequence coordinate... 2.03 sec
[bwa_aln_core] refine gapped alignments... 0.54 sec
[bwa_aln_core] print alignments... 1.12 sec
[bwa_aln_core] 20447232 sequences have been processed.
[bwa_aln_core] convert to sequence coordinate... 1.76 sec
[bwa_aln_core] refine gapped alignments... 0.46 sec
[bwa_aln_core] print alignments... 1.05 sec
[bwa_aln_core] 20709376 sequences have been processed.
[bwa_aln_core] convert to sequence coordinate... 1.98 sec
[bwa_aln_core] refine gapped alignments... 0.48 sec
[bwa_aln_core] print alignments... 1.08 sec
[bwa_aln_core] 20971520 sequences have been processed.
[bwa_aln_core] convert to sequence coordinate... 1.96 sec
[bwa_aln_core] refine gapped alignments... 0.47 sec
[bwa_aln_core] print alignments... 1.01 sec
[bwa_aln_core] 21220312 sequences have been processed.
[main] Version: 0.6.2-r126
[main] CMD: bwa samse /workspace/hrabyc/HPInteraction/data/arabidopsis/index/Arabidopsis_gnomon_mRNA.fa /workspace/hrabyc/HPInteraction/data/arabidopsis/SRR641225/SRR641225_1.sai /workspace/hrabyc/HPInteraction/data/arabidopsis//SRR641225.fastq
[main] Real time: 408.801 sec; CPU: 382.397 sec
