[bwa_aln] 17bp reads: max_diff = 2
[bwa_aln] 38bp reads: max_diff = 3
[bwa_aln] 64bp reads: max_diff = 4
[bwa_aln] 93bp reads: max_diff = 5
[bwa_aln] 124bp reads: max_diff = 6
[bwa_aln] 157bp reads: max_diff = 7
[bwa_aln] 190bp reads: max_diff = 8
[bwa_aln] 225bp reads: max_diff = 9
[bwa_aln_core] calculate SA coordinate... 54.53 sec
[bwa_aln_core] write to the disk... 0.05 sec
[bwa_aln_core] 262144 sequences have been processed.
[bwa_aln_core] calculate SA coordinate... 50.35 sec
[bwa_aln_core] write to the disk... 0.05 sec
[bwa_aln_core] 524288 sequences have been processed.
[bwa_aln_core] calculate SA coordinate... 52.42 sec
[bwa_aln_core] write to the disk... 0.05 sec
[bwa_aln_core] 786432 sequences have been processed.
[bwa_aln_core] calculate SA coordinate... 51.75 sec
[bwa_aln_core] write to the disk... 0.05 sec
[bwa_aln_core] 1048576 sequences have been processed.
[bwa_aln_core] calculate SA coordinate... 53.69 sec
[bwa_aln_core] write to the disk... 0.05 sec
[bwa_aln_core] 1310720 sequences have been processed.
[bwa_aln_core] calculate SA coordinate... 56.65 sec
[bwa_aln_core] write to the disk... 0.04 sec
[bwa_aln_core] 1572864 sequences have been processed.
[bwa_aln_core] calculate SA coordinate... 51.84 sec
[bwa_aln_core] write to the disk... 0.05 sec
[bwa_aln_core] 1835008 sequences have been processed.
[bwa_aln_core] calculate SA coordinate... 51.93 sec
[bwa_aln_core] write to the disk... 0.04 sec
[bwa_aln_core] 2097152 sequences have been processed.
[bwa_aln_core] calculate SA coordinate... 54.29 sec
[bwa_aln_core] write to the disk... 0.04 sec
[bwa_aln_core] 2359296 sequences have been processed.
[bwa_aln_core] calculate SA coordinate... 52.43 sec
[bwa_aln_core] write to the disk... 0.04 sec
[bwa_aln_core] 2621440 sequences have been processed.
[bwa_aln_core] calculate SA coordinate... 52.59 sec
[bwa_aln_core] write to the disk... 0.05 sec
[bwa_aln_core] 2883584 sequences have been processed.
[bwa_aln_core] calculate SA coordinate... 55.38 sec
[bwa_aln_core] write to the disk... 0.05 sec
[bwa_aln_core] 3145728 sequences have been processed.
[bwa_aln_core] calculate SA coordinate... 53.99 sec
[bwa_aln_core] write to the disk... 0.05 sec
[bwa_aln_core] 3407872 sequences have been processed.
[bwa_aln_core] calculate SA coordinate... 51.93 sec
[bwa_aln_core] write to the disk... 0.05 sec
[bwa_aln_core] 3670016 sequences have been processed.
[bwa_aln_core] calculate SA coordinate... 51.87 sec
[bwa_aln_core] write to the disk... 0.04 sec
[bwa_aln_core] 3932160 sequences have been processed.
[bwa_aln_core] calculate SA coordinate... 50.85 sec
[bwa_aln_core] write to the disk... 0.05 sec
[bwa_aln_core] 4194304 sequences have been processed.
[bwa_aln_core] calculate SA coordinate... 52.16 sec
[bwa_aln_core] write to the disk... 0.05 sec
[bwa_aln_core] 4456448 sequences have been processed.
[bwa_aln_core] calculate SA coordinate... 53.37 sec
[bwa_aln_core] write to the disk... 0.05 sec
[bwa_aln_core] 4718592 sequences have been processed.
[bwa_aln_core] calculate SA coordinate... 52.44 sec
[bwa_aln_core] write to the disk... 0.04 sec
[bwa_aln_core] 4980736 sequences have been processed.
[bwa_aln_core] calculate SA coordinate... 50.51 sec
[bwa_aln_core] write to the disk... 0.05 sec
[bwa_aln_core] 5242880 sequences have been processed.
[bwa_aln_core] calculate SA coordinate... 43.88 sec
[bwa_aln_core] write to the disk... 0.06 sec
[bwa_aln_core] 5505024 sequences have been processed.
[bwa_aln_core] calculate SA coordinate... 43.80 sec
[bwa_aln_core] write to the disk... 0.05 sec
[bwa_aln_core] 5767168 sequences have been processed.
[bwa_aln_core] calculate SA coordinate... 56.75 sec
[bwa_aln_core] write to the disk... 0.07 sec
[bwa_aln_core] 6029312 sequences have been processed.
[bwa_aln_core] calculate SA coordinate... 61.06 sec
[bwa_aln_core] write to the disk... 0.06 sec
[bwa_aln_core] 6291456 sequences have been processed.
[bwa_aln_core] calculate SA coordinate... 57.54 sec
[bwa_aln_core] write to the disk... 0.05 sec
[bwa_aln_core] 6553600 sequences have been processed.
[bwa_aln_core] calculate SA coordinate... 55.36 sec
[bwa_aln_core] write to the disk... 0.07 sec
[bwa_aln_core] 6815744 sequences have been processed.
[bwa_aln_core] calculate SA coordinate... 52.63 sec
[bwa_aln_core] write to the disk... 0.05 sec
[bwa_aln_core] 7077888 sequences have been processed.
[bwa_aln_core] calculate SA coordinate... 49.03 sec
[bwa_aln_core] write to the disk... 0.05 sec
[bwa_aln_core] 7340032 sequences have been processed.
[bwa_aln_core] calculate SA coordinate... 52.17 sec
[bwa_aln_core] write to the disk... 0.05 sec
[bwa_aln_core] 7602176 sequences have been processed.
[bwa_aln_core] calculate SA coordinate... 54.06 sec
[bwa_aln_core] write to the disk... 0.05 sec
[bwa_aln_core] 7864320 sequences have been processed.
[bwa_aln_core] calculate SA coordinate... 43.70 sec
[bwa_aln_core] write to the disk... 0.07 sec
[bwa_aln_core] 8126464 sequences have been processed.
[bwa_aln_core] calculate SA coordinate... 51.77 sec
[bwa_aln_core] write to the disk... 0.05 sec
[bwa_aln_core] 8388608 sequences have been processed.
[bwa_aln_core] calculate SA coordinate... 51.80 sec
[bwa_aln_core] write to the disk... 0.06 sec
[bwa_aln_core] 8650752 sequences have been processed.
[bwa_aln_core] calculate SA coordinate... 51.33 sec
[bwa_aln_core] write to the disk... 0.05 sec
[bwa_aln_core] 8912896 sequences have been processed.
[bwa_aln_core] calculate SA coordinate... 42.53 sec
[bwa_aln_core] write to the disk... 0.05 sec
[bwa_aln_core] 9175040 sequences have been processed.
[bwa_aln_core] calculate SA coordinate... 46.49 sec
[bwa_aln_core] write to the disk... 0.05 sec
[bwa_aln_core] 9437184 sequences have been processed.
[bwa_aln_core] calculate SA coordinate... 51.37 sec
[bwa_aln_core] write to the disk... 0.05 sec
[bwa_aln_core] 9699328 sequences have been processed.
[bwa_aln_core] calculate SA coordinate... 50.54 sec
[bwa_aln_core] write to the disk... 0.06 sec
[bwa_aln_core] 9961472 sequences have been processed.
[bwa_aln_core] calculate SA coordinate... 51.37 sec
[bwa_aln_core] write to the disk... 0.06 sec
[bwa_aln_core] 10223616 sequences have been processed.
[bwa_aln_core] calculate SA coordinate... 45.86 sec
[bwa_aln_core] write to the disk... 0.06 sec
[bwa_aln_core] 10485760 sequences have been processed.
[bwa_aln_core] calculate SA coordinate... 51.31 sec
[bwa_aln_core] write to the disk... 0.05 sec
[bwa_aln_core] 10747904 sequences have been processed.
[bwa_aln_core] calculate SA coordinate... 50.66 sec
[bwa_aln_core] write to the disk... 0.06 sec
[bwa_aln_core] 11010048 sequences have been processed.
[bwa_aln_core] calculate SA coordinate... 47.06 sec
[bwa_aln_core] write to the disk... 0.05 sec
[bwa_aln_core] 11272192 sequences have been processed.
[bwa_aln_core] calculate SA coordinate... 50.87 sec
[bwa_aln_core] write to the disk... 0.05 sec
[bwa_aln_core] 11534336 sequences have been processed.
[bwa_aln_core] calculate SA coordinate... 43.13 sec
[bwa_aln_core] write to the disk... 0.06 sec
[bwa_aln_core] 11796480 sequences have been processed.
[bwa_aln_core] calculate SA coordinate... 50.94 sec
[bwa_aln_core] write to the disk... 0.05 sec
[bwa_aln_core] 12058624 sequences have been processed.
[bwa_aln_core] calculate SA coordinate... 52.77 sec
[bwa_aln_core] write to the disk... 0.05 sec
[bwa_aln_core] 12320768 sequences have been processed.
[bwa_aln_core] calculate SA coordinate... 51.93 sec
[bwa_aln_core] write to the disk... 0.05 sec
[bwa_aln_core] 12582912 sequences have been processed.
[bwa_aln_core] calculate SA coordinate... 52.81 sec
[bwa_aln_core] write to the disk... 0.05 sec
[bwa_aln_core] 12845056 sequences have been processed.
[bwa_aln_core] calculate SA coordinate... 52.82 sec
[bwa_aln_core] write to the disk... 0.05 sec
[bwa_aln_core] 13107200 sequences have been processed.
[bwa_aln_core] calculate SA coordinate... 53.27 sec
[bwa_aln_core] write to the disk... 0.05 sec
[bwa_aln_core] 13369344 sequences have been processed.
[bwa_aln_core] calculate SA coordinate... 46.51 sec
[bwa_aln_core] write to the disk... 0.05 sec
[bwa_aln_core] 13631488 sequences have been processed.
[bwa_aln_core] calculate SA coordinate... 48.64 sec
[bwa_aln_core] write to the disk... 0.06 sec
[bwa_aln_core] 13893632 sequences have been processed.
[bwa_aln_core] calculate SA coordinate... 50.10 sec
[bwa_aln_core] write to the disk... 0.04 sec
[bwa_aln_core] 14155776 sequences have been processed.
[bwa_aln_core] calculate SA coordinate... 44.86 sec
[bwa_aln_core] write to the disk... 0.05 sec
[bwa_aln_core] 14417920 sequences have been processed.
[bwa_aln_core] calculate SA coordinate... 53.56 sec
[bwa_aln_core] write to the disk... 0.05 sec
[bwa_aln_core] 14680064 sequences have been processed.
[bwa_aln_core] calculate SA coordinate... 51.55 sec
[bwa_aln_core] write to the disk... 0.06 sec
[bwa_aln_core] 14942208 sequences have been processed.
[bwa_aln_core] calculate SA coordinate... 51.93 sec
[bwa_aln_core] write to the disk... 0.05 sec
[bwa_aln_core] 15204352 sequences have been processed.
[bwa_aln_core] calculate SA coordinate... 52.32 sec
[bwa_aln_core] write to the disk... 0.06 sec
[bwa_aln_core] 15466496 sequences have been processed.
[bwa_aln_core] calculate SA coordinate... 49.86 sec
[bwa_aln_core] write to the disk... 0.05 sec
[bwa_aln_core] 15728640 sequences have been processed.
[bwa_aln_core] calculate SA coordinate... 40.33 sec
[bwa_aln_core] write to the disk... 0.06 sec
[bwa_aln_core] 15990784 sequences have been processed.
[bwa_aln_core] calculate SA coordinate... 41.35 sec
[bwa_aln_core] write to the disk... 0.05 sec
[bwa_aln_core] 16252928 sequences have been processed.
[bwa_aln_core] calculate SA coordinate... 42.57 sec
[bwa_aln_core] write to the disk... 0.05 sec
[bwa_aln_core] 16515072 sequences have been processed.
[bwa_aln_core] calculate SA coordinate... 42.44 sec
[bwa_aln_core] write to the disk... 0.05 sec
[bwa_aln_core] 16777216 sequences have been processed.
[bwa_aln_core] calculate SA coordinate... 42.95 sec
[bwa_aln_core] write to the disk... 0.05 sec
[bwa_aln_core] 17039360 sequences have been processed.
[bwa_aln_core] calculate SA coordinate... 47.21 sec
[bwa_aln_core] write to the disk... 0.05 sec
[bwa_aln_core] 17301504 sequences have been processed.
[bwa_aln_core] calculate SA coordinate... 51.36 sec
[bwa_aln_core] write to the disk... 0.05 sec
[bwa_aln_core] 17563648 sequences have been processed.
[bwa_aln_core] calculate SA coordinate... 52.02 sec
[bwa_aln_core] write to the disk... 0.05 sec
[bwa_aln_core] 17825792 sequences have been processed.
[bwa_aln_core] calculate SA coordinate... 50.25 sec
[bwa_aln_core] write to the disk... 0.05 sec
[bwa_aln_core] 18087936 sequences have been processed.
[bwa_aln_core] calculate SA coordinate... 51.06 sec
[bwa_aln_core] write to the disk... 0.05 sec
[bwa_aln_core] 18350080 sequences have been processed.
[bwa_aln_core] calculate SA coordinate... 51.23 sec
[bwa_aln_core] write to the disk... 0.05 sec
[bwa_aln_core] 18612224 sequences have been processed.
[bwa_aln_core] calculate SA coordinate... 51.35 sec
[bwa_aln_core] write to the disk... 0.05 sec
[bwa_aln_core] 18874368 sequences have been processed.
[bwa_aln_core] calculate SA coordinate... 52.58 sec
[bwa_aln_core] write to the disk... 0.06 sec
[bwa_aln_core] 19136512 sequences have been processed.
[bwa_aln_core] calculate SA coordinate... 51.23 sec
[bwa_aln_core] write to the disk... 0.05 sec
[bwa_aln_core] 19398656 sequences have been processed.
[bwa_aln_core] calculate SA coordinate... 51.99 sec
[bwa_aln_core] write to the disk... 0.05 sec
[bwa_aln_core] 19660800 sequences have been processed.
[bwa_aln_core] calculate SA coordinate... 52.93 sec
[bwa_aln_core] write to the disk... 0.06 sec
[bwa_aln_core] 19922944 sequences have been processed.
[bwa_aln_core] calculate SA coordinate... 52.14 sec
[bwa_aln_core] write to the disk... 0.05 sec
[bwa_aln_core] 20185088 sequences have been processed.
[bwa_aln_core] calculate SA coordinate... 45.40 sec
[bwa_aln_core] write to the disk... 0.06 sec
[bwa_aln_core] 20447232 sequences have been processed.
[bwa_aln_core] calculate SA coordinate... 49.09 sec
[bwa_aln_core] write to the disk... 0.05 sec
[bwa_aln_core] 20709376 sequences have been processed.
[bwa_aln_core] calculate SA coordinate... 48.30 sec
[bwa_aln_core] write to the disk... 0.05 sec
[bwa_aln_core] 20971520 sequences have been processed.
[bwa_aln_core] calculate SA coordinate... 62.06 sec
[bwa_aln_core] write to the disk... 0.05 sec
[bwa_aln_core] 21233664 sequences have been processed.
[bwa_aln_core] calculate SA coordinate... 42.39 sec
[bwa_aln_core] write to the disk... 0.06 sec
[bwa_aln_core] 21495808 sequences have been processed.
[bwa_aln_core] calculate SA coordinate... 47.78 sec
[bwa_aln_core] write to the disk... 0.05 sec
[bwa_aln_core] 21757952 sequences have been processed.
[bwa_aln_core] calculate SA coordinate... 42.92 sec
[bwa_aln_core] write to the disk... 0.05 sec
[bwa_aln_core] 22020096 sequences have been processed.
[bwa_aln_core] calculate SA coordinate... 49.04 sec
[bwa_aln_core] write to the disk... 0.04 sec
[bwa_aln_core] 22282240 sequences have been processed.
[bwa_aln_core] calculate SA coordinate... 58.94 sec
[bwa_aln_core] write to the disk... 0.04 sec
[bwa_aln_core] 22544384 sequences have been processed.
[bwa_aln_core] calculate SA coordinate... 51.49 sec
[bwa_aln_core] write to the disk... 0.06 sec
[bwa_aln_core] 22806528 sequences have been processed.
[bwa_aln_core] calculate SA coordinate... 37.71 sec
[bwa_aln_core] write to the disk... 0.05 sec
[bwa_aln_core] 23068672 sequences have been processed.
[bwa_aln_core] calculate SA coordinate... 45.88 sec
[bwa_aln_core] write to the disk... 0.04 sec
[bwa_aln_core] 23330816 sequences have been processed.
[bwa_aln_core] calculate SA coordinate... 44.12 sec
[bwa_aln_core] write to the disk... 0.05 sec
[bwa_aln_core] 23592960 sequences have been processed.
[bwa_aln_core] calculate SA coordinate... 39.39 sec
[bwa_aln_core] write to the disk... 0.04 sec
[bwa_aln_core] 23855104 sequences have been processed.
[bwa_aln_core] calculate SA coordinate... 47.93 sec
[bwa_aln_core] write to the disk... 0.04 sec
[bwa_aln_core] 24117248 sequences have been processed.
[bwa_aln_core] calculate SA coordinate... 41.33 sec
[bwa_aln_core] write to the disk... 0.05 sec
[bwa_aln_core] 24379392 sequences have been processed.
[bwa_aln_core] calculate SA coordinate... 42.41 sec
[bwa_aln_core] write to the disk... 0.05 sec
[bwa_aln_core] 24641536 sequences have been processed.
[bwa_aln_core] calculate SA coordinate... 43.69 sec
[bwa_aln_core] write to the disk... 0.05 sec
[bwa_aln_core] 24903680 sequences have been processed.
[bwa_aln_core] calculate SA coordinate... 43.16 sec
[bwa_aln_core] write to the disk... 0.04 sec
[bwa_aln_core] 25165824 sequences have been processed.
[bwa_aln_core] calculate SA coordinate... 33.90 sec
[bwa_aln_core] write to the disk... 0.05 sec
[bwa_aln_core] 25427968 sequences have been processed.
[bwa_aln_core] calculate SA coordinate... 43.40 sec
[bwa_aln_core] write to the disk... 0.05 sec
[bwa_aln_core] 25690112 sequences have been processed.
[bwa_aln_core] calculate SA coordinate... 45.68 sec
[bwa_aln_core] write to the disk... 0.05 sec
[bwa_aln_core] 25952256 sequences have been processed.
[bwa_aln_core] calculate SA coordinate... 49.57 sec
[bwa_aln_core] write to the disk... 0.06 sec
[bwa_aln_core] 26214400 sequences have been processed.
[bwa_aln_core] calculate SA coordinate... 42.86 sec
[bwa_aln_core] write to the disk... 0.04 sec
[bwa_aln_core] 26476544 sequences have been processed.
[bwa_aln_core] calculate SA coordinate... 44.35 sec
[bwa_aln_core] write to the disk... 0.05 sec
[bwa_aln_core] 26738688 sequences have been processed.
[bwa_aln_core] calculate SA coordinate... 46.10 sec
[bwa_aln_core] write to the disk... 0.03 sec
[bwa_aln_core] 27000832 sequences have been processed.
[bwa_aln_core] calculate SA coordinate... 34.89 sec
[bwa_aln_core] write to the disk... 0.04 sec
[bwa_aln_core] 27262976 sequences have been processed.
[bwa_aln_core] calculate SA coordinate... 37.65 sec
[bwa_aln_core] write to the disk... 0.04 sec
[bwa_aln_core] 27525120 sequences have been processed.
[bwa_aln_core] calculate SA coordinate... 30.32 sec
[bwa_aln_core] write to the disk... 0.05 sec
[bwa_aln_core] 27787264 sequences have been processed.
[bwa_aln_core] calculate SA coordinate... 34.15 sec
[bwa_aln_core] write to the disk... 0.05 sec
[bwa_aln_core] 28049408 sequences have been processed.
[bwa_aln_core] calculate SA coordinate... 31.45 sec
[bwa_aln_core] write to the disk... 0.05 sec
[bwa_aln_core] 28311552 sequences have been processed.
[bwa_aln_core] calculate SA coordinate... 33.93 sec
[bwa_aln_core] write to the disk... 0.05 sec
[bwa_aln_core] 28573696 sequences have been processed.
[bwa_aln_core] calculate SA coordinate... 40.11 sec
[bwa_aln_core] write to the disk... 0.05 sec
[bwa_aln_core] 28835840 sequences have been processed.
[bwa_aln_core] calculate SA coordinate... 43.78 sec
[bwa_aln_core] write to the disk... 0.05 sec
[bwa_aln_core] 29097984 sequences have been processed.
[bwa_aln_core] calculate SA coordinate... 44.72 sec
[bwa_aln_core] write to the disk... 0.05 sec
[bwa_aln_core] 29360128 sequences have been processed.
[bwa_aln_core] calculate SA coordinate... 43.16 sec
[bwa_aln_core] write to the disk... 0.04 sec
[bwa_aln_core] 29622272 sequences have been processed.
[bwa_aln_core] calculate SA coordinate... 45.63 sec
[bwa_aln_core] write to the disk... 0.05 sec
[bwa_aln_core] 29884416 sequences have been processed.
[bwa_aln_core] calculate SA coordinate... 46.76 sec
[bwa_aln_core] write to the disk... 0.05 sec
[bwa_aln_core] 30146560 sequences have been processed.
[bwa_aln_core] calculate SA coordinate... 45.11 sec
[bwa_aln_core] write to the disk... 0.04 sec
[bwa_aln_core] 30408704 sequences have been processed.
[bwa_aln_core] calculate SA coordinate... 41.09 sec
[bwa_aln_core] write to the disk... 0.04 sec
[bwa_aln_core] 30670848 sequences have been processed.
[bwa_aln_core] calculate SA coordinate... 38.08 sec
[bwa_aln_core] write to the disk... 0.06 sec
[bwa_aln_core] 30932992 sequences have been processed.
[bwa_aln_core] calculate SA coordinate... 38.80 sec
[bwa_aln_core] write to the disk... 0.04 sec
[bwa_aln_core] 31195136 sequences have been processed.
[bwa_aln_core] calculate SA coordinate... 36.83 sec
[bwa_aln_core] write to the disk... 0.05 sec
[bwa_aln_core] 31457280 sequences have been processed.
[bwa_aln_core] calculate SA coordinate... 42.15 sec
[bwa_aln_core] write to the disk... 0.06 sec
[bwa_aln_core] 31719424 sequences have been processed.
[bwa_aln_core] calculate SA coordinate... 38.66 sec
[bwa_aln_core] write to the disk... 0.05 sec
[bwa_aln_core] 31981568 sequences have been processed.
[bwa_aln_core] calculate SA coordinate... 41.28 sec
[bwa_aln_core] write to the disk... 0.05 sec
[bwa_aln_core] 32243712 sequences have been processed.
[bwa_aln_core] calculate SA coordinate... 41.91 sec
[bwa_aln_core] write to the disk... 0.04 sec
[bwa_aln_core] 32505856 sequences have been processed.
[bwa_aln_core] calculate SA coordinate... 38.25 sec
[bwa_aln_core] write to the disk... 0.05 sec
[bwa_aln_core] 32768000 sequences have been processed.
[bwa_aln_core] calculate SA coordinate... 39.36 sec
[bwa_aln_core] write to the disk... 0.03 sec
[bwa_aln_core] 33030144 sequences have been processed.
[bwa_aln_core] calculate SA coordinate... 46.13 sec
[bwa_aln_core] write to the disk... 0.05 sec
[bwa_aln_core] 33292288 sequences have been processed.
[bwa_aln_core] calculate SA coordinate... 48.23 sec
[bwa_aln_core] write to the disk... 0.05 sec
[bwa_aln_core] 33554432 sequences have been processed.
[bwa_aln_core] calculate SA coordinate... 48.28 sec
[bwa_aln_core] write to the disk... 0.05 sec
[bwa_aln_core] 33816576 sequences have been processed.
[bwa_aln_core] calculate SA coordinate... 46.76 sec
[bwa_aln_core] write to the disk... 0.05 sec
[bwa_aln_core] 34078720 sequences have been processed.
[bwa_aln_core] calculate SA coordinate... 44.34 sec
[bwa_aln_core] write to the disk... 0.05 sec
[bwa_aln_core] 34340864 sequences have been processed.
[bwa_aln_core] calculate SA coordinate... 47.56 sec
[bwa_aln_core] write to the disk... 0.05 sec
[bwa_aln_core] 34603008 sequences have been processed.
[bwa_aln_core] calculate SA coordinate... 48.09 sec
[bwa_aln_core] write to the disk... 0.04 sec
[bwa_aln_core] 34865152 sequences have been processed.
[bwa_aln_core] calculate SA coordinate... 44.03 sec
[bwa_aln_core] write to the disk... 0.05 sec
[bwa_aln_core] 35127296 sequences have been processed.
[bwa_aln_core] calculate SA coordinate... 40.50 sec
[bwa_aln_core] write to the disk... 0.05 sec
[bwa_aln_core] 35389440 sequences have been processed.
[bwa_aln_core] calculate SA coordinate... 45.12 sec
[bwa_aln_core] write to the disk... 0.06 sec
[bwa_aln_core] 35651584 sequences have been processed.
[bwa_aln_core] calculate SA coordinate... 46.98 sec
[bwa_aln_core] write to the disk... 0.05 sec
[bwa_aln_core] 35913728 sequences have been processed.
[bwa_aln_core] calculate SA coordinate... 47.23 sec
[bwa_aln_core] write to the disk... 0.04 sec
[bwa_aln_core] 36175872 sequences have been processed.
[bwa_aln_core] calculate SA coordinate... 0.37 sec
[bwa_aln_core] write to the disk... 0.00 sec
[bwa_aln_core] 36177827 sequences have been processed.
[main] Version: 0.6.2-r126
[main] CMD: bwa aln /workspace/hrabyc/HPInteraction/data/arabidopsis/index/Arabidopsis_gnomon_mRNA.fa /workspace/hrabyc/HPInteraction/data/arabidopsis/SRR641247.fastq
[main] Real time: 7428.524 sec; CPU: 6893.401 sec
[bwa_aln_core] convert to sequence coordinate... 2.05 sec
[bwa_aln_core] refine gapped alignments... 0.64 sec
[bwa_aln_core] print alignments... 1.19 sec
[bwa_aln_core] 262144 sequences have been processed.
[bwa_aln_core] convert to sequence coordinate... 1.80 sec
[bwa_aln_core] refine gapped alignments... 0.55 sec
[bwa_aln_core] print alignments... 1.05 sec
[bwa_aln_core] 524288 sequences have been processed.
[bwa_aln_core] convert to sequence coordinate... 1.96 sec
[bwa_aln_core] refine gapped alignments... 0.55 sec
[bwa_aln_core] print alignments... 1.05 sec
[bwa_aln_core] 786432 sequences have been processed.
[bwa_aln_core] convert to sequence coordinate... 1.55 sec
[bwa_aln_core] refine gapped alignments... 0.56 sec
[bwa_aln_core] print alignments... 1.05 sec
[bwa_aln_core] 1048576 sequences have been processed.
[bwa_aln_core] convert to sequence coordinate... 1.41 sec
[bwa_aln_core] refine gapped alignments... 0.54 sec
[bwa_aln_core] print alignments... 1.03 sec
[bwa_aln_core] 1310720 sequences have been processed.
[bwa_aln_core] convert to sequence coordinate... 1.44 sec
[bwa_aln_core] refine gapped alignments... 0.55 sec
[bwa_aln_core] print alignments... 1.04 sec
[bwa_aln_core] 1572864 sequences have been processed.
[bwa_aln_core] convert to sequence coordinate... 1.45 sec
[bwa_aln_core] refine gapped alignments... 0.54 sec
[bwa_aln_core] print alignments... 1.04 sec
[bwa_aln_core] 1835008 sequences have been processed.
[bwa_aln_core] convert to sequence coordinate... 1.50 sec
[bwa_aln_core] refine gapped alignments... 0.55 sec
[bwa_aln_core] print alignments... 1.04 sec
[bwa_aln_core] 2097152 sequences have been processed.
[bwa_aln_core] convert to sequence coordinate... 1.53 sec
[bwa_aln_core] refine gapped alignments... 0.53 sec
[bwa_aln_core] print alignments... 1.04 sec
[bwa_aln_core] 2359296 sequences have been processed.
[bwa_aln_core] convert to sequence coordinate... 1.48 sec
[bwa_aln_core] refine gapped alignments... 0.55 sec
[bwa_aln_core] print alignments... 1.08 sec
[bwa_aln_core] 2621440 sequences have been processed.
[bwa_aln_core] convert to sequence coordinate... 1.62 sec
[bwa_aln_core] refine gapped alignments... 0.55 sec
[bwa_aln_core] print alignments... 1.16 sec
[bwa_aln_core] 2883584 sequences have been processed.
[bwa_aln_core] convert to sequence coordinate... 1.77 sec
[bwa_aln_core] refine gapped alignments... 0.55 sec
[bwa_aln_core] print alignments... 1.08 sec
[bwa_aln_core] 3145728 sequences have been processed.
[bwa_aln_core] convert to sequence coordinate... 1.83 sec
[bwa_aln_core] refine gapped alignments... 0.58 sec
[bwa_aln_core] print alignments... 1.07 sec
[bwa_aln_core] 3407872 sequences have been processed.
[bwa_aln_core] convert to sequence coordinate... 1.78 sec
[bwa_aln_core] refine gapped alignments... 0.58 sec
[bwa_aln_core] print alignments... 1.07 sec
[bwa_aln_core] 3670016 sequences have been processed.
[bwa_aln_core] convert to sequence coordinate... 1.91 sec
[bwa_aln_core] refine gapped alignments... 0.58 sec
[bwa_aln_core] print alignments... 1.07 sec
[bwa_aln_core] 3932160 sequences have been processed.
[bwa_aln_core] convert to sequence coordinate... 1.88 sec
[bwa_aln_core] refine gapped alignments... 0.55 sec
[bwa_aln_core] print alignments... 1.07 sec
[bwa_aln_core] 4194304 sequences have been processed.
[bwa_aln_core] convert to sequence coordinate... 1.71 sec
[bwa_aln_core] refine gapped alignments... 0.56 sec
[bwa_aln_core] print alignments... 1.08 sec
[bwa_aln_core] 4456448 sequences have been processed.
[bwa_aln_core] convert to sequence coordinate... 1.57 sec
[bwa_aln_core] refine gapped alignments... 0.53 sec
[bwa_aln_core] print alignments... 1.06 sec
[bwa_aln_core] 4718592 sequences have been processed.
[bwa_aln_core] convert to sequence coordinate... 1.56 sec
[bwa_aln_core] refine gapped alignments... 0.55 sec
[bwa_aln_core] print alignments... 1.06 sec
[bwa_aln_core] 4980736 sequences have been processed.
[bwa_aln_core] convert to sequence coordinate... 5.49 sec
[bwa_aln_core] refine gapped alignments... 0.57 sec
[bwa_aln_core] print alignments... 1.08 sec
[bwa_aln_core] 5242880 sequences have been processed.
[bwa_aln_core] convert to sequence coordinate... 1.67 sec
[bwa_aln_core] refine gapped alignments... 0.54 sec
[bwa_aln_core] print alignments... 1.02 sec
[bwa_aln_core] 5505024 sequences have been processed.
[bwa_aln_core] convert to sequence coordinate... 6.69 sec
[bwa_aln_core] refine gapped alignments... 0.57 sec
[bwa_aln_core] print alignments... 1.02 sec
[bwa_aln_core] 5767168 sequences have been processed.
[bwa_aln_core] convert to sequence coordinate... 1.80 sec
[bwa_aln_core] refine gapped alignments... 0.53 sec
[bwa_aln_core] print alignments... 1.03 sec
[bwa_aln_core] 6029312 sequences have been processed.
[bwa_aln_core] convert to sequence coordinate... 5.08 sec
[bwa_aln_core] refine gapped alignments... 0.53 sec
[bwa_aln_core] print alignments... 1.03 sec
[bwa_aln_core] 6291456 sequences have been processed.
[bwa_aln_core] convert to sequence coordinate... 7.67 sec
[bwa_aln_core] refine gapped alignments... 0.53 sec
[bwa_aln_core] print alignments... 1.05 sec
[bwa_aln_core] 6553600 sequences have been processed.
[bwa_aln_core] convert to sequence coordinate... 2.58 sec
[bwa_aln_core] refine gapped alignments... 0.54 sec
[bwa_aln_core] print alignments... 1.04 sec
[bwa_aln_core] 6815744 sequences have been processed.
[bwa_aln_core] convert to sequence coordinate... 2.18 sec
[bwa_aln_core] refine gapped alignments... 0.54 sec
[bwa_aln_core] print alignments... 1.04 sec
[bwa_aln_core] 7077888 sequences have been processed.
[bwa_aln_core] convert to sequence coordinate... 1.50 sec
[bwa_aln_core] refine gapped alignments... 0.52 sec
[bwa_aln_core] print alignments... 1.04 sec
[bwa_aln_core] 7340032 sequences have been processed.
[bwa_aln_core] convert to sequence coordinate... 1.47 sec
[bwa_aln_core] refine gapped alignments... 0.55 sec
[bwa_aln_core] print alignments... 1.08 sec
[bwa_aln_core] 7602176 sequences have been processed.
[bwa_aln_core] convert to sequence coordinate... 2.40 sec
[bwa_aln_core] refine gapped alignments... 0.55 sec
[bwa_aln_core] print alignments... 1.05 sec
[bwa_aln_core] 7864320 sequences have been processed.
[bwa_aln_core] convert to sequence coordinate... 10.91 sec
[bwa_aln_core] refine gapped alignments... 0.54 sec
[bwa_aln_core] print alignments... 1.04 sec
[bwa_aln_core] 8126464 sequences have been processed.
[bwa_aln_core] convert to sequence coordinate... 3.03 sec
[bwa_aln_core] refine gapped alignments... 0.55 sec
[bwa_aln_core] print alignments... 1.05 sec
[bwa_aln_core] 8388608 sequences have been processed.
[bwa_aln_core] convert to sequence coordinate... 1.80 sec
[bwa_aln_core] refine gapped alignments... 0.53 sec
[bwa_aln_core] print alignments... 1.05 sec
[bwa_aln_core] 8650752 sequences have been processed.
[bwa_aln_core] convert to sequence coordinate... 1.95 sec
[bwa_aln_core] refine gapped alignments... 0.58 sec
[bwa_aln_core] print alignments... 1.05 sec
[bwa_aln_core] 8912896 sequences have been processed.
[bwa_aln_core] convert to sequence coordinate... 1.79 sec
[bwa_aln_core] refine gapped alignments... 0.57 sec
[bwa_aln_core] print alignments... 1.07 sec
[bwa_aln_core] 9175040 sequences have been processed.
[bwa_aln_core] convert to sequence coordinate... 2.04 sec
[bwa_aln_core] refine gapped alignments... 0.54 sec
[bwa_aln_core] print alignments... 1.05 sec
[bwa_aln_core] 9437184 sequences have been processed.
[bwa_aln_core] convert to sequence coordinate... 1.81 sec
[bwa_aln_core] refine gapped alignments... 0.55 sec
[bwa_aln_core] print alignments... 1.07 sec
[bwa_aln_core] 9699328 sequences have been processed.
[bwa_aln_core] convert to sequence coordinate... 1.93 sec
[bwa_aln_core] refine gapped alignments... 0.54 sec
[bwa_aln_core] print alignments... 1.04 sec
[bwa_aln_core] 9961472 sequences have been processed.
[bwa_aln_core] convert to sequence coordinate... 1.92 sec
[bwa_aln_core] refine gapped alignments... 0.53 sec
[bwa_aln_core] print alignments... 1.14 sec
[bwa_aln_core] 10223616 sequences have been processed.
[bwa_aln_core] convert to sequence coordinate... 1.89 sec
[bwa_aln_core] refine gapped alignments... 0.56 sec
[bwa_aln_core] print alignments... 1.09 sec
[bwa_aln_core] 10485760 sequences have been processed.
[bwa_aln_core] convert to sequence coordinate... 1.57 sec
[bwa_aln_core] refine gapped alignments... 0.55 sec
[bwa_aln_core] print alignments... 1.07 sec
[bwa_aln_core] 10747904 sequences have been processed.
[bwa_aln_core] convert to sequence coordinate... 1.48 sec
[bwa_aln_core] refine gapped alignments... 0.57 sec
[bwa_aln_core] print alignments... 1.09 sec
[bwa_aln_core] 11010048 sequences have been processed.
[bwa_aln_core] convert to sequence coordinate... 1.79 sec
[bwa_aln_core] refine gapped alignments... 0.56 sec
[bwa_aln_core] print alignments... 1.09 sec
[bwa_aln_core] 11272192 sequences have been processed.
[bwa_aln_core] convert to sequence coordinate... 1.89 sec
[bwa_aln_core] refine gapped alignments... 0.53 sec
[bwa_aln_core] print alignments... 1.05 sec
[bwa_aln_core] 11534336 sequences have been processed.
[bwa_aln_core] convert to sequence coordinate... 1.94 sec
[bwa_aln_core] refine gapped alignments... 0.54 sec
[bwa_aln_core] print alignments... 1.05 sec
[bwa_aln_core] 11796480 sequences have been processed.
[bwa_aln_core] convert to sequence coordinate... 1.87 sec
[bwa_aln_core] refine gapped alignments... 0.54 sec
[bwa_aln_core] print alignments... 1.06 sec
[bwa_aln_core] 12058624 sequences have been processed.
[bwa_aln_core] convert to sequence coordinate... 2.06 sec
[bwa_aln_core] refine gapped alignments... 0.53 sec
[bwa_aln_core] print alignments... 1.02 sec
[bwa_aln_core] 12320768 sequences have been processed.
[bwa_aln_core] convert to sequence coordinate... 5.43 sec
[bwa_aln_core] refine gapped alignments... 0.61 sec
[bwa_aln_core] print alignments... 1.21 sec
[bwa_aln_core] 12582912 sequences have been processed.
[bwa_aln_core] convert to sequence coordinate... 1.95 sec
[bwa_aln_core] refine gapped alignments... 0.63 sec
[bwa_aln_core] print alignments... 1.18 sec
[bwa_aln_core] 12845056 sequences have been processed.
[bwa_aln_core] convert to sequence coordinate... 5.87 sec
[bwa_aln_core] refine gapped alignments... 0.54 sec
[bwa_aln_core] print alignments... 1.04 sec
[bwa_aln_core] 13107200 sequences have been processed.
[bwa_aln_core] convert to sequence coordinate... 3.23 sec
[bwa_aln_core] refine gapped alignments... 0.55 sec
[bwa_aln_core] print alignments... 1.02 sec
[bwa_aln_core] 13369344 sequences have been processed.
[bwa_aln_core] convert to sequence coordinate... 1.75 sec
[bwa_aln_core] refine gapped alignments... 0.55 sec
[bwa_aln_core] print alignments... 1.02 sec
[bwa_aln_core] 13631488 sequences have been processed.
[bwa_aln_core] convert to sequence coordinate... 1.72 sec
[bwa_aln_core] refine gapped alignments... 0.53 sec
[bwa_aln_core] print alignments... 1.00 sec
[bwa_aln_core] 13893632 sequences have been processed.
[bwa_aln_core] convert to sequence coordinate... 3.08 sec
[bwa_aln_core] refine gapped alignments... 0.55 sec
[bwa_aln_core] print alignments... 1.02 sec
[bwa_aln_core] 14155776 sequences have been processed.
[bwa_aln_core] convert to sequence coordinate... 1.77 sec
[bwa_aln_core] refine gapped alignments... 0.53 sec
[bwa_aln_core] print alignments... 1.02 sec
[bwa_aln_core] 14417920 sequences have been processed.
[bwa_aln_core] convert to sequence coordinate... 1.36 sec
[bwa_aln_core] refine gapped alignments... 0.54 sec
[bwa_aln_core] print alignments... 1.02 sec
[bwa_aln_core] 14680064 sequences have been processed.
[bwa_aln_core] convert to sequence coordinate... 1.47 sec
[bwa_aln_core] refine gapped alignments... 0.65 sec
[bwa_aln_core] print alignments... 1.21 sec
[bwa_aln_core] 14942208 sequences have been processed.
[bwa_aln_core] convert to sequence coordinate... 1.73 sec
[bwa_aln_core] refine gapped alignments... 0.59 sec
[bwa_aln_core] print alignments... 1.17 sec
[bwa_aln_core] 15204352 sequences have been processed.
[bwa_aln_core] convert to sequence coordinate... 1.45 sec
[bwa_aln_core] refine gapped alignments... 0.56 sec
[bwa_aln_core] print alignments... 1.03 sec
[bwa_aln_core] 15466496 sequences have been processed.
[bwa_aln_core] convert to sequence coordinate... 1.65 sec
[bwa_aln_core] refine gapped alignments... 0.77 sec
[bwa_aln_core] print alignments... 1.25 sec
[bwa_aln_core] 15728640 sequences have been processed.
[bwa_aln_core] convert to sequence coordinate... 1.54 sec
[bwa_aln_core] refine gapped alignments... 0.53 sec
[bwa_aln_core] print alignments... 1.03 sec
[bwa_aln_core] 15990784 sequences have been processed.
[bwa_aln_core] convert to sequence coordinate... 1.47 sec
[bwa_aln_core] refine gapped alignments... 0.52 sec
[bwa_aln_core] print alignments... 1.04 sec
[bwa_aln_core] 16252928 sequences have been processed.
[bwa_aln_core] convert to sequence coordinate... 1.47 sec
[bwa_aln_core] refine gapped alignments... 0.55 sec
[bwa_aln_core] print alignments... 1.04 sec
[bwa_aln_core] 16515072 sequences have been processed.
[bwa_aln_core] convert to sequence coordinate... 1.30 sec
[bwa_aln_core] refine gapped alignments... 0.55 sec
[bwa_aln_core] print alignments... 1.03 sec
[bwa_aln_core] 16777216 sequences have been processed.
[bwa_aln_core] convert to sequence coordinate... 1.33 sec
[bwa_aln_core] refine gapped alignments... 0.55 sec
[bwa_aln_core] print alignments... 1.03 sec
[bwa_aln_core] 17039360 sequences have been processed.
[bwa_aln_core] convert to sequence coordinate... 1.40 sec
[bwa_aln_core] refine gapped alignments... 0.54 sec
[bwa_aln_core] print alignments... 1.02 sec
[bwa_aln_core] 17301504 sequences have been processed.
[bwa_aln_core] convert to sequence coordinate... 1.86 sec
[bwa_aln_core] refine gapped alignments... 0.66 sec
[bwa_aln_core] print alignments... 1.29 sec
[bwa_aln_core] 17563648 sequences have been processed.
[bwa_aln_core] convert to sequence coordinate... 1.75 sec
[bwa_aln_core] refine gapped alignments... 0.62 sec
[bwa_aln_core] print alignments... 1.19 sec
[bwa_aln_core] 17825792 sequences have been processed.
[bwa_aln_core] convert to sequence coordinate... 1.46 sec
[bwa_aln_core] refine gapped alignments... 0.61 sec
[bwa_aln_core] print alignments... 1.06 sec
[bwa_aln_core] 18087936 sequences have been processed.
[bwa_aln_core] convert to sequence coordinate... 1.42 sec
[bwa_aln_core] refine gapped alignments... 0.53 sec
[bwa_aln_core] print alignments... 1.02 sec
[bwa_aln_core] 18350080 sequences have been processed.
[bwa_aln_core] convert to sequence coordinate... 1.47 sec
[bwa_aln_core] refine gapped alignments... 0.61 sec
[bwa_aln_core] print alignments... 1.19 sec
[bwa_aln_core] 18612224 sequences have been processed.
[bwa_aln_core] convert to sequence coordinate... 1.66 sec
[bwa_aln_core] refine gapped alignments... 0.57 sec
[bwa_aln_core] print alignments... 1.04 sec
[bwa_aln_core] 18874368 sequences have been processed.
[bwa_aln_core] convert to sequence coordinate... 1.41 sec
[bwa_aln_core] refine gapped alignments... 0.56 sec
[bwa_aln_core] print alignments... 1.01 sec
[bwa_aln_core] 19136512 sequences have been processed.
[bwa_aln_core] convert to sequence coordinate... 1.41 sec
[bwa_aln_core] refine gapped alignments... 0.54 sec
[bwa_aln_core] print alignments... 1.01 sec
[bwa_aln_core] 19398656 sequences have been processed.
[bwa_aln_core] convert to sequence coordinate... 1.36 sec
[bwa_aln_core] refine gapped alignments... 0.53 sec
[bwa_aln_core] print alignments... 1.02 sec
[bwa_aln_core] 19660800 sequences have been processed.
[bwa_aln_core] convert to sequence coordinate... 1.27 sec
[bwa_aln_core] refine gapped alignments... 0.54 sec
[bwa_aln_core] print alignments... 1.01 sec
[bwa_aln_core] 19922944 sequences have been processed.
[bwa_aln_core] convert to sequence coordinate... 1.28 sec
[bwa_aln_core] refine gapped alignments... 0.53 sec
[bwa_aln_core] print alignments... 1.01 sec
[bwa_aln_core] 20185088 sequences have been processed.
[bwa_aln_core] convert to sequence coordinate... 1.26 sec
[bwa_aln_core] refine gapped alignments... 0.55 sec
[bwa_aln_core] print alignments... 1.00 sec
[bwa_aln_core] 20447232 sequences have been processed.
[bwa_aln_core] convert to sequence coordinate... 1.48 sec
[bwa_aln_core] refine gapped alignments... 0.62 sec
[bwa_aln_core] print alignments... 1.15 sec
[bwa_aln_core] 20709376 sequences have been processed.
[bwa_aln_core] convert to sequence coordinate... 2.07 sec
[bwa_aln_core] refine gapped alignments... 0.60 sec
[bwa_aln_core] print alignments... 1.13 sec
[bwa_aln_core] 20971520 sequences have been processed.
[bwa_aln_core] convert to sequence coordinate... 1.61 sec
[bwa_aln_core] refine gapped alignments... 0.56 sec
[bwa_aln_core] print alignments... 1.07 sec
[bwa_aln_core] 21233664 sequences have been processed.
[bwa_aln_core] convert to sequence coordinate... 2.59 sec
[bwa_aln_core] refine gapped alignments... 0.60 sec
[bwa_aln_core] print alignments... 1.19 sec
[bwa_aln_core] 21495808 sequences have been processed.
[bwa_aln_core] convert to sequence coordinate... 8.35 sec
[bwa_aln_core] refine gapped alignments... 0.64 sec
[bwa_aln_core] print alignments... 1.13 sec
[bwa_aln_core] 21757952 sequences have been processed.
[bwa_aln_core] convert to sequence coordinate... 1.58 sec
[bwa_aln_core] refine gapped alignments... 0.56 sec
[bwa_aln_core] print alignments... 1.03 sec
[bwa_aln_core] 22020096 sequences have been processed.
[bwa_aln_core] convert to sequence coordinate... 1.54 sec
[bwa_aln_core] refine gapped alignments... 0.55 sec
[bwa_aln_core] print alignments... 1.06 sec
[bwa_aln_core] 22282240 sequences have been processed.
[bwa_aln_core] convert to sequence coordinate... 1.57 sec
[bwa_aln_core] refine gapped alignments... 0.55 sec
[bwa_aln_core] print alignments... 1.03 sec
[bwa_aln_core] 22544384 sequences have been processed.
[bwa_aln_core] convert to sequence coordinate... 1.65 sec
[bwa_aln_core] refine gapped alignments... 0.53 sec
[bwa_aln_core] print alignments... 1.06 sec
[bwa_aln_core] 22806528 sequences have been processed.
[bwa_aln_core] convert to sequence coordinate... 1.98 sec
[bwa_aln_core] refine gapped alignments... 0.54 sec
[bwa_aln_core] print alignments... 1.03 sec
[bwa_aln_core] 23068672 sequences have been processed.
[bwa_aln_core] convert to sequence coordinate... 1.44 sec
[bwa_aln_core] refine gapped alignments... 0.57 sec
[bwa_aln_core] print alignments... 1.03 sec
[bwa_aln_core] 23330816 sequences have been processed.
[bwa_aln_core] convert to sequence coordinate... 1.44 sec
[bwa_aln_core] refine gapped alignments... 0.56 sec
[bwa_aln_core] print alignments... 1.02 sec
[bwa_aln_core] 23592960 sequences have been processed.
[bwa_aln_core] convert to sequence coordinate... 1.46 sec
[bwa_aln_core] refine gapped alignments... 0.54 sec
[bwa_aln_core] print alignments... 1.02 sec
[bwa_aln_core] 23855104 sequences have been processed.
[bwa_aln_core] convert to sequence coordinate... 1.62 sec
[bwa_aln_core] refine gapped alignments... 0.62 sec
[bwa_aln_core] print alignments... 1.19 sec
[bwa_aln_core] 24117248 sequences have been processed.
[bwa_aln_core] convert to sequence coordinate... 1.51 sec
[bwa_aln_core] refine gapped alignments... 0.53 sec
[bwa_aln_core] print alignments... 1.03 sec
[bwa_aln_core] 24379392 sequences have been processed.
[bwa_aln_core] convert to sequence coordinate... 1.45 sec
[bwa_aln_core] refine gapped alignments... 0.55 sec
[bwa_aln_core] print alignments... 1.02 sec
[bwa_aln_core] 24641536 sequences have been processed.
[bwa_aln_core] convert to sequence coordinate... 1.79 sec
[bwa_aln_core] refine gapped alignments... 0.55 sec
[bwa_aln_core] print alignments... 1.04 sec
[bwa_aln_core] 24903680 sequences have been processed.
[bwa_aln_core] convert to sequence coordinate... 1.47 sec
[bwa_aln_core] refine gapped alignments... 0.53 sec
[bwa_aln_core] print alignments... 1.02 sec
[bwa_aln_core] 25165824 sequences have been processed.
[bwa_aln_core] convert to sequence coordinate... 1.41 sec
[bwa_aln_core] refine gapped alignments... 0.53 sec
[bwa_aln_core] print alignments... 1.09 sec
[bwa_aln_core] 25427968 sequences have been processed.
[bwa_aln_core] convert to sequence coordinate... 1.28 sec
[bwa_aln_core] refine gapped alignments... 0.53 sec
[bwa_aln_core] print alignments... 1.10 sec
[bwa_aln_core] 25690112 sequences have been processed.
[bwa_aln_core] convert to sequence coordinate... 1.28 sec
[bwa_aln_core] refine gapped alignments... 0.83 sec
[bwa_aln_core] print alignments... 1.13 sec
[bwa_aln_core] 25952256 sequences have been processed.
[bwa_aln_core] convert to sequence coordinate... 2.10 sec
[bwa_aln_core] refine gapped alignments... 0.59 sec
[bwa_aln_core] print alignments... 1.17 sec
[bwa_aln_core] 26214400 sequences have been processed.
[bwa_aln_core] convert to sequence coordinate... 3.41 sec
[bwa_aln_core] refine gapped alignments... 0.52 sec
[bwa_aln_core] print alignments... 1.02 sec
[bwa_aln_core] 26476544 sequences have been processed.
[bwa_aln_core] convert to sequence coordinate... 1.42 sec
[bwa_aln_core] refine gapped alignments... 0.52 sec
[bwa_aln_core] print alignments... 1.02 sec
[bwa_aln_core] 26738688 sequences have been processed.
[bwa_aln_core] convert to sequence coordinate... 4.39 sec
[bwa_aln_core] refine gapped alignments... 0.54 sec
[bwa_aln_core] print alignments... 1.01 sec
[bwa_aln_core] 27000832 sequences have been processed.
[bwa_aln_core] convert to sequence coordinate... 4.44 sec
[bwa_aln_core] refine gapped alignments... 0.54 sec
[bwa_aln_core] print alignments... 1.00 sec
[bwa_aln_core] 27262976 sequences have been processed.
[bwa_aln_core] convert to sequence coordinate... 12.29 sec
[bwa_aln_core] refine gapped alignments... 0.52 sec
[bwa_aln_core] print alignments... 1.01 sec
[bwa_aln_core] 27525120 sequences have been processed.
[bwa_aln_core] convert to sequence coordinate... 22.29 sec
[bwa_aln_core] refine gapped alignments... 0.44 sec
[bwa_aln_core] print alignments... 0.98 sec
[bwa_aln_core] 27787264 sequences have been processed.
[bwa_aln_core] convert to sequence coordinate... 20.34 sec
[bwa_aln_core] refine gapped alignments... 0.47 sec
[bwa_aln_core] print alignments... 1.02 sec
[bwa_aln_core] 28049408 sequences have been processed.
[bwa_aln_core] convert to sequence coordinate... 1.96 sec
[bwa_aln_core] refine gapped alignments... 0.47 sec
[bwa_aln_core] print alignments... 1.04 sec
[bwa_aln_core] 28311552 sequences have been processed.
[bwa_aln_core] convert to sequence coordinate... 15.27 sec
[bwa_aln_core] refine gapped alignments... 0.45 sec
[bwa_aln_core] print alignments... 1.04 sec
[bwa_aln_core] 28573696 sequences have been processed.
[bwa_aln_core] convert to sequence coordinate... 16.87 sec
[bwa_aln_core] refine gapped alignments... 0.47 sec
[bwa_aln_core] print alignments... 1.12 sec
[bwa_aln_core] 28835840 sequences have been processed.
[bwa_aln_core] convert to sequence coordinate... 1.79 sec
[bwa_aln_core] refine gapped alignments... 0.45 sec
[bwa_aln_core] print alignments... 1.08 sec
[bwa_aln_core] 29097984 sequences have been processed.
[bwa_aln_core] convert to sequence coordinate... 2.24 sec
[bwa_aln_core] refine gapped alignments... 0.49 sec
[bwa_aln_core] print alignments... 1.01 sec
[bwa_aln_core] 29360128 sequences have been processed.
[bwa_aln_core] convert to sequence coordinate... 1.65 sec
[bwa_aln_core] refine gapped alignments... 0.55 sec
[bwa_aln_core] print alignments... 1.04 sec
[bwa_aln_core] 29622272 sequences have been processed.
[bwa_aln_core] convert to sequence coordinate... 3.27 sec
[bwa_aln_core] refine gapped alignments... 0.57 sec
[bwa_aln_core] print alignments... 1.04 sec
[bwa_aln_core] 29884416 sequences have been processed.
[bwa_aln_core] convert to sequence coordinate... 1.64 sec
[bwa_aln_core] refine gapped alignments... 0.56 sec
[bwa_aln_core] print alignments... 1.07 sec
[bwa_aln_core] 30146560 sequences have been processed.
[bwa_aln_core] convert to sequence coordinate... 2.88 sec
[bwa_aln_core] refine gapped alignments... 0.62 sec
[bwa_aln_core] print alignments... 1.23 sec
[bwa_aln_core] 30408704 sequences have been processed.
[bwa_aln_core] convert to sequence coordinate... 4.70 sec
[bwa_aln_core] refine gapped alignments... 0.63 sec
[bwa_aln_core] print alignments... 1.21 sec
[bwa_aln_core] 30670848 sequences have been processed.
[bwa_aln_core] convert to sequence coordinate... 6.93 sec
[bwa_aln_core] refine gapped alignments... 0.61 sec
[bwa_aln_core] print alignments... 1.16 sec
[bwa_aln_core] 30932992 sequences have been processed.
[bwa_aln_core] convert to sequence coordinate... 1.72 sec
[bwa_aln_core] refine gapped alignments... 0.64 sec
[bwa_aln_core] print alignments... 1.20 sec
[bwa_aln_core] 31195136 sequences have been processed.
[bwa_aln_core] convert to sequence coordinate... 1.60 sec
[bwa_aln_core] refine gapped alignments... 0.53 sec
[bwa_aln_core] print alignments... 1.05 sec
[bwa_aln_core] 31457280 sequences have been processed.
[bwa_aln_core] convert to sequence coordinate... 4.78 sec
[bwa_aln_core] refine gapped alignments... 0.56 sec
[bwa_aln_core] print alignments... 1.02 sec
[bwa_aln_core] 31719424 sequences have been processed.
[bwa_aln_core] convert to sequence coordinate... 1.94 sec
[bwa_aln_core] refine gapped alignments... 0.55 sec
[bwa_aln_core] print alignments... 1.02 sec
[bwa_aln_core] 31981568 sequences have been processed.
[bwa_aln_core] convert to sequence coordinate... 1.78 sec
[bwa_aln_core] refine gapped alignments... 0.54 sec
[bwa_aln_core] print alignments... 1.01 sec
[bwa_aln_core] 32243712 sequences have been processed.
[bwa_aln_core] convert to sequence coordinate... 1.77 sec
[bwa_aln_core] refine gapped alignments... 0.55 sec
[bwa_aln_core] print alignments... 1.02 sec
[bwa_aln_core] 32505856 sequences have been processed.
[bwa_aln_core] convert to sequence coordinate... 1.65 sec
[bwa_aln_core] refine gapped alignments... 0.53 sec
[bwa_aln_core] print alignments... 1.04 sec
[bwa_aln_core] 32768000 sequences have been processed.
[bwa_aln_core] convert to sequence coordinate... 1.58 sec
[bwa_aln_core] refine gapped alignments... 0.54 sec
[bwa_aln_core] print alignments... 1.04 sec
[bwa_aln_core] 33030144 sequences have been processed.
[bwa_aln_core] convert to sequence coordinate... 1.77 sec
[bwa_aln_core] refine gapped alignments... 0.54 sec
[bwa_aln_core] print alignments... 1.06 sec
[bwa_aln_core] 33292288 sequences have been processed.
[bwa_aln_core] convert to sequence coordinate... 1.76 sec
[bwa_aln_core] refine gapped alignments... 0.55 sec
[bwa_aln_core] print alignments... 1.05 sec
[bwa_aln_core] 33554432 sequences have been processed.
[bwa_aln_core] convert to sequence coordinate... 2.26 sec
[bwa_aln_core] refine gapped alignments... 0.52 sec
[bwa_aln_core] print alignments... 1.03 sec
[bwa_aln_core] 33816576 sequences have been processed.
[bwa_aln_core] convert to sequence coordinate... 14.22 sec
[bwa_aln_core] refine gapped alignments... 0.54 sec
[bwa_aln_core] print alignments... 1.02 sec
[bwa_aln_core] 34078720 sequences have been processed.
[bwa_aln_core] convert to sequence coordinate... 2.47 sec
[bwa_aln_core] refine gapped alignments... 0.53 sec
[bwa_aln_core] print alignments... 1.02 sec
[bwa_aln_core] 34340864 sequences have been processed.
[bwa_aln_core] convert to sequence coordinate... 2.11 sec
[bwa_aln_core] refine gapped alignments... 0.56 sec
[bwa_aln_core] print alignments... 1.04 sec
[bwa_aln_core] 34603008 sequences have been processed.
[bwa_aln_core] convert to sequence coordinate... 5.19 sec
[bwa_aln_core] refine gapped alignments... 0.55 sec
[bwa_aln_core] print alignments... 1.02 sec
[bwa_aln_core] 34865152 sequences have been processed.
[bwa_aln_core] convert to sequence coordinate... 1.48 sec
[bwa_aln_core] refine gapped alignments... 0.56 sec
[bwa_aln_core] print alignments... 1.02 sec
[bwa_aln_core] 35127296 sequences have been processed.
[bwa_aln_core] convert to sequence coordinate... 2.11 sec
[bwa_aln_core] refine gapped alignments... 0.54 sec
[bwa_aln_core] print alignments... 1.04 sec
[bwa_aln_core] 35389440 sequences have been processed.
[bwa_aln_core] convert to sequence coordinate... 1.52 sec
[bwa_aln_core] refine gapped alignments... 0.55 sec
[bwa_aln_core] print alignments... 1.04 sec
[bwa_aln_core] 35651584 sequences have been processed.
[bwa_aln_core] convert to sequence coordinate... 1.53 sec
[bwa_aln_core] refine gapped alignments... 0.57 sec
[bwa_aln_core] print alignments... 1.01 sec
[bwa_aln_core] 35913728 sequences have been processed.
[bwa_aln_core] convert to sequence coordinate... 1.54 sec
[bwa_aln_core] refine gapped alignments... 0.55 sec
[bwa_aln_core] print alignments... 1.01 sec
[bwa_aln_core] 36175872 sequences have been processed.
[bwa_aln_core] convert to sequence coordinate... 0.08 sec
[bwa_aln_core] refine gapped alignments... 0.02 sec
[bwa_aln_core] print alignments... 0.01 sec
[bwa_aln_core] 36177827 sequences have been processed.
[main] Version: 0.6.2-r126
[main] CMD: bwa samse /workspace/hrabyc/HPInteraction/data/arabidopsis/index/Arabidopsis_gnomon_mRNA.fa /workspace/hrabyc/HPInteraction/data/arabidopsis/SRR641247/SRR641247_1.sai /workspace/hrabyc/HPInteraction/data/arabidopsis//SRR641247.fastq
[main] Real time: 745.846 sec; CPU: 734.608 sec
