[bwa_aln] 17bp reads: max_diff = 2
[bwa_aln] 38bp reads: max_diff = 3
[bwa_aln] 64bp reads: max_diff = 4
[bwa_aln] 93bp reads: max_diff = 5
[bwa_aln] 124bp reads: max_diff = 6
[bwa_aln] 157bp reads: max_diff = 7
[bwa_aln] 190bp reads: max_diff = 8
[bwa_aln] 225bp reads: max_diff = 9
[bwa_aln_core] calculate SA coordinate... 49.38 sec
[bwa_aln_core] write to the disk... 0.06 sec
[bwa_aln_core] 262144 sequences have been processed.
[bwa_aln_core] calculate SA coordinate... 46.02 sec
[bwa_aln_core] write to the disk... 0.04 sec
[bwa_aln_core] 524288 sequences have been processed.
[bwa_aln_core] calculate SA coordinate... 43.62 sec
[bwa_aln_core] write to the disk... 0.04 sec
[bwa_aln_core] 786432 sequences have been processed.
[bwa_aln_core] calculate SA coordinate... 45.36 sec
[bwa_aln_core] write to the disk... 0.05 sec
[bwa_aln_core] 1048576 sequences have been processed.
[bwa_aln_core] calculate SA coordinate... 44.92 sec
[bwa_aln_core] write to the disk... 0.05 sec
[bwa_aln_core] 1310720 sequences have been processed.
[bwa_aln_core] calculate SA coordinate... 58.67 sec
[bwa_aln_core] write to the disk... 0.06 sec
[bwa_aln_core] 1572864 sequences have been processed.
[bwa_aln_core] calculate SA coordinate... 57.15 sec
[bwa_aln_core] write to the disk... 0.05 sec
[bwa_aln_core] 1835008 sequences have been processed.
[bwa_aln_core] calculate SA coordinate... 52.83 sec
[bwa_aln_core] write to the disk... 0.05 sec
[bwa_aln_core] 2097152 sequences have been processed.
[bwa_aln_core] calculate SA coordinate... 50.34 sec
[bwa_aln_core] write to the disk... 0.05 sec
[bwa_aln_core] 2359296 sequences have been processed.
[bwa_aln_core] calculate SA coordinate... 52.80 sec
[bwa_aln_core] write to the disk... 0.04 sec
[bwa_aln_core] 2621440 sequences have been processed.
[bwa_aln_core] calculate SA coordinate... 56.88 sec
[bwa_aln_core] write to the disk... 0.05 sec
[bwa_aln_core] 2883584 sequences have been processed.
[bwa_aln_core] calculate SA coordinate... 58.58 sec
[bwa_aln_core] write to the disk... 0.08 sec
[bwa_aln_core] 3145728 sequences have been processed.
[bwa_aln_core] calculate SA coordinate... 61.27 sec
[bwa_aln_core] write to the disk... 0.05 sec
[bwa_aln_core] 3407872 sequences have been processed.
[bwa_aln_core] calculate SA coordinate... 53.66 sec
[bwa_aln_core] write to the disk... 0.05 sec
[bwa_aln_core] 3670016 sequences have been processed.
[bwa_aln_core] calculate SA coordinate... 50.60 sec
[bwa_aln_core] write to the disk... 0.05 sec
[bwa_aln_core] 3932160 sequences have been processed.
[bwa_aln_core] calculate SA coordinate... 50.38 sec
[bwa_aln_core] write to the disk... 0.05 sec
[bwa_aln_core] 4194304 sequences have been processed.
[bwa_aln_core] calculate SA coordinate... 53.25 sec
[bwa_aln_core] write to the disk... 0.06 sec
[bwa_aln_core] 4456448 sequences have been processed.
[bwa_aln_core] calculate SA coordinate... 57.19 sec
[bwa_aln_core] write to the disk... 0.04 sec
[bwa_aln_core] 4718592 sequences have been processed.
[bwa_aln_core] calculate SA coordinate... 57.26 sec
[bwa_aln_core] write to the disk... 0.05 sec
[bwa_aln_core] 4980736 sequences have been processed.
[bwa_aln_core] calculate SA coordinate... 57.68 sec
[bwa_aln_core] write to the disk... 0.05 sec
[bwa_aln_core] 5242880 sequences have been processed.
[bwa_aln_core] calculate SA coordinate... 58.60 sec
[bwa_aln_core] write to the disk... 0.05 sec
[bwa_aln_core] 5505024 sequences have been processed.
[bwa_aln_core] calculate SA coordinate... 60.77 sec
[bwa_aln_core] write to the disk... 0.06 sec
[bwa_aln_core] 5767168 sequences have been processed.
[bwa_aln_core] calculate SA coordinate... 52.21 sec
[bwa_aln_core] write to the disk... 0.05 sec
[bwa_aln_core] 6029312 sequences have been processed.
[bwa_aln_core] calculate SA coordinate... 62.50 sec
[bwa_aln_core] write to the disk... 0.08 sec
[bwa_aln_core] 6291456 sequences have been processed.
[bwa_aln_core] calculate SA coordinate... 64.26 sec
[bwa_aln_core] write to the disk... 0.05 sec
[bwa_aln_core] 6553600 sequences have been processed.
[bwa_aln_core] calculate SA coordinate... 65.07 sec
[bwa_aln_core] write to the disk... 0.05 sec
[bwa_aln_core] 6815744 sequences have been processed.
[bwa_aln_core] calculate SA coordinate... 56.48 sec
[bwa_aln_core] write to the disk... 0.05 sec
[bwa_aln_core] 7077888 sequences have been processed.
[bwa_aln_core] calculate SA coordinate... 46.80 sec
[bwa_aln_core] write to the disk... 0.06 sec
[bwa_aln_core] 7340032 sequences have been processed.
[bwa_aln_core] calculate SA coordinate... 53.99 sec
[bwa_aln_core] write to the disk... 0.05 sec
[bwa_aln_core] 7602176 sequences have been processed.
[bwa_aln_core] calculate SA coordinate... 51.69 sec
[bwa_aln_core] write to the disk... 0.04 sec
[bwa_aln_core] 7864320 sequences have been processed.
[bwa_aln_core] calculate SA coordinate... 52.13 sec
[bwa_aln_core] write to the disk... 0.06 sec
[bwa_aln_core] 8126464 sequences have been processed.
[bwa_aln_core] calculate SA coordinate... 54.84 sec
[bwa_aln_core] write to the disk... 0.05 sec
[bwa_aln_core] 8388608 sequences have been processed.
[bwa_aln_core] calculate SA coordinate... 54.95 sec
[bwa_aln_core] write to the disk... 0.04 sec
[bwa_aln_core] 8650752 sequences have been processed.
[bwa_aln_core] calculate SA coordinate... 53.85 sec
[bwa_aln_core] write to the disk... 0.07 sec
[bwa_aln_core] 8912896 sequences have been processed.
[bwa_aln_core] calculate SA coordinate... 53.54 sec
[bwa_aln_core] write to the disk... 0.05 sec
[bwa_aln_core] 9175040 sequences have been processed.
[bwa_aln_core] calculate SA coordinate... 52.57 sec
[bwa_aln_core] write to the disk... 0.05 sec
[bwa_aln_core] 9437184 sequences have been processed.
[bwa_aln_core] calculate SA coordinate... 54.63 sec
[bwa_aln_core] write to the disk... 0.06 sec
[bwa_aln_core] 9699328 sequences have been processed.
[bwa_aln_core] calculate SA coordinate... 53.85 sec
[bwa_aln_core] write to the disk... 0.05 sec
[bwa_aln_core] 9961472 sequences have been processed.
[bwa_aln_core] calculate SA coordinate... 57.74 sec
[bwa_aln_core] write to the disk... 0.04 sec
[bwa_aln_core] 10223616 sequences have been processed.
[bwa_aln_core] calculate SA coordinate... 59.34 sec
[bwa_aln_core] write to the disk... 0.05 sec
[bwa_aln_core] 10485760 sequences have been processed.
[bwa_aln_core] calculate SA coordinate... 46.67 sec
[bwa_aln_core] write to the disk... 0.05 sec
[bwa_aln_core] 10747904 sequences have been processed.
[bwa_aln_core] calculate SA coordinate... 44.77 sec
[bwa_aln_core] write to the disk... 0.04 sec
[bwa_aln_core] 11010048 sequences have been processed.
[bwa_aln_core] calculate SA coordinate... 50.02 sec
[bwa_aln_core] write to the disk... 0.05 sec
[bwa_aln_core] 11272192 sequences have been processed.
[bwa_aln_core] calculate SA coordinate... 50.65 sec
[bwa_aln_core] write to the disk... 0.04 sec
[bwa_aln_core] 11534336 sequences have been processed.
[bwa_aln_core] calculate SA coordinate... 50.56 sec
[bwa_aln_core] write to the disk... 0.05 sec
[bwa_aln_core] 11796480 sequences have been processed.
[bwa_aln_core] calculate SA coordinate... 54.25 sec
[bwa_aln_core] write to the disk... 0.05 sec
[bwa_aln_core] 12058624 sequences have been processed.
[bwa_aln_core] calculate SA coordinate... 55.59 sec
[bwa_aln_core] write to the disk... 0.06 sec
[bwa_aln_core] 12320768 sequences have been processed.
[bwa_aln_core] calculate SA coordinate... 47.67 sec
[bwa_aln_core] write to the disk... 0.06 sec
[bwa_aln_core] 12582912 sequences have been processed.
[bwa_aln_core] calculate SA coordinate... 44.90 sec
[bwa_aln_core] write to the disk... 0.05 sec
[bwa_aln_core] 12845056 sequences have been processed.
[bwa_aln_core] calculate SA coordinate... 53.00 sec
[bwa_aln_core] write to the disk... 0.07 sec
[bwa_aln_core] 13107200 sequences have been processed.
[bwa_aln_core] calculate SA coordinate... 51.78 sec
[bwa_aln_core] write to the disk... 0.05 sec
[bwa_aln_core] 13369344 sequences have been processed.
[bwa_aln_core] calculate SA coordinate... 51.87 sec
[bwa_aln_core] write to the disk... 0.04 sec
[bwa_aln_core] 13631488 sequences have been processed.
[bwa_aln_core] calculate SA coordinate... 47.86 sec
[bwa_aln_core] write to the disk... 0.05 sec
[bwa_aln_core] 13893632 sequences have been processed.
[bwa_aln_core] calculate SA coordinate... 47.39 sec
[bwa_aln_core] write to the disk... 0.05 sec
[bwa_aln_core] 14155776 sequences have been processed.
[bwa_aln_core] calculate SA coordinate... 46.96 sec
[bwa_aln_core] write to the disk... 0.05 sec
[bwa_aln_core] 14417920 sequences have been processed.
[bwa_aln_core] calculate SA coordinate... 52.41 sec
[bwa_aln_core] write to the disk... 0.05 sec
[bwa_aln_core] 14680064 sequences have been processed.
[bwa_aln_core] calculate SA coordinate... 54.79 sec
[bwa_aln_core] write to the disk... 0.04 sec
[bwa_aln_core] 14942208 sequences have been processed.
[bwa_aln_core] calculate SA coordinate... 51.30 sec
[bwa_aln_core] write to the disk... 0.04 sec
[bwa_aln_core] 15204352 sequences have been processed.
[bwa_aln_core] calculate SA coordinate... 53.54 sec
[bwa_aln_core] write to the disk... 0.04 sec
[bwa_aln_core] 15466496 sequences have been processed.
[bwa_aln_core] calculate SA coordinate... 56.45 sec
[bwa_aln_core] write to the disk... 0.05 sec
[bwa_aln_core] 15728640 sequences have been processed.
[bwa_aln_core] calculate SA coordinate... 57.73 sec
[bwa_aln_core] write to the disk... 0.04 sec
[bwa_aln_core] 15990784 sequences have been processed.
[bwa_aln_core] calculate SA coordinate... 57.18 sec
[bwa_aln_core] write to the disk... 0.04 sec
[bwa_aln_core] 16252928 sequences have been processed.
[bwa_aln_core] calculate SA coordinate... 53.12 sec
[bwa_aln_core] write to the disk... 0.04 sec
[bwa_aln_core] 16515072 sequences have been processed.
[bwa_aln_core] calculate SA coordinate... 53.24 sec
[bwa_aln_core] write to the disk... 0.04 sec
[bwa_aln_core] 16777216 sequences have been processed.
[bwa_aln_core] calculate SA coordinate... 54.26 sec
[bwa_aln_core] write to the disk... 0.05 sec
[bwa_aln_core] 17039360 sequences have been processed.
[bwa_aln_core] calculate SA coordinate... 54.31 sec
[bwa_aln_core] write to the disk... 0.05 sec
[bwa_aln_core] 17301504 sequences have been processed.
[bwa_aln_core] calculate SA coordinate... 57.04 sec
[bwa_aln_core] write to the disk... 0.04 sec
[bwa_aln_core] 17563648 sequences have been processed.
[bwa_aln_core] calculate SA coordinate... 54.59 sec
[bwa_aln_core] write to the disk... 0.04 sec
[bwa_aln_core] 17825792 sequences have been processed.
[bwa_aln_core] calculate SA coordinate... 56.04 sec
[bwa_aln_core] write to the disk... 0.06 sec
[bwa_aln_core] 18087936 sequences have been processed.
[bwa_aln_core] calculate SA coordinate... 55.35 sec
[bwa_aln_core] write to the disk... 0.06 sec
[bwa_aln_core] 18350080 sequences have been processed.
[bwa_aln_core] calculate SA coordinate... 4.15 sec
[bwa_aln_core] write to the disk... 0.01 sec
[bwa_aln_core] 18369585 sequences have been processed.
[main] Version: 0.6.2-r126
[main] CMD: bwa aln /workspace/hrabyc/HPInteraction/data/arabidopsis/index/Arabidopsis_gnomon_mRNA.fa /workspace/hrabyc/HPInteraction/data/arabidopsis/SRR641248.fastq
[main] Real time: 4254.998 sec; CPU: 3952.444 sec
[bwa_aln_core] convert to sequence coordinate... 2.23 sec
[bwa_aln_core] refine gapped alignments... 0.61 sec
[bwa_aln_core] print alignments... 1.23 sec
[bwa_aln_core] 262144 sequences have been processed.
[bwa_aln_core] convert to sequence coordinate... 2.22 sec
[bwa_aln_core] refine gapped alignments... 0.53 sec
[bwa_aln_core] print alignments... 1.14 sec
[bwa_aln_core] 524288 sequences have been processed.
[bwa_aln_core] convert to sequence coordinate... 1.88 sec
[bwa_aln_core] refine gapped alignments... 0.56 sec
[bwa_aln_core] print alignments... 1.22 sec
[bwa_aln_core] 786432 sequences have been processed.
[bwa_aln_core] convert to sequence coordinate... 1.88 sec
[bwa_aln_core] refine gapped alignments... 0.55 sec
[bwa_aln_core] print alignments... 1.21 sec
[bwa_aln_core] 1048576 sequences have been processed.
[bwa_aln_core] convert to sequence coordinate... 2.00 sec
[bwa_aln_core] refine gapped alignments... 0.58 sec
[bwa_aln_core] print alignments... 1.20 sec
[bwa_aln_core] 1310720 sequences have been processed.
[bwa_aln_core] convert to sequence coordinate... 1.87 sec
[bwa_aln_core] refine gapped alignments... 0.58 sec
[bwa_aln_core] print alignments... 1.26 sec
[bwa_aln_core] 1572864 sequences have been processed.
[bwa_aln_core] convert to sequence coordinate... 1.94 sec
[bwa_aln_core] refine gapped alignments... 0.59 sec
[bwa_aln_core] print alignments... 1.25 sec
[bwa_aln_core] 1835008 sequences have been processed.
[bwa_aln_core] convert to sequence coordinate... 2.17 sec
[bwa_aln_core] refine gapped alignments... 0.59 sec
[bwa_aln_core] print alignments... 1.25 sec
[bwa_aln_core] 2097152 sequences have been processed.
[bwa_aln_core] convert to sequence coordinate... 2.02 sec
[bwa_aln_core] refine gapped alignments... 0.53 sec
[bwa_aln_core] print alignments... 1.08 sec
[bwa_aln_core] 2359296 sequences have been processed.
[bwa_aln_core] convert to sequence coordinate... 2.09 sec
[bwa_aln_core] refine gapped alignments... 0.54 sec
[bwa_aln_core] print alignments... 1.11 sec
[bwa_aln_core] 2621440 sequences have been processed.
[bwa_aln_core] convert to sequence coordinate... 2.15 sec
[bwa_aln_core] refine gapped alignments... 0.55 sec
[bwa_aln_core] print alignments... 1.19 sec
[bwa_aln_core] 2883584 sequences have been processed.
[bwa_aln_core] convert to sequence coordinate... 1.89 sec
[bwa_aln_core] refine gapped alignments... 0.55 sec
[bwa_aln_core] print alignments... 1.17 sec
[bwa_aln_core] 3145728 sequences have been processed.
[bwa_aln_core] convert to sequence coordinate... 2.11 sec
[bwa_aln_core] refine gapped alignments... 0.54 sec
[bwa_aln_core] print alignments... 1.15 sec
[bwa_aln_core] 3407872 sequences have been processed.
[bwa_aln_core] convert to sequence coordinate... 2.09 sec
[bwa_aln_core] refine gapped alignments... 0.58 sec
[bwa_aln_core] print alignments... 1.14 sec
[bwa_aln_core] 3670016 sequences have been processed.
[bwa_aln_core] convert to sequence coordinate... 2.07 sec
[bwa_aln_core] refine gapped alignments... 0.60 sec
[bwa_aln_core] print alignments... 1.22 sec
[bwa_aln_core] 3932160 sequences have been processed.
[bwa_aln_core] convert to sequence coordinate... 2.40 sec
[bwa_aln_core] refine gapped alignments... 0.58 sec
[bwa_aln_core] print alignments... 1.20 sec
[bwa_aln_core] 4194304 sequences have been processed.
[bwa_aln_core] convert to sequence coordinate... 2.22 sec
[bwa_aln_core] refine gapped alignments... 0.57 sec
[bwa_aln_core] print alignments... 1.18 sec
[bwa_aln_core] 4456448 sequences have been processed.
[bwa_aln_core] convert to sequence coordinate... 2.08 sec
[bwa_aln_core] refine gapped alignments... 0.57 sec
[bwa_aln_core] print alignments... 1.20 sec
[bwa_aln_core] 4718592 sequences have been processed.
[bwa_aln_core] convert to sequence coordinate... 2.07 sec
[bwa_aln_core] refine gapped alignments... 0.57 sec
[bwa_aln_core] print alignments... 1.19 sec
[bwa_aln_core] 4980736 sequences have been processed.
[bwa_aln_core] convert to sequence coordinate... 2.11 sec
[bwa_aln_core] refine gapped alignments... 0.59 sec
[bwa_aln_core] print alignments... 1.19 sec
[bwa_aln_core] 5242880 sequences have been processed.
[bwa_aln_core] convert to sequence coordinate... 2.23 sec
[bwa_aln_core] refine gapped alignments... 0.60 sec
[bwa_aln_core] print alignments... 1.20 sec
[bwa_aln_core] 5505024 sequences have been processed.
[bwa_aln_core] convert to sequence coordinate... 1.87 sec
[bwa_aln_core] refine gapped alignments... 0.60 sec
[bwa_aln_core] print alignments... 1.19 sec
[bwa_aln_core] 5767168 sequences have been processed.
[bwa_aln_core] convert to sequence coordinate... 2.00 sec
[bwa_aln_core] refine gapped alignments... 0.58 sec
[bwa_aln_core] print alignments... 1.20 sec
[bwa_aln_core] 6029312 sequences have been processed.
[bwa_aln_core] convert to sequence coordinate... 4.50 sec
[bwa_aln_core] refine gapped alignments... 0.60 sec
[bwa_aln_core] print alignments... 1.29 sec
[bwa_aln_core] 6291456 sequences have been processed.
[bwa_aln_core] convert to sequence coordinate... 2.13 sec
[bwa_aln_core] refine gapped alignments... 0.62 sec
[bwa_aln_core] print alignments... 1.21 sec
[bwa_aln_core] 6553600 sequences have been processed.
[bwa_aln_core] convert to sequence coordinate... 2.30 sec
[bwa_aln_core] refine gapped alignments... 0.59 sec
[bwa_aln_core] print alignments... 1.23 sec
[bwa_aln_core] 6815744 sequences have been processed.
[bwa_aln_core] convert to sequence coordinate... 2.31 sec
[bwa_aln_core] refine gapped alignments... 0.58 sec
[bwa_aln_core] print alignments... 1.23 sec
[bwa_aln_core] 7077888 sequences have been processed.
[bwa_aln_core] convert to sequence coordinate... 1.91 sec
[bwa_aln_core] refine gapped alignments... 0.61 sec
[bwa_aln_core] print alignments... 1.19 sec
[bwa_aln_core] 7340032 sequences have been processed.
[bwa_aln_core] convert to sequence coordinate... 2.14 sec
[bwa_aln_core] refine gapped alignments... 0.54 sec
[bwa_aln_core] print alignments... 1.17 sec
[bwa_aln_core] 7602176 sequences have been processed.
[bwa_aln_core] convert to sequence coordinate... 2.24 sec
[bwa_aln_core] refine gapped alignments... 0.55 sec
[bwa_aln_core] print alignments... 1.15 sec
[bwa_aln_core] 7864320 sequences have been processed.
[bwa_aln_core] convert to sequence coordinate... 2.20 sec
[bwa_aln_core] refine gapped alignments... 0.55 sec
[bwa_aln_core] print alignments... 1.21 sec
[bwa_aln_core] 8126464 sequences have been processed.
[bwa_aln_core] convert to sequence coordinate... 2.42 sec
[bwa_aln_core] refine gapped alignments... 0.54 sec
[bwa_aln_core] print alignments... 1.17 sec
[bwa_aln_core] 8388608 sequences have been processed.
[bwa_aln_core] convert to sequence coordinate... 2.38 sec
[bwa_aln_core] refine gapped alignments... 0.57 sec
[bwa_aln_core] print alignments... 1.21 sec
[bwa_aln_core] 8650752 sequences have been processed.
[bwa_aln_core] convert to sequence coordinate... 2.32 sec
[bwa_aln_core] refine gapped alignments... 0.57 sec
[bwa_aln_core] print alignments... 1.16 sec
[bwa_aln_core] 8912896 sequences have been processed.
[bwa_aln_core] convert to sequence coordinate... 2.24 sec
[bwa_aln_core] refine gapped alignments... 0.55 sec
[bwa_aln_core] print alignments... 1.16 sec
[bwa_aln_core] 9175040 sequences have been processed.
[bwa_aln_core] convert to sequence coordinate... 2.19 sec
[bwa_aln_core] refine gapped alignments... 0.53 sec
[bwa_aln_core] print alignments... 1.15 sec
[bwa_aln_core] 9437184 sequences have been processed.
[bwa_aln_core] convert to sequence coordinate... 2.49 sec
[bwa_aln_core] refine gapped alignments... 0.54 sec
[bwa_aln_core] print alignments... 1.15 sec
[bwa_aln_core] 9699328 sequences have been processed.
[bwa_aln_core] convert to sequence coordinate... 2.18 sec
[bwa_aln_core] refine gapped alignments... 0.54 sec
[bwa_aln_core] print alignments... 1.13 sec
[bwa_aln_core] 9961472 sequences have been processed.
[bwa_aln_core] convert to sequence coordinate... 2.19 sec
[bwa_aln_core] refine gapped alignments... 0.56 sec
[bwa_aln_core] print alignments... 1.17 sec
[bwa_aln_core] 10223616 sequences have been processed.
[bwa_aln_core] convert to sequence coordinate... 2.08 sec
[bwa_aln_core] refine gapped alignments... 0.55 sec
[bwa_aln_core] print alignments... 1.14 sec
[bwa_aln_core] 10485760 sequences have been processed.
[bwa_aln_core] convert to sequence coordinate... 1.87 sec
[bwa_aln_core] refine gapped alignments... 0.57 sec
[bwa_aln_core] print alignments... 1.13 sec
[bwa_aln_core] 10747904 sequences have been processed.
[bwa_aln_core] convert to sequence coordinate... 1.99 sec
[bwa_aln_core] refine gapped alignments... 0.57 sec
[bwa_aln_core] print alignments... 1.19 sec
[bwa_aln_core] 11010048 sequences have been processed.
[bwa_aln_core] convert to sequence coordinate... 1.90 sec
[bwa_aln_core] refine gapped alignments... 0.55 sec
[bwa_aln_core] print alignments... 1.15 sec
[bwa_aln_core] 11272192 sequences have been processed.
[bwa_aln_core] convert to sequence coordinate... 2.29 sec
[bwa_aln_core] refine gapped alignments... 0.61 sec
[bwa_aln_core] print alignments... 1.20 sec
[bwa_aln_core] 11534336 sequences have been processed.
[bwa_aln_core] convert to sequence coordinate... 3.72 sec
[bwa_aln_core] refine gapped alignments... 0.54 sec
[bwa_aln_core] print alignments... 1.22 sec
[bwa_aln_core] 11796480 sequences have been processed.
[bwa_aln_core] convert to sequence coordinate... 2.38 sec
[bwa_aln_core] refine gapped alignments... 0.54 sec
[bwa_aln_core] print alignments... 1.10 sec
[bwa_aln_core] 12058624 sequences have been processed.
[bwa_aln_core] convert to sequence coordinate... 2.21 sec
[bwa_aln_core] refine gapped alignments... 0.58 sec
[bwa_aln_core] print alignments... 1.20 sec
[bwa_aln_core] 12320768 sequences have been processed.
[bwa_aln_core] convert to sequence coordinate... 2.30 sec
[bwa_aln_core] refine gapped alignments... 0.59 sec
[bwa_aln_core] print alignments... 1.24 sec
[bwa_aln_core] 12582912 sequences have been processed.
[bwa_aln_core] convert to sequence coordinate... 2.24 sec
[bwa_aln_core] refine gapped alignments... 0.56 sec
[bwa_aln_core] print alignments... 1.12 sec
[bwa_aln_core] 12845056 sequences have been processed.
[bwa_aln_core] convert to sequence coordinate... 2.12 sec
[bwa_aln_core] refine gapped alignments... 0.55 sec
[bwa_aln_core] print alignments... 1.14 sec
[bwa_aln_core] 13107200 sequences have been processed.
[bwa_aln_core] convert to sequence coordinate... 2.24 sec
[bwa_aln_core] refine gapped alignments... 0.56 sec
[bwa_aln_core] print alignments... 1.20 sec
[bwa_aln_core] 13369344 sequences have been processed.
[bwa_aln_core] convert to sequence coordinate... 2.29 sec
[bwa_aln_core] refine gapped alignments... 0.55 sec
[bwa_aln_core] print alignments... 1.20 sec
[bwa_aln_core] 13631488 sequences have been processed.
[bwa_aln_core] convert to sequence coordinate... 2.23 sec
[bwa_aln_core] refine gapped alignments... 0.55 sec
[bwa_aln_core] print alignments... 1.14 sec
[bwa_aln_core] 13893632 sequences have been processed.
[bwa_aln_core] convert to sequence coordinate... 2.21 sec
[bwa_aln_core] refine gapped alignments... 0.55 sec
[bwa_aln_core] print alignments... 1.16 sec
[bwa_aln_core] 14155776 sequences have been processed.
[bwa_aln_core] convert to sequence coordinate... 2.18 sec
[bwa_aln_core] refine gapped alignments... 0.57 sec
[bwa_aln_core] print alignments... 1.15 sec
[bwa_aln_core] 14417920 sequences have been processed.
[bwa_aln_core] convert to sequence coordinate... 2.22 sec
[bwa_aln_core] refine gapped alignments... 0.55 sec
[bwa_aln_core] print alignments... 1.12 sec
[bwa_aln_core] 14680064 sequences have been processed.
[bwa_aln_core] convert to sequence coordinate... 2.10 sec
[bwa_aln_core] refine gapped alignments... 0.57 sec
[bwa_aln_core] print alignments... 1.20 sec
[bwa_aln_core] 14942208 sequences have been processed.
[bwa_aln_core] convert to sequence coordinate... 2.26 sec
[bwa_aln_core] refine gapped alignments... 0.59 sec
[bwa_aln_core] print alignments... 1.15 sec
[bwa_aln_core] 15204352 sequences have been processed.
[bwa_aln_core] convert to sequence coordinate... 2.17 sec
[bwa_aln_core] refine gapped alignments... 0.56 sec
[bwa_aln_core] print alignments... 1.15 sec
[bwa_aln_core] 15466496 sequences have been processed.
[bwa_aln_core] convert to sequence coordinate... 2.21 sec
[bwa_aln_core] refine gapped alignments... 0.58 sec
[bwa_aln_core] print alignments... 1.22 sec
[bwa_aln_core] 15728640 sequences have been processed.
[bwa_aln_core] convert to sequence coordinate... 2.05 sec
[bwa_aln_core] refine gapped alignments... 0.58 sec
[bwa_aln_core] print alignments... 1.22 sec
[bwa_aln_core] 15990784 sequences have been processed.
[bwa_aln_core] convert to sequence coordinate... 2.02 sec
[bwa_aln_core] refine gapped alignments... 0.58 sec
[bwa_aln_core] print alignments... 1.19 sec
[bwa_aln_core] 16252928 sequences have been processed.
[bwa_aln_core] convert to sequence coordinate... 2.20 sec
[bwa_aln_core] refine gapped alignments... 0.60 sec
[bwa_aln_core] print alignments... 1.25 sec
[bwa_aln_core] 16515072 sequences have been processed.
[bwa_aln_core] convert to sequence coordinate... 2.22 sec
[bwa_aln_core] refine gapped alignments... 0.58 sec
[bwa_aln_core] print alignments... 1.23 sec
[bwa_aln_core] 16777216 sequences have been processed.
[bwa_aln_core] convert to sequence coordinate... 2.28 sec
[bwa_aln_core] refine gapped alignments... 0.56 sec
[bwa_aln_core] print alignments... 1.21 sec
[bwa_aln_core] 17039360 sequences have been processed.
[bwa_aln_core] convert to sequence coordinate... 2.24 sec
[bwa_aln_core] refine gapped alignments... 0.57 sec
[bwa_aln_core] print alignments... 1.21 sec
[bwa_aln_core] 17301504 sequences have been processed.
[bwa_aln_core] convert to sequence coordinate... 1.78 sec
[bwa_aln_core] refine gapped alignments... 0.56 sec
[bwa_aln_core] print alignments... 1.15 sec
[bwa_aln_core] 17563648 sequences have been processed.
[bwa_aln_core] convert to sequence coordinate... 1.79 sec
[bwa_aln_core] refine gapped alignments... 0.58 sec
[bwa_aln_core] print alignments... 1.14 sec
[bwa_aln_core] 17825792 sequences have been processed.
[bwa_aln_core] convert to sequence coordinate... 1.76 sec
[bwa_aln_core] refine gapped alignments... 0.53 sec
[bwa_aln_core] print alignments... 1.08 sec
[bwa_aln_core] 18087936 sequences have been processed.
[bwa_aln_core] convert to sequence coordinate... 1.73 sec
[bwa_aln_core] refine gapped alignments... 0.56 sec
[bwa_aln_core] print alignments... 1.30 sec
[bwa_aln_core] 18350080 sequences have been processed.
[bwa_aln_core] convert to sequence coordinate... 0.26 sec
[bwa_aln_core] refine gapped alignments... 0.05 sec
[bwa_aln_core] print alignments... 0.09 sec
[bwa_aln_core] 18369585 sequences have been processed.
[main] Version: 0.6.2-r126
[main] CMD: bwa samse /workspace/hrabyc/HPInteraction/data/arabidopsis/index/Arabidopsis_gnomon_mRNA.fa /workspace/hrabyc/HPInteraction/data/arabidopsis/SRR641248/SRR641248_1.sai /workspace/hrabyc/HPInteraction/data/arabidopsis//SRR641248.fastq
[main] Real time: 369.612 sec; CPU: 336.336 sec
