[bwa_aln] 17bp reads: max_diff = 2
[bwa_aln] 38bp reads: max_diff = 3
[bwa_aln] 64bp reads: max_diff = 4
[bwa_aln] 93bp reads: max_diff = 5
[bwa_aln] 124bp reads: max_diff = 6
[bwa_aln] 157bp reads: max_diff = 7
[bwa_aln] 190bp reads: max_diff = 8
[bwa_aln] 225bp reads: max_diff = 9
[bwa_aln_core] calculate SA coordinate... 41.47 sec
[bwa_aln_core] write to the disk... 0.04 sec
[bwa_aln_core] 262144 sequences have been processed.
[bwa_aln_core] calculate SA coordinate... 37.49 sec
[bwa_aln_core] write to the disk... 0.05 sec
[bwa_aln_core] 524288 sequences have been processed.
[bwa_aln_core] calculate SA coordinate... 37.32 sec
[bwa_aln_core] write to the disk... 0.05 sec
[bwa_aln_core] 786432 sequences have been processed.
[bwa_aln_core] calculate SA coordinate... 47.24 sec
[bwa_aln_core] write to the disk... 0.08 sec
[bwa_aln_core] 1048576 sequences have been processed.
[bwa_aln_core] calculate SA coordinate... 42.63 sec
[bwa_aln_core] write to the disk... 0.06 sec
[bwa_aln_core] 1310720 sequences have been processed.
[bwa_aln_core] calculate SA coordinate... 36.34 sec
[bwa_aln_core] write to the disk... 0.05 sec
[bwa_aln_core] 1572864 sequences have been processed.
[bwa_aln_core] calculate SA coordinate... 44.24 sec
[bwa_aln_core] write to the disk... 0.05 sec
[bwa_aln_core] 1835008 sequences have been processed.
[bwa_aln_core] calculate SA coordinate... 35.00 sec
[bwa_aln_core] write to the disk... 0.06 sec
[bwa_aln_core] 2097152 sequences have been processed.
[bwa_aln_core] calculate SA coordinate... 34.19 sec
[bwa_aln_core] write to the disk... 0.03 sec
[bwa_aln_core] 2359296 sequences have been processed.
[bwa_aln_core] calculate SA coordinate... 35.15 sec
[bwa_aln_core] write to the disk... 0.05 sec
[bwa_aln_core] 2621440 sequences have been processed.
[bwa_aln_core] calculate SA coordinate... 43.98 sec
[bwa_aln_core] write to the disk... 0.06 sec
[bwa_aln_core] 2883584 sequences have been processed.
[bwa_aln_core] calculate SA coordinate... 45.15 sec
[bwa_aln_core] write to the disk... 0.08 sec
[bwa_aln_core] 3145728 sequences have been processed.
[bwa_aln_core] calculate SA coordinate... 45.28 sec
[bwa_aln_core] write to the disk... 0.05 sec
[bwa_aln_core] 3407872 sequences have been processed.
[bwa_aln_core] calculate SA coordinate... 45.71 sec
[bwa_aln_core] write to the disk... 0.04 sec
[bwa_aln_core] 3670016 sequences have been processed.
[bwa_aln_core] calculate SA coordinate... 45.39 sec
[bwa_aln_core] write to the disk... 0.06 sec
[bwa_aln_core] 3932160 sequences have been processed.
[bwa_aln_core] calculate SA coordinate... 47.94 sec
[bwa_aln_core] write to the disk... 0.06 sec
[bwa_aln_core] 4194304 sequences have been processed.
[bwa_aln_core] calculate SA coordinate... 39.98 sec
[bwa_aln_core] write to the disk... 0.04 sec
[bwa_aln_core] 4456448 sequences have been processed.
[bwa_aln_core] calculate SA coordinate... 34.73 sec
[bwa_aln_core] write to the disk... 0.04 sec
[bwa_aln_core] 4718592 sequences have been processed.
[bwa_aln_core] calculate SA coordinate... 37.50 sec
[bwa_aln_core] write to the disk... 0.07 sec
[bwa_aln_core] 4980736 sequences have been processed.
[bwa_aln_core] calculate SA coordinate... 36.69 sec
[bwa_aln_core] write to the disk... 0.04 sec
[bwa_aln_core] 5242880 sequences have been processed.
[bwa_aln_core] calculate SA coordinate... 38.90 sec
[bwa_aln_core] write to the disk... 0.04 sec
[bwa_aln_core] 5505024 sequences have been processed.
[bwa_aln_core] calculate SA coordinate... 38.37 sec
[bwa_aln_core] write to the disk... 0.04 sec
[bwa_aln_core] 5767168 sequences have been processed.
[bwa_aln_core] calculate SA coordinate... 48.46 sec
[bwa_aln_core] write to the disk... 0.05 sec
[bwa_aln_core] 6029312 sequences have been processed.
[bwa_aln_core] calculate SA coordinate... 49.55 sec
[bwa_aln_core] write to the disk... 0.04 sec
[bwa_aln_core] 6291456 sequences have been processed.
[bwa_aln_core] calculate SA coordinate... 49.02 sec
[bwa_aln_core] write to the disk... 0.05 sec
[bwa_aln_core] 6553600 sequences have been processed.
[bwa_aln_core] calculate SA coordinate... 47.64 sec
[bwa_aln_core] write to the disk... 0.05 sec
[bwa_aln_core] 6815744 sequences have been processed.
[bwa_aln_core] calculate SA coordinate... 40.36 sec
[bwa_aln_core] write to the disk... 0.05 sec
[bwa_aln_core] 7077888 sequences have been processed.
[bwa_aln_core] calculate SA coordinate... 41.63 sec
[bwa_aln_core] write to the disk... 0.05 sec
[bwa_aln_core] 7340032 sequences have been processed.
[bwa_aln_core] calculate SA coordinate... 44.36 sec
[bwa_aln_core] write to the disk... 0.06 sec
[bwa_aln_core] 7602176 sequences have been processed.
[bwa_aln_core] calculate SA coordinate... 41.70 sec
[bwa_aln_core] write to the disk... 0.07 sec
[bwa_aln_core] 7864320 sequences have been processed.
[bwa_aln_core] calculate SA coordinate... 43.87 sec
[bwa_aln_core] write to the disk... 0.07 sec
[bwa_aln_core] 8126464 sequences have been processed.
[bwa_aln_core] calculate SA coordinate... 38.35 sec
[bwa_aln_core] write to the disk... 0.05 sec
[bwa_aln_core] 8388608 sequences have been processed.
[bwa_aln_core] calculate SA coordinate... 49.47 sec
[bwa_aln_core] write to the disk... 0.09 sec
[bwa_aln_core] 8650752 sequences have been processed.
[bwa_aln_core] calculate SA coordinate... 46.15 sec
[bwa_aln_core] write to the disk... 0.06 sec
[bwa_aln_core] 8912896 sequences have been processed.
[bwa_aln_core] calculate SA coordinate... 44.55 sec
[bwa_aln_core] write to the disk... 0.07 sec
[bwa_aln_core] 9175040 sequences have been processed.
[bwa_aln_core] calculate SA coordinate... 36.50 sec
[bwa_aln_core] write to the disk... 0.05 sec
[bwa_aln_core] 9437184 sequences have been processed.
[bwa_aln_core] calculate SA coordinate... 38.78 sec
[bwa_aln_core] write to the disk... 0.05 sec
[bwa_aln_core] 9699328 sequences have been processed.
[bwa_aln_core] calculate SA coordinate... 34.59 sec
[bwa_aln_core] write to the disk... 0.05 sec
[bwa_aln_core] 9961472 sequences have been processed.
[bwa_aln_core] calculate SA coordinate... 35.05 sec
[bwa_aln_core] write to the disk... 0.05 sec
[bwa_aln_core] 10223616 sequences have been processed.
[bwa_aln_core] calculate SA coordinate... 35.53 sec
[bwa_aln_core] write to the disk... 0.05 sec
[bwa_aln_core] 10485760 sequences have been processed.
[bwa_aln_core] calculate SA coordinate... 45.11 sec
[bwa_aln_core] write to the disk... 0.05 sec
[bwa_aln_core] 10747904 sequences have been processed.
[bwa_aln_core] calculate SA coordinate... 37.34 sec
[bwa_aln_core] write to the disk... 0.05 sec
[bwa_aln_core] 11010048 sequences have been processed.
[bwa_aln_core] calculate SA coordinate... 45.90 sec
[bwa_aln_core] write to the disk... 0.04 sec
[bwa_aln_core] 11272192 sequences have been processed.
[bwa_aln_core] calculate SA coordinate... 45.09 sec
[bwa_aln_core] write to the disk... 0.06 sec
[bwa_aln_core] 11534336 sequences have been processed.
[bwa_aln_core] calculate SA coordinate... 44.46 sec
[bwa_aln_core] write to the disk... 0.05 sec
[bwa_aln_core] 11796480 sequences have been processed.
[bwa_aln_core] calculate SA coordinate... 45.19 sec
[bwa_aln_core] write to the disk... 0.05 sec
[bwa_aln_core] 12058624 sequences have been processed.
[bwa_aln_core] calculate SA coordinate... 42.84 sec
[bwa_aln_core] write to the disk... 0.05 sec
[bwa_aln_core] 12320768 sequences have been processed.
[bwa_aln_core] calculate SA coordinate... 44.02 sec
[bwa_aln_core] write to the disk... 0.06 sec
[bwa_aln_core] 12582912 sequences have been processed.
[bwa_aln_core] calculate SA coordinate... 48.54 sec
[bwa_aln_core] write to the disk... 0.04 sec
[bwa_aln_core] 12845056 sequences have been processed.
[bwa_aln_core] calculate SA coordinate... 41.01 sec
[bwa_aln_core] write to the disk... 0.06 sec
[bwa_aln_core] 13107200 sequences have been processed.
[bwa_aln_core] calculate SA coordinate... 42.26 sec
[bwa_aln_core] write to the disk... 0.06 sec
[bwa_aln_core] 13369344 sequences have been processed.
[bwa_aln_core] calculate SA coordinate... 40.00 sec
[bwa_aln_core] write to the disk... 0.05 sec
[bwa_aln_core] 13631488 sequences have been processed.
[bwa_aln_core] calculate SA coordinate... 44.09 sec
[bwa_aln_core] write to the disk... 0.06 sec
[bwa_aln_core] 13893632 sequences have been processed.
[bwa_aln_core] calculate SA coordinate... 48.27 sec
[bwa_aln_core] write to the disk... 0.06 sec
[bwa_aln_core] 14155776 sequences have been processed.
[bwa_aln_core] calculate SA coordinate... 45.51 sec
[bwa_aln_core] write to the disk... 0.06 sec
[bwa_aln_core] 14417920 sequences have been processed.
[bwa_aln_core] calculate SA coordinate... 46.68 sec
[bwa_aln_core] write to the disk... 0.06 sec
[bwa_aln_core] 14680064 sequences have been processed.
[bwa_aln_core] calculate SA coordinate... 36.95 sec
[bwa_aln_core] write to the disk... 0.05 sec
[bwa_aln_core] 14942208 sequences have been processed.
[bwa_aln_core] calculate SA coordinate... 42.08 sec
[bwa_aln_core] write to the disk... 0.06 sec
[bwa_aln_core] 15204352 sequences have been processed.
[bwa_aln_core] calculate SA coordinate... 45.73 sec
[bwa_aln_core] write to the disk... 0.05 sec
[bwa_aln_core] 15466496 sequences have been processed.
[bwa_aln_core] calculate SA coordinate... 43.87 sec
[bwa_aln_core] write to the disk... 0.05 sec
[bwa_aln_core] 15728640 sequences have been processed.
[bwa_aln_core] calculate SA coordinate... 40.98 sec
[bwa_aln_core] write to the disk... 0.05 sec
[bwa_aln_core] 15990784 sequences have been processed.
[bwa_aln_core] calculate SA coordinate... 34.35 sec
[bwa_aln_core] write to the disk... 0.05 sec
[bwa_aln_core] 16252928 sequences have been processed.
[bwa_aln_core] calculate SA coordinate... 41.44 sec
[bwa_aln_core] write to the disk... 0.05 sec
[bwa_aln_core] 16515072 sequences have been processed.
[bwa_aln_core] calculate SA coordinate... 36.66 sec
[bwa_aln_core] write to the disk... 0.06 sec
[bwa_aln_core] 16777216 sequences have been processed.
[bwa_aln_core] calculate SA coordinate... 33.86 sec
[bwa_aln_core] write to the disk... 0.04 sec
[bwa_aln_core] 17039360 sequences have been processed.
[bwa_aln_core] calculate SA coordinate... 33.48 sec
[bwa_aln_core] write to the disk... 0.04 sec
[bwa_aln_core] 17301504 sequences have been processed.
[bwa_aln_core] calculate SA coordinate... 36.13 sec
[bwa_aln_core] write to the disk... 0.05 sec
[bwa_aln_core] 17563648 sequences have been processed.
[bwa_aln_core] calculate SA coordinate... 41.19 sec
[bwa_aln_core] write to the disk... 0.06 sec
[bwa_aln_core] 17825792 sequences have been processed.
[bwa_aln_core] calculate SA coordinate... 36.41 sec
[bwa_aln_core] write to the disk... 0.05 sec
[bwa_aln_core] 18087936 sequences have been processed.
[bwa_aln_core] calculate SA coordinate... 35.31 sec
[bwa_aln_core] write to the disk... 0.05 sec
[bwa_aln_core] 18350080 sequences have been processed.
[bwa_aln_core] calculate SA coordinate... 33.63 sec
[bwa_aln_core] write to the disk... 0.04 sec
[bwa_aln_core] 18612224 sequences have been processed.
[bwa_aln_core] calculate SA coordinate... 32.23 sec
[bwa_aln_core] write to the disk... 0.05 sec
[bwa_aln_core] 18874368 sequences have been processed.
[bwa_aln_core] calculate SA coordinate... 40.93 sec
[bwa_aln_core] write to the disk... 0.05 sec
[bwa_aln_core] 19136512 sequences have been processed.
[bwa_aln_core] calculate SA coordinate... 43.33 sec
[bwa_aln_core] write to the disk... 0.06 sec
[bwa_aln_core] 19398656 sequences have been processed.
[bwa_aln_core] calculate SA coordinate... 38.72 sec
[bwa_aln_core] write to the disk... 0.05 sec
[bwa_aln_core] 19660800 sequences have been processed.
[bwa_aln_core] calculate SA coordinate... 40.08 sec
[bwa_aln_core] write to the disk... 0.05 sec
[bwa_aln_core] 19922944 sequences have been processed.
[bwa_aln_core] calculate SA coordinate... 42.39 sec
[bwa_aln_core] write to the disk... 0.04 sec
[bwa_aln_core] 20185088 sequences have been processed.
[bwa_aln_core] calculate SA coordinate... 39.64 sec
[bwa_aln_core] write to the disk... 0.05 sec
[bwa_aln_core] 20447232 sequences have been processed.
[bwa_aln_core] calculate SA coordinate... 34.93 sec
[bwa_aln_core] write to the disk... 0.04 sec
[bwa_aln_core] 20709376 sequences have been processed.
[bwa_aln_core] calculate SA coordinate... 33.95 sec
[bwa_aln_core] write to the disk... 0.04 sec
[bwa_aln_core] 20971520 sequences have been processed.
[bwa_aln_core] calculate SA coordinate... 34.74 sec
[bwa_aln_core] write to the disk... 0.05 sec
[bwa_aln_core] 21233664 sequences have been processed.
[bwa_aln_core] calculate SA coordinate... 34.25 sec
[bwa_aln_core] write to the disk... 0.05 sec
[bwa_aln_core] 21495808 sequences have been processed.
[bwa_aln_core] calculate SA coordinate... 37.67 sec
[bwa_aln_core] write to the disk... 0.04 sec
[bwa_aln_core] 21757952 sequences have been processed.
[bwa_aln_core] calculate SA coordinate... 42.87 sec
[bwa_aln_core] write to the disk... 0.06 sec
[bwa_aln_core] 22020096 sequences have been processed.
[bwa_aln_core] calculate SA coordinate... 41.63 sec
[bwa_aln_core] write to the disk... 0.05 sec
[bwa_aln_core] 22282240 sequences have been processed.
[bwa_aln_core] calculate SA coordinate... 36.53 sec
[bwa_aln_core] write to the disk... 0.05 sec
[bwa_aln_core] 22544384 sequences have been processed.
[bwa_aln_core] calculate SA coordinate... 40.76 sec
[bwa_aln_core] write to the disk... 0.05 sec
[bwa_aln_core] 22806528 sequences have been processed.
[bwa_aln_core] calculate SA coordinate... 45.19 sec
[bwa_aln_core] write to the disk... 0.05 sec
[bwa_aln_core] 23068672 sequences have been processed.
[bwa_aln_core] calculate SA coordinate... 41.40 sec
[bwa_aln_core] write to the disk... 0.05 sec
[bwa_aln_core] 23330816 sequences have been processed.
[bwa_aln_core] calculate SA coordinate... 35.08 sec
[bwa_aln_core] write to the disk... 0.04 sec
[bwa_aln_core] 23592960 sequences have been processed.
[bwa_aln_core] calculate SA coordinate... 37.60 sec
[bwa_aln_core] write to the disk... 0.05 sec
[bwa_aln_core] 23855104 sequences have been processed.
[bwa_aln_core] calculate SA coordinate... 45.15 sec
[bwa_aln_core] write to the disk... 0.05 sec
[bwa_aln_core] 24117248 sequences have been processed.
[bwa_aln_core] calculate SA coordinate... 45.32 sec
[bwa_aln_core] write to the disk... 0.06 sec
[bwa_aln_core] 24379392 sequences have been processed.
[bwa_aln_core] calculate SA coordinate... 42.49 sec
[bwa_aln_core] write to the disk... 0.06 sec
[bwa_aln_core] 24641536 sequences have been processed.
[bwa_aln_core] calculate SA coordinate... 43.58 sec
[bwa_aln_core] write to the disk... 0.06 sec
[bwa_aln_core] 24903680 sequences have been processed.
[bwa_aln_core] calculate SA coordinate... 42.21 sec
[bwa_aln_core] write to the disk... 0.06 sec
[bwa_aln_core] 25165824 sequences have been processed.
[bwa_aln_core] calculate SA coordinate... 43.36 sec
[bwa_aln_core] write to the disk... 0.05 sec
[bwa_aln_core] 25427968 sequences have been processed.
[bwa_aln_core] calculate SA coordinate... 38.68 sec
[bwa_aln_core] write to the disk... 0.04 sec
[bwa_aln_core] 25690112 sequences have been processed.
[bwa_aln_core] calculate SA coordinate... 40.13 sec
[bwa_aln_core] write to the disk... 0.05 sec
[bwa_aln_core] 25952256 sequences have been processed.
[bwa_aln_core] calculate SA coordinate... 42.13 sec
[bwa_aln_core] write to the disk... 0.05 sec
[bwa_aln_core] 26214400 sequences have been processed.
[bwa_aln_core] calculate SA coordinate... 42.05 sec
[bwa_aln_core] write to the disk... 0.05 sec
[bwa_aln_core] 26476544 sequences have been processed.
[bwa_aln_core] calculate SA coordinate... 51.10 sec
[bwa_aln_core] write to the disk... 0.05 sec
[bwa_aln_core] 26738688 sequences have been processed.
[bwa_aln_core] calculate SA coordinate... 44.49 sec
[bwa_aln_core] write to the disk... 0.05 sec
[bwa_aln_core] 27000832 sequences have been processed.
[bwa_aln_core] calculate SA coordinate... 35.54 sec
[bwa_aln_core] write to the disk... 0.05 sec
[bwa_aln_core] 27262976 sequences have been processed.
[bwa_aln_core] calculate SA coordinate... 42.62 sec
[bwa_aln_core] write to the disk... 0.06 sec
[bwa_aln_core] 27525120 sequences have been processed.
[bwa_aln_core] calculate SA coordinate... 46.77 sec
[bwa_aln_core] write to the disk... 0.06 sec
[bwa_aln_core] 27787264 sequences have been processed.
[bwa_aln_core] calculate SA coordinate... 35.06 sec
[bwa_aln_core] write to the disk... 0.05 sec
[bwa_aln_core] 28049408 sequences have been processed.
[bwa_aln_core] calculate SA coordinate... 46.46 sec
[bwa_aln_core] write to the disk... 0.06 sec
[bwa_aln_core] 28311552 sequences have been processed.
[bwa_aln_core] calculate SA coordinate... 37.62 sec
[bwa_aln_core] write to the disk... 0.05 sec
[bwa_aln_core] 28573696 sequences have been processed.
[bwa_aln_core] calculate SA coordinate... 44.03 sec
[bwa_aln_core] write to the disk... 0.04 sec
[bwa_aln_core] 28835840 sequences have been processed.
[bwa_aln_core] calculate SA coordinate... 41.99 sec
[bwa_aln_core] write to the disk... 0.06 sec
[bwa_aln_core] 29097984 sequences have been processed.
[bwa_aln_core] calculate SA coordinate... 30.30 sec
[bwa_aln_core] write to the disk... 0.06 sec
[bwa_aln_core] 29360128 sequences have been processed.
[bwa_aln_core] calculate SA coordinate... 36.52 sec
[bwa_aln_core] write to the disk... 0.05 sec
[bwa_aln_core] 29622272 sequences have been processed.
[bwa_aln_core] calculate SA coordinate... 42.93 sec
[bwa_aln_core] write to the disk... 0.05 sec
[bwa_aln_core] 29884416 sequences have been processed.
[bwa_aln_core] calculate SA coordinate... 41.94 sec
[bwa_aln_core] write to the disk... 0.05 sec
[bwa_aln_core] 30146560 sequences have been processed.
[bwa_aln_core] calculate SA coordinate... 38.68 sec
[bwa_aln_core] write to the disk... 0.05 sec
[bwa_aln_core] 30408704 sequences have been processed.
[bwa_aln_core] calculate SA coordinate... 45.50 sec
[bwa_aln_core] write to the disk... 0.06 sec
[bwa_aln_core] 30670848 sequences have been processed.
[bwa_aln_core] calculate SA coordinate... 40.40 sec
[bwa_aln_core] write to the disk... 0.04 sec
[bwa_aln_core] 30932992 sequences have been processed.
[bwa_aln_core] calculate SA coordinate... 31.56 sec
[bwa_aln_core] write to the disk... 0.05 sec
[bwa_aln_core] 31195136 sequences have been processed.
[bwa_aln_core] calculate SA coordinate... 39.07 sec
[bwa_aln_core] write to the disk... 0.04 sec
[bwa_aln_core] 31457280 sequences have been processed.
[bwa_aln_core] calculate SA coordinate... 46.75 sec
[bwa_aln_core] write to the disk... 0.04 sec
[bwa_aln_core] 31719424 sequences have been processed.
[bwa_aln_core] calculate SA coordinate... 28.70 sec
[bwa_aln_core] write to the disk... 0.06 sec
[bwa_aln_core] 31981568 sequences have been processed.
[bwa_aln_core] calculate SA coordinate... 34.99 sec
[bwa_aln_core] write to the disk... 0.05 sec
[bwa_aln_core] 32243712 sequences have been processed.
[bwa_aln_core] calculate SA coordinate... 36.41 sec
[bwa_aln_core] write to the disk... 0.05 sec
[bwa_aln_core] 32505856 sequences have been processed.
[bwa_aln_core] calculate SA coordinate... 30.32 sec
[bwa_aln_core] write to the disk... 0.06 sec
[bwa_aln_core] 32768000 sequences have been processed.
[bwa_aln_core] calculate SA coordinate... 35.62 sec
[bwa_aln_core] write to the disk... 0.05 sec
[bwa_aln_core] 33030144 sequences have been processed.
[bwa_aln_core] calculate SA coordinate... 34.21 sec
[bwa_aln_core] write to the disk... 0.05 sec
[bwa_aln_core] 33292288 sequences have been processed.
[bwa_aln_core] calculate SA coordinate... 31.66 sec
[bwa_aln_core] write to the disk... 0.05 sec
[bwa_aln_core] 33554432 sequences have been processed.
[bwa_aln_core] calculate SA coordinate... 33.79 sec
[bwa_aln_core] write to the disk... 0.04 sec
[bwa_aln_core] 33816576 sequences have been processed.
[bwa_aln_core] calculate SA coordinate... 32.34 sec
[bwa_aln_core] write to the disk... 0.05 sec
[bwa_aln_core] 34078720 sequences have been processed.
[bwa_aln_core] calculate SA coordinate... 39.84 sec
[bwa_aln_core] write to the disk... 0.05 sec
[bwa_aln_core] 34340864 sequences have been processed.
[bwa_aln_core] calculate SA coordinate... 38.85 sec
[bwa_aln_core] write to the disk... 0.05 sec
[bwa_aln_core] 34603008 sequences have been processed.
[bwa_aln_core] calculate SA coordinate... 39.07 sec
[bwa_aln_core] write to the disk... 0.03 sec
[bwa_aln_core] 34865152 sequences have been processed.
[bwa_aln_core] calculate SA coordinate... 44.19 sec
[bwa_aln_core] write to the disk... 0.05 sec
[bwa_aln_core] 35127296 sequences have been processed.
[bwa_aln_core] calculate SA coordinate... 43.59 sec
[bwa_aln_core] write to the disk... 0.04 sec
[bwa_aln_core] 35389440 sequences have been processed.
[bwa_aln_core] calculate SA coordinate... 37.83 sec
[bwa_aln_core] write to the disk... 0.05 sec
[bwa_aln_core] 35651584 sequences have been processed.
[bwa_aln_core] calculate SA coordinate... 31.54 sec
[bwa_aln_core] write to the disk... 0.05 sec
[bwa_aln_core] 35913728 sequences have been processed.
[bwa_aln_core] calculate SA coordinate... 36.91 sec
[bwa_aln_core] write to the disk... 0.04 sec
[bwa_aln_core] 36175872 sequences have been processed.
[bwa_aln_core] calculate SA coordinate... 36.81 sec
[bwa_aln_core] write to the disk... 0.05 sec
[bwa_aln_core] 36438016 sequences have been processed.
[bwa_aln_core] calculate SA coordinate... 37.98 sec
[bwa_aln_core] write to the disk... 0.05 sec
[bwa_aln_core] 36700160 sequences have been processed.
[bwa_aln_core] calculate SA coordinate... 36.84 sec
[bwa_aln_core] write to the disk... 0.05 sec
[bwa_aln_core] 36962304 sequences have been processed.
[bwa_aln_core] calculate SA coordinate... 41.13 sec
[bwa_aln_core] write to the disk... 0.05 sec
[bwa_aln_core] 37224448 sequences have been processed.
[bwa_aln_core] calculate SA coordinate... 31.97 sec
[bwa_aln_core] write to the disk... 0.05 sec
[bwa_aln_core] 37486592 sequences have been processed.
[bwa_aln_core] calculate SA coordinate... 38.03 sec
[bwa_aln_core] write to the disk... 0.06 sec
[bwa_aln_core] 37748736 sequences have been processed.
[bwa_aln_core] calculate SA coordinate... 39.08 sec
[bwa_aln_core] write to the disk... 0.04 sec
[bwa_aln_core] 38010880 sequences have been processed.
[bwa_aln_core] calculate SA coordinate... 32.86 sec
[bwa_aln_core] write to the disk... 0.05 sec
[bwa_aln_core] 38273024 sequences have been processed.
[bwa_aln_core] calculate SA coordinate... 35.88 sec
[bwa_aln_core] write to the disk... 0.06 sec
[bwa_aln_core] 38535168 sequences have been processed.
[bwa_aln_core] calculate SA coordinate... 35.20 sec
[bwa_aln_core] write to the disk... 0.06 sec
[bwa_aln_core] 38797312 sequences have been processed.
[bwa_aln_core] calculate SA coordinate... 34.24 sec
[bwa_aln_core] write to the disk... 0.06 sec
[bwa_aln_core] 39059456 sequences have been processed.
[bwa_aln_core] calculate SA coordinate... 35.08 sec
[bwa_aln_core] write to the disk... 0.05 sec
[bwa_aln_core] 39321600 sequences have been processed.
[bwa_aln_core] calculate SA coordinate... 35.05 sec
[bwa_aln_core] write to the disk... 0.05 sec
[bwa_aln_core] 39583744 sequences have been processed.
[bwa_aln_core] calculate SA coordinate... 34.04 sec
[bwa_aln_core] write to the disk... 0.05 sec
[bwa_aln_core] 39845888 sequences have been processed.
[bwa_aln_core] calculate SA coordinate... 37.93 sec
[bwa_aln_core] write to the disk... 0.06 sec
[bwa_aln_core] 40108032 sequences have been processed.
[bwa_aln_core] calculate SA coordinate... 38.44 sec
[bwa_aln_core] write to the disk... 0.06 sec
[bwa_aln_core] 40370176 sequences have been processed.
[bwa_aln_core] calculate SA coordinate... 41.85 sec
[bwa_aln_core] write to the disk... 0.05 sec
[bwa_aln_core] 40632320 sequences have been processed.
[bwa_aln_core] calculate SA coordinate... 33.60 sec
[bwa_aln_core] write to the disk... 0.04 sec
[bwa_aln_core] 40894464 sequences have been processed.
[bwa_aln_core] calculate SA coordinate... 28.13 sec
[bwa_aln_core] write to the disk... 0.05 sec
[bwa_aln_core] 41156608 sequences have been processed.
[bwa_aln_core] calculate SA coordinate... 32.16 sec
[bwa_aln_core] write to the disk... 0.05 sec
[bwa_aln_core] 41418752 sequences have been processed.
[bwa_aln_core] calculate SA coordinate... 36.36 sec
[bwa_aln_core] write to the disk... 0.05 sec
[bwa_aln_core] 41680896 sequences have been processed.
[bwa_aln_core] calculate SA coordinate... 34.31 sec
[bwa_aln_core] write to the disk... 0.05 sec
[bwa_aln_core] 41943040 sequences have been processed.
[bwa_aln_core] calculate SA coordinate... 36.71 sec
[bwa_aln_core] write to the disk... 0.05 sec
[bwa_aln_core] 42205184 sequences have been processed.
[bwa_aln_core] calculate SA coordinate... 37.66 sec
[bwa_aln_core] write to the disk... 0.06 sec
[bwa_aln_core] 42467328 sequences have been processed.
[bwa_aln_core] calculate SA coordinate... 38.67 sec
[bwa_aln_core] write to the disk... 0.05 sec
[bwa_aln_core] 42729472 sequences have been processed.
[bwa_aln_core] calculate SA coordinate... 44.10 sec
[bwa_aln_core] write to the disk... 0.04 sec
[bwa_aln_core] 42991616 sequences have been processed.
[bwa_aln_core] calculate SA coordinate... 40.98 sec
[bwa_aln_core] write to the disk... 0.05 sec
[bwa_aln_core] 43253760 sequences have been processed.
[bwa_aln_core] calculate SA coordinate... 39.22 sec
[bwa_aln_core] write to the disk... 0.04 sec
[bwa_aln_core] 43515904 sequences have been processed.
[bwa_aln_core] calculate SA coordinate... 41.62 sec
[bwa_aln_core] write to the disk... 0.05 sec
[bwa_aln_core] 43778048 sequences have been processed.
[bwa_aln_core] calculate SA coordinate... 38.79 sec
[bwa_aln_core] write to the disk... 0.04 sec
[bwa_aln_core] 44021418 sequences have been processed.
[main] Version: 0.6.2-r126
[main] CMD: bwa aln /workspace/hrabyc/HPInteraction/data/arabidopsis/index/Arabidopsis_gnomon_mRNA.fa /workspace/hrabyc/HPInteraction/data/arabidopsis/SRR641236.fastq
[main] Real time: 7703.812 sec; CPU: 6998.229 sec
[bwa_aln_core] convert to sequence coordinate... 1.63 sec
[bwa_aln_core] refine gapped alignments... 0.65 sec
[bwa_aln_core] print alignments... 1.19 sec
[bwa_aln_core] 262144 sequences have been processed.
[bwa_aln_core] convert to sequence coordinate... 1.55 sec
[bwa_aln_core] refine gapped alignments... 0.60 sec
[bwa_aln_core] print alignments... 1.03 sec
[bwa_aln_core] 524288 sequences have been processed.
[bwa_aln_core] convert to sequence coordinate... 1.47 sec
[bwa_aln_core] refine gapped alignments... 0.67 sec
[bwa_aln_core] print alignments... 1.06 sec
[bwa_aln_core] 786432 sequences have been processed.
[bwa_aln_core] convert to sequence coordinate... 1.41 sec
[bwa_aln_core] refine gapped alignments... 0.59 sec
[bwa_aln_core] print alignments... 1.01 sec
[bwa_aln_core] 1048576 sequences have been processed.
[bwa_aln_core] convert to sequence coordinate... 1.30 sec
[bwa_aln_core] refine gapped alignments... 0.58 sec
[bwa_aln_core] print alignments... 1.07 sec
[bwa_aln_core] 1310720 sequences have been processed.
[bwa_aln_core] convert to sequence coordinate... 1.41 sec
[bwa_aln_core] refine gapped alignments... 0.65 sec
[bwa_aln_core] print alignments... 1.22 sec
[bwa_aln_core] 1572864 sequences have been processed.
[bwa_aln_core] convert to sequence coordinate... 1.68 sec
[bwa_aln_core] refine gapped alignments... 0.67 sec
[bwa_aln_core] print alignments... 1.19 sec
[bwa_aln_core] 1835008 sequences have been processed.
[bwa_aln_core] convert to sequence coordinate... 1.44 sec
[bwa_aln_core] refine gapped alignments... 0.66 sec
[bwa_aln_core] print alignments... 1.09 sec
[bwa_aln_core] 2097152 sequences have been processed.
[bwa_aln_core] convert to sequence coordinate... 1.35 sec
[bwa_aln_core] refine gapped alignments... 0.58 sec
[bwa_aln_core] print alignments... 1.05 sec
[bwa_aln_core] 2359296 sequences have been processed.
[bwa_aln_core] convert to sequence coordinate... 1.69 sec
[bwa_aln_core] refine gapped alignments... 0.66 sec
[bwa_aln_core] print alignments... 1.22 sec
[bwa_aln_core] 2621440 sequences have been processed.
[bwa_aln_core] convert to sequence coordinate... 1.69 sec
[bwa_aln_core] refine gapped alignments... 0.58 sec
[bwa_aln_core] print alignments... 1.19 sec
[bwa_aln_core] 2883584 sequences have been processed.
[bwa_aln_core] convert to sequence coordinate... 1.77 sec
[bwa_aln_core] refine gapped alignments... 0.67 sec
[bwa_aln_core] print alignments... 1.20 sec
[bwa_aln_core] 3145728 sequences have been processed.
[bwa_aln_core] convert to sequence coordinate... 1.61 sec
[bwa_aln_core] refine gapped alignments... 0.66 sec
[bwa_aln_core] print alignments... 1.22 sec
[bwa_aln_core] 3407872 sequences have been processed.
[bwa_aln_core] convert to sequence coordinate... 1.66 sec
[bwa_aln_core] refine gapped alignments... 0.58 sec
[bwa_aln_core] print alignments... 1.06 sec
[bwa_aln_core] 3670016 sequences have been processed.
[bwa_aln_core] convert to sequence coordinate... 1.32 sec
[bwa_aln_core] refine gapped alignments... 0.57 sec
[bwa_aln_core] print alignments... 1.03 sec
[bwa_aln_core] 3932160 sequences have been processed.
[bwa_aln_core] convert to sequence coordinate... 1.34 sec
[bwa_aln_core] refine gapped alignments... 0.56 sec
[bwa_aln_core] print alignments... 1.03 sec
[bwa_aln_core] 4194304 sequences have been processed.
[bwa_aln_core] convert to sequence coordinate... 1.33 sec
[bwa_aln_core] refine gapped alignments... 0.58 sec
[bwa_aln_core] print alignments... 1.03 sec
[bwa_aln_core] 4456448 sequences have been processed.
[bwa_aln_core] convert to sequence coordinate... 1.37 sec
[bwa_aln_core] refine gapped alignments... 0.57 sec
[bwa_aln_core] print alignments... 1.02 sec
[bwa_aln_core] 4718592 sequences have been processed.
[bwa_aln_core] convert to sequence coordinate... 1.24 sec
[bwa_aln_core] refine gapped alignments... 0.57 sec
[bwa_aln_core] print alignments... 1.03 sec
[bwa_aln_core] 4980736 sequences have been processed.
[bwa_aln_core] convert to sequence coordinate... 1.62 sec
[bwa_aln_core] refine gapped alignments... 0.66 sec
[bwa_aln_core] print alignments... 1.23 sec
[bwa_aln_core] 5242880 sequences have been processed.
[bwa_aln_core] convert to sequence coordinate... 1.57 sec
[bwa_aln_core] refine gapped alignments... 0.57 sec
[bwa_aln_core] print alignments... 1.06 sec
[bwa_aln_core] 5505024 sequences have been processed.
[bwa_aln_core] convert to sequence coordinate... 1.61 sec
[bwa_aln_core] refine gapped alignments... 0.66 sec
[bwa_aln_core] print alignments... 1.20 sec
[bwa_aln_core] 5767168 sequences have been processed.
[bwa_aln_core] convert to sequence coordinate... 1.56 sec
[bwa_aln_core] refine gapped alignments... 0.68 sec
[bwa_aln_core] print alignments... 1.24 sec
[bwa_aln_core] 6029312 sequences have been processed.
[bwa_aln_core] convert to sequence coordinate... 1.38 sec
[bwa_aln_core] refine gapped alignments... 0.60 sec
[bwa_aln_core] print alignments... 1.07 sec
[bwa_aln_core] 6291456 sequences have been processed.
[bwa_aln_core] convert to sequence coordinate... 1.76 sec
[bwa_aln_core] refine gapped alignments... 0.63 sec
[bwa_aln_core] print alignments... 1.21 sec
[bwa_aln_core] 6553600 sequences have been processed.
[bwa_aln_core] convert to sequence coordinate... 2.00 sec
[bwa_aln_core] refine gapped alignments... 0.66 sec
[bwa_aln_core] print alignments... 1.22 sec
[bwa_aln_core] 6815744 sequences have been processed.
[bwa_aln_core] convert to sequence coordinate... 5.60 sec
[bwa_aln_core] refine gapped alignments... 0.57 sec
[bwa_aln_core] print alignments... 1.05 sec
[bwa_aln_core] 7077888 sequences have been processed.
[bwa_aln_core] convert to sequence coordinate... 1.38 sec
[bwa_aln_core] refine gapped alignments... 0.56 sec
[bwa_aln_core] print alignments... 1.05 sec
[bwa_aln_core] 7340032 sequences have been processed.
[bwa_aln_core] convert to sequence coordinate... 1.38 sec
[bwa_aln_core] refine gapped alignments... 0.56 sec
[bwa_aln_core] print alignments... 1.04 sec
[bwa_aln_core] 7602176 sequences have been processed.
[bwa_aln_core] convert to sequence coordinate... 1.67 sec
[bwa_aln_core] refine gapped alignments... 0.56 sec
[bwa_aln_core] print alignments... 1.05 sec
[bwa_aln_core] 7864320 sequences have been processed.
[bwa_aln_core] convert to sequence coordinate... 2.61 sec
[bwa_aln_core] refine gapped alignments... 0.59 sec
[bwa_aln_core] print alignments... 1.05 sec
[bwa_aln_core] 8126464 sequences have been processed.
[bwa_aln_core] convert to sequence coordinate... 1.31 sec
[bwa_aln_core] refine gapped alignments... 0.59 sec
[bwa_aln_core] print alignments... 1.04 sec
[bwa_aln_core] 8388608 sequences have been processed.
[bwa_aln_core] convert to sequence coordinate... 1.29 sec
[bwa_aln_core] refine gapped alignments... 0.58 sec
[bwa_aln_core] print alignments... 1.03 sec
[bwa_aln_core] 8650752 sequences have been processed.
[bwa_aln_core] convert to sequence coordinate... 1.29 sec
[bwa_aln_core] refine gapped alignments... 0.57 sec
[bwa_aln_core] print alignments... 1.02 sec
[bwa_aln_core] 8912896 sequences have been processed.
[bwa_aln_core] convert to sequence coordinate... 1.35 sec
[bwa_aln_core] refine gapped alignments... 0.58 sec
[bwa_aln_core] print alignments... 1.44 sec
[bwa_aln_core] 9175040 sequences have been processed.
[bwa_aln_core] convert to sequence coordinate... 1.83 sec
[bwa_aln_core] refine gapped alignments... 0.68 sec
[bwa_aln_core] print alignments... 1.18 sec
[bwa_aln_core] 9437184 sequences have been processed.
[bwa_aln_core] convert to sequence coordinate... 1.47 sec
[bwa_aln_core] refine gapped alignments... 0.59 sec
[bwa_aln_core] print alignments... 1.03 sec
[bwa_aln_core] 9699328 sequences have been processed.
[bwa_aln_core] convert to sequence coordinate... 1.34 sec
[bwa_aln_core] refine gapped alignments... 0.59 sec
[bwa_aln_core] print alignments... 1.03 sec
[bwa_aln_core] 9961472 sequences have been processed.
[bwa_aln_core] convert to sequence coordinate... 1.79 sec
[bwa_aln_core] refine gapped alignments... 0.57 sec
[bwa_aln_core] print alignments... 1.03 sec
[bwa_aln_core] 10223616 sequences have been processed.
[bwa_aln_core] convert to sequence coordinate... 1.47 sec
[bwa_aln_core] refine gapped alignments... 0.58 sec
[bwa_aln_core] print alignments... 1.02 sec
[bwa_aln_core] 10485760 sequences have been processed.
[bwa_aln_core] convert to sequence coordinate... 1.56 sec
[bwa_aln_core] refine gapped alignments... 0.67 sec
[bwa_aln_core] print alignments... 1.15 sec
[bwa_aln_core] 10747904 sequences have been processed.
[bwa_aln_core] convert to sequence coordinate... 1.43 sec
[bwa_aln_core] refine gapped alignments... 0.59 sec
[bwa_aln_core] print alignments... 1.06 sec
[bwa_aln_core] 11010048 sequences have been processed.
[bwa_aln_core] convert to sequence coordinate... 2.92 sec
[bwa_aln_core] refine gapped alignments... 0.59 sec
[bwa_aln_core] print alignments... 1.02 sec
[bwa_aln_core] 11272192 sequences have been processed.
[bwa_aln_core] convert to sequence coordinate... 3.72 sec
[bwa_aln_core] refine gapped alignments... 0.60 sec
[bwa_aln_core] print alignments... 1.04 sec
[bwa_aln_core] 11534336 sequences have been processed.
[bwa_aln_core] convert to sequence coordinate... 1.41 sec
[bwa_aln_core] refine gapped alignments... 0.59 sec
[bwa_aln_core] print alignments... 1.06 sec
[bwa_aln_core] 11796480 sequences have been processed.
[bwa_aln_core] convert to sequence coordinate... 1.41 sec
[bwa_aln_core] refine gapped alignments... 0.60 sec
[bwa_aln_core] print alignments... 1.04 sec
[bwa_aln_core] 12058624 sequences have been processed.
[bwa_aln_core] convert to sequence coordinate... 6.05 sec
[bwa_aln_core] refine gapped alignments... 0.62 sec
[bwa_aln_core] print alignments... 1.18 sec
[bwa_aln_core] 12320768 sequences have been processed.
[bwa_aln_core] convert to sequence coordinate... 4.00 sec
[bwa_aln_core] refine gapped alignments... 0.60 sec
[bwa_aln_core] print alignments... 1.03 sec
[bwa_aln_core] 12582912 sequences have been processed.
[bwa_aln_core] convert to sequence coordinate... 10.82 sec
[bwa_aln_core] refine gapped alignments... 0.58 sec
[bwa_aln_core] print alignments... 1.05 sec
[bwa_aln_core] 12845056 sequences have been processed.
[bwa_aln_core] convert to sequence coordinate... 26.14 sec
[bwa_aln_core] refine gapped alignments... 0.58 sec
[bwa_aln_core] print alignments... 1.04 sec
[bwa_aln_core] 13107200 sequences have been processed.
[bwa_aln_core] convert to sequence coordinate... 1.42 sec
[bwa_aln_core] refine gapped alignments... 0.60 sec
[bwa_aln_core] print alignments... 1.03 sec
[bwa_aln_core] 13369344 sequences have been processed.
[bwa_aln_core] convert to sequence coordinate... 4.11 sec
[bwa_aln_core] refine gapped alignments... 0.58 sec
[bwa_aln_core] print alignments... 1.03 sec
[bwa_aln_core] 13631488 sequences have been processed.
[bwa_aln_core] convert to sequence coordinate... 5.89 sec
[bwa_aln_core] refine gapped alignments... 0.61 sec
[bwa_aln_core] print alignments... 1.05 sec
[bwa_aln_core] 13893632 sequences have been processed.
[bwa_aln_core] convert to sequence coordinate... 1.53 sec
[bwa_aln_core] refine gapped alignments... 0.58 sec
[bwa_aln_core] print alignments... 1.05 sec
[bwa_aln_core] 14155776 sequences have been processed.
[bwa_aln_core] convert to sequence coordinate... 33.56 sec
[bwa_aln_core] refine gapped alignments... 0.59 sec
[bwa_aln_core] print alignments... 1.04 sec
[bwa_aln_core] 14417920 sequences have been processed.
[bwa_aln_core] convert to sequence coordinate... 1.62 sec
[bwa_aln_core] refine gapped alignments... 0.60 sec
[bwa_aln_core] print alignments... 1.03 sec
[bwa_aln_core] 14680064 sequences have been processed.
[bwa_aln_core] convert to sequence coordinate... 1.65 sec
[bwa_aln_core] refine gapped alignments... 0.59 sec
[bwa_aln_core] print alignments... 1.05 sec
[bwa_aln_core] 14942208 sequences have been processed.
[bwa_aln_core] convert to sequence coordinate... 1.46 sec
[bwa_aln_core] refine gapped alignments... 0.62 sec
[bwa_aln_core] print alignments... 1.09 sec
[bwa_aln_core] 15204352 sequences have been processed.
[bwa_aln_core] convert to sequence coordinate... 12.53 sec
[bwa_aln_core] refine gapped alignments... 0.69 sec
[bwa_aln_core] print alignments... 1.24 sec
[bwa_aln_core] 15466496 sequences have been processed.
[bwa_aln_core] convert to sequence coordinate... 15.78 sec
[bwa_aln_core] refine gapped alignments... 0.70 sec
[bwa_aln_core] print alignments... 1.23 sec
[bwa_aln_core] 15728640 sequences have been processed.
[bwa_aln_core] convert to sequence coordinate... 10.70 sec
[bwa_aln_core] refine gapped alignments... 0.65 sec
[bwa_aln_core] print alignments... 1.19 sec
[bwa_aln_core] 15990784 sequences have been processed.
[bwa_aln_core] convert to sequence coordinate... 1.54 sec
[bwa_aln_core] refine gapped alignments... 0.67 sec
[bwa_aln_core] print alignments... 1.15 sec
[bwa_aln_core] 16252928 sequences have been processed.
[bwa_aln_core] convert to sequence coordinate... 1.43 sec
[bwa_aln_core] refine gapped alignments... 0.59 sec
[bwa_aln_core] print alignments... 1.03 sec
[bwa_aln_core] 16515072 sequences have been processed.
[bwa_aln_core] convert to sequence coordinate... 1.65 sec
[bwa_aln_core] refine gapped alignments... 0.57 sec
[bwa_aln_core] print alignments... 1.03 sec
[bwa_aln_core] 16777216 sequences have been processed.
[bwa_aln_core] convert to sequence coordinate... 1.58 sec
[bwa_aln_core] refine gapped alignments... 0.58 sec
[bwa_aln_core] print alignments... 1.04 sec
[bwa_aln_core] 17039360 sequences have been processed.
[bwa_aln_core] convert to sequence coordinate... 1.35 sec
[bwa_aln_core] refine gapped alignments... 0.56 sec
[bwa_aln_core] print alignments... 1.03 sec
[bwa_aln_core] 17301504 sequences have been processed.
[bwa_aln_core] convert to sequence coordinate... 1.34 sec
[bwa_aln_core] refine gapped alignments... 0.59 sec
[bwa_aln_core] print alignments... 1.04 sec
[bwa_aln_core] 17563648 sequences have been processed.
[bwa_aln_core] convert to sequence coordinate... 1.34 sec
[bwa_aln_core] refine gapped alignments... 0.58 sec
[bwa_aln_core] print alignments... 1.05 sec
[bwa_aln_core] 17825792 sequences have been processed.
[bwa_aln_core] convert to sequence coordinate... 1.34 sec
[bwa_aln_core] refine gapped alignments... 0.56 sec
[bwa_aln_core] print alignments... 1.04 sec
[bwa_aln_core] 18087936 sequences have been processed.
[bwa_aln_core] convert to sequence coordinate... 1.31 sec
[bwa_aln_core] refine gapped alignments... 0.55 sec
[bwa_aln_core] print alignments... 1.01 sec
[bwa_aln_core] 18350080 sequences have been processed.
[bwa_aln_core] convert to sequence coordinate... 20.69 sec
[bwa_aln_core] refine gapped alignments... 0.59 sec
[bwa_aln_core] print alignments... 1.03 sec
[bwa_aln_core] 18612224 sequences have been processed.
[bwa_aln_core] convert to sequence coordinate... 3.29 sec
[bwa_aln_core] refine gapped alignments... 0.60 sec
[bwa_aln_core] print alignments... 1.05 sec
[bwa_aln_core] 18874368 sequences have been processed.
[bwa_aln_core] convert to sequence coordinate... 7.30 sec
[bwa_aln_core] refine gapped alignments... 0.60 sec
[bwa_aln_core] print alignments... 1.07 sec
[bwa_aln_core] 19136512 sequences have been processed.
[bwa_aln_core] convert to sequence coordinate... 4.71 sec
[bwa_aln_core] refine gapped alignments... 0.62 sec
[bwa_aln_core] print alignments... 1.16 sec
[bwa_aln_core] 19398656 sequences have been processed.
[bwa_aln_core] convert to sequence coordinate... 1.49 sec
[bwa_aln_core] refine gapped alignments... 0.62 sec
[bwa_aln_core] print alignments... 1.07 sec
[bwa_aln_core] 19660800 sequences have been processed.
[bwa_aln_core] convert to sequence coordinate... 3.64 sec
[bwa_aln_core] refine gapped alignments... 0.63 sec
[bwa_aln_core] print alignments... 1.03 sec
[bwa_aln_core] 19922944 sequences have been processed.
[bwa_aln_core] convert to sequence coordinate... 1.72 sec
[bwa_aln_core] refine gapped alignments... 0.58 sec
[bwa_aln_core] print alignments... 1.05 sec
[bwa_aln_core] 20185088 sequences have been processed.
[bwa_aln_core] convert to sequence coordinate... 2.43 sec
[bwa_aln_core] refine gapped alignments... 0.59 sec
[bwa_aln_core] print alignments... 1.05 sec
[bwa_aln_core] 20447232 sequences have been processed.
[bwa_aln_core] convert to sequence coordinate... 1.65 sec
[bwa_aln_core] refine gapped alignments... 0.69 sec
[bwa_aln_core] print alignments... 1.19 sec
[bwa_aln_core] 20709376 sequences have been processed.
[bwa_aln_core] convert to sequence coordinate... 1.50 sec
[bwa_aln_core] refine gapped alignments... 0.68 sec
[bwa_aln_core] print alignments... 1.24 sec
[bwa_aln_core] 20971520 sequences have been processed.
[bwa_aln_core] convert to sequence coordinate... 1.66 sec
[bwa_aln_core] refine gapped alignments... 0.66 sec
[bwa_aln_core] print alignments... 1.24 sec
[bwa_aln_core] 21233664 sequences have been processed.
[bwa_aln_core] convert to sequence coordinate... 1.57 sec
[bwa_aln_core] refine gapped alignments... 0.67 sec
[bwa_aln_core] print alignments... 1.11 sec
[bwa_aln_core] 21495808 sequences have been processed.
[bwa_aln_core] convert to sequence coordinate... 2.27 sec
[bwa_aln_core] refine gapped alignments... 0.57 sec
[bwa_aln_core] print alignments... 1.06 sec
[bwa_aln_core] 21757952 sequences have been processed.
[bwa_aln_core] convert to sequence coordinate... 3.94 sec
[bwa_aln_core] refine gapped alignments... 0.65 sec
[bwa_aln_core] print alignments... 1.19 sec
[bwa_aln_core] 22020096 sequences have been processed.
[bwa_aln_core] convert to sequence coordinate... 1.34 sec
[bwa_aln_core] refine gapped alignments... 0.56 sec
[bwa_aln_core] print alignments... 1.03 sec
[bwa_aln_core] 22282240 sequences have been processed.
[bwa_aln_core] convert to sequence coordinate... 1.47 sec
[bwa_aln_core] refine gapped alignments... 0.56 sec
[bwa_aln_core] print alignments... 1.02 sec
[bwa_aln_core] 22544384 sequences have been processed.
[bwa_aln_core] convert to sequence coordinate... 4.02 sec
[bwa_aln_core] refine gapped alignments... 0.58 sec
[bwa_aln_core] print alignments... 1.07 sec
[bwa_aln_core] 22806528 sequences have been processed.
[bwa_aln_core] convert to sequence coordinate... 1.83 sec
[bwa_aln_core] refine gapped alignments... 0.65 sec
[bwa_aln_core] print alignments... 1.19 sec
[bwa_aln_core] 23068672 sequences have been processed.
[bwa_aln_core] convert to sequence coordinate... 3.82 sec
[bwa_aln_core] refine gapped alignments... 0.59 sec
[bwa_aln_core] print alignments... 1.05 sec
[bwa_aln_core] 23330816 sequences have been processed.
[bwa_aln_core] convert to sequence coordinate... 1.70 sec
[bwa_aln_core] refine gapped alignments... 0.60 sec
[bwa_aln_core] print alignments... 1.11 sec
[bwa_aln_core] 23592960 sequences have been processed.
[bwa_aln_core] convert to sequence coordinate... 1.65 sec
[bwa_aln_core] refine gapped alignments... 0.60 sec
[bwa_aln_core] print alignments... 1.12 sec
[bwa_aln_core] 23855104 sequences have been processed.
[bwa_aln_core] convert to sequence coordinate... 3.24 sec
[bwa_aln_core] refine gapped alignments... 0.61 sec
[bwa_aln_core] print alignments... 1.08 sec
[bwa_aln_core] 24117248 sequences have been processed.
[bwa_aln_core] convert to sequence coordinate... 1.61 sec
[bwa_aln_core] refine gapped alignments... 0.59 sec
[bwa_aln_core] print alignments... 1.10 sec
[bwa_aln_core] 24379392 sequences have been processed.
[bwa_aln_core] convert to sequence coordinate... 1.72 sec
[bwa_aln_core] refine gapped alignments... 0.60 sec
[bwa_aln_core] print alignments... 1.07 sec
[bwa_aln_core] 24641536 sequences have been processed.
[bwa_aln_core] convert to sequence coordinate... 1.47 sec
[bwa_aln_core] refine gapped alignments... 0.56 sec
[bwa_aln_core] print alignments... 1.05 sec
[bwa_aln_core] 24903680 sequences have been processed.
[bwa_aln_core] convert to sequence coordinate... 4.05 sec
[bwa_aln_core] refine gapped alignments... 0.56 sec
[bwa_aln_core] print alignments... 1.02 sec
[bwa_aln_core] 25165824 sequences have been processed.
[bwa_aln_core] convert to sequence coordinate... 1.36 sec
[bwa_aln_core] refine gapped alignments... 0.56 sec
[bwa_aln_core] print alignments... 1.04 sec
[bwa_aln_core] 25427968 sequences have been processed.
[bwa_aln_core] convert to sequence coordinate... 1.36 sec
[bwa_aln_core] refine gapped alignments... 0.55 sec
[bwa_aln_core] print alignments... 1.04 sec
[bwa_aln_core] 25690112 sequences have been processed.
[bwa_aln_core] convert to sequence coordinate... 2.87 sec
[bwa_aln_core] refine gapped alignments... 0.61 sec
[bwa_aln_core] print alignments... 1.02 sec
[bwa_aln_core] 25952256 sequences have been processed.
[bwa_aln_core] convert to sequence coordinate... 13.02 sec
[bwa_aln_core] refine gapped alignments... 0.68 sec
[bwa_aln_core] print alignments... 1.18 sec
[bwa_aln_core] 26214400 sequences have been processed.
[bwa_aln_core] convert to sequence coordinate... 1.46 sec
[bwa_aln_core] refine gapped alignments... 0.69 sec
[bwa_aln_core] print alignments... 1.18 sec
[bwa_aln_core] 26476544 sequences have been processed.
[bwa_aln_core] convert to sequence coordinate... 1.57 sec
[bwa_aln_core] refine gapped alignments... 0.65 sec
[bwa_aln_core] print alignments... 1.22 sec
[bwa_aln_core] 26738688 sequences have been processed.
[bwa_aln_core] convert to sequence coordinate... 17.66 sec
[bwa_aln_core] refine gapped alignments... 0.59 sec
[bwa_aln_core] print alignments... 1.12 sec
[bwa_aln_core] 27000832 sequences have been processed.
[bwa_aln_core] convert to sequence coordinate... 4.84 sec
[bwa_aln_core] refine gapped alignments... 0.57 sec
[bwa_aln_core] print alignments... 1.01 sec
[bwa_aln_core] 27262976 sequences have been processed.
[bwa_aln_core] convert to sequence coordinate... 1.65 sec
[bwa_aln_core] refine gapped alignments... 0.66 sec
[bwa_aln_core] print alignments... 1.17 sec
[bwa_aln_core] 27525120 sequences have been processed.
[bwa_aln_core] convert to sequence coordinate... 4.47 sec
[bwa_aln_core] refine gapped alignments... 0.53 sec
[bwa_aln_core] print alignments... 1.01 sec
[bwa_aln_core] 27787264 sequences have been processed.
[bwa_aln_core] convert to sequence coordinate... 1.79 sec
[bwa_aln_core] refine gapped alignments... 0.67 sec
[bwa_aln_core] print alignments... 1.25 sec
[bwa_aln_core] 28049408 sequences have been processed.
[bwa_aln_core] convert to sequence coordinate... 5.25 sec
[bwa_aln_core] refine gapped alignments... 0.57 sec
[bwa_aln_core] print alignments... 1.05 sec
[bwa_aln_core] 28311552 sequences have been processed.
[bwa_aln_core] convert to sequence coordinate... 2.51 sec
[bwa_aln_core] refine gapped alignments... 0.58 sec
[bwa_aln_core] print alignments... 1.06 sec
[bwa_aln_core] 28573696 sequences have been processed.
[bwa_aln_core] convert to sequence coordinate... 1.58 sec
[bwa_aln_core] refine gapped alignments... 0.57 sec
[bwa_aln_core] print alignments... 1.05 sec
[bwa_aln_core] 28835840 sequences have been processed.
[bwa_aln_core] convert to sequence coordinate... 1.69 sec
[bwa_aln_core] refine gapped alignments... 0.56 sec
[bwa_aln_core] print alignments... 1.05 sec
[bwa_aln_core] 29097984 sequences have been processed.
[bwa_aln_core] convert to sequence coordinate... 1.56 sec
[bwa_aln_core] refine gapped alignments... 0.67 sec
[bwa_aln_core] print alignments... 1.19 sec
[bwa_aln_core] 29360128 sequences have been processed.
[bwa_aln_core] convert to sequence coordinate... 1.31 sec
[bwa_aln_core] refine gapped alignments... 0.59 sec
[bwa_aln_core] print alignments... 1.04 sec
[bwa_aln_core] 29622272 sequences have been processed.
[bwa_aln_core] convert to sequence coordinate... 1.30 sec
[bwa_aln_core] refine gapped alignments... 0.58 sec
[bwa_aln_core] print alignments... 1.09 sec
[bwa_aln_core] 29884416 sequences have been processed.
[bwa_aln_core] convert to sequence coordinate... 1.38 sec
[bwa_aln_core] refine gapped alignments... 0.56 sec
[bwa_aln_core] print alignments... 1.04 sec
[bwa_aln_core] 30146560 sequences have been processed.
[bwa_aln_core] convert to sequence coordinate... 1.31 sec
[bwa_aln_core] refine gapped alignments... 0.58 sec
[bwa_aln_core] print alignments... 1.04 sec
[bwa_aln_core] 30408704 sequences have been processed.
[bwa_aln_core] convert to sequence coordinate... 3.53 sec
[bwa_aln_core] refine gapped alignments... 0.68 sec
[bwa_aln_core] print alignments... 1.18 sec
[bwa_aln_core] 30670848 sequences have been processed.
[bwa_aln_core] convert to sequence coordinate... 3.49 sec
[bwa_aln_core] refine gapped alignments... 0.66 sec
[bwa_aln_core] print alignments... 1.18 sec
[bwa_aln_core] 30932992 sequences have been processed.
[bwa_aln_core] convert to sequence coordinate... 3.84 sec
[bwa_aln_core] refine gapped alignments... 0.55 sec
[bwa_aln_core] print alignments... 1.00 sec
[bwa_aln_core] 31195136 sequences have been processed.
[bwa_aln_core] convert to sequence coordinate... 1.91 sec
[bwa_aln_core] refine gapped alignments... 0.59 sec
[bwa_aln_core] print alignments... 1.07 sec
[bwa_aln_core] 31457280 sequences have been processed.
[bwa_aln_core] convert to sequence coordinate... 1.86 sec
[bwa_aln_core] refine gapped alignments... 0.59 sec
[bwa_aln_core] print alignments... 1.07 sec
[bwa_aln_core] 31719424 sequences have been processed.
[bwa_aln_core] convert to sequence coordinate... 1.51 sec
[bwa_aln_core] refine gapped alignments... 0.62 sec
[bwa_aln_core] print alignments... 1.08 sec
[bwa_aln_core] 31981568 sequences have been processed.
[bwa_aln_core] convert to sequence coordinate... 1.33 sec
[bwa_aln_core] refine gapped alignments... 0.57 sec
[bwa_aln_core] print alignments... 1.04 sec
[bwa_aln_core] 32243712 sequences have been processed.
[bwa_aln_core] convert to sequence coordinate... 1.28 sec
[bwa_aln_core] refine gapped alignments... 0.61 sec
[bwa_aln_core] print alignments... 1.14 sec
[bwa_aln_core] 32505856 sequences have been processed.
[bwa_aln_core] convert to sequence coordinate... 1.36 sec
[bwa_aln_core] refine gapped alignments... 0.67 sec
[bwa_aln_core] print alignments... 1.19 sec
[bwa_aln_core] 32768000 sequences have been processed.
[bwa_aln_core] convert to sequence coordinate... 1.56 sec
[bwa_aln_core] refine gapped alignments... 0.67 sec
[bwa_aln_core] print alignments... 1.26 sec
[bwa_aln_core] 33030144 sequences have been processed.
[bwa_aln_core] convert to sequence coordinate... 1.60 sec
[bwa_aln_core] refine gapped alignments... 0.67 sec
[bwa_aln_core] print alignments... 1.21 sec
[bwa_aln_core] 33292288 sequences have been processed.
[bwa_aln_core] convert to sequence coordinate... 6.27 sec
[bwa_aln_core] refine gapped alignments... 0.64 sec
[bwa_aln_core] print alignments... 1.19 sec
[bwa_aln_core] 33554432 sequences have been processed.
[bwa_aln_core] convert to sequence coordinate... 2.59 sec
[bwa_aln_core] refine gapped alignments... 0.62 sec
[bwa_aln_core] print alignments... 1.04 sec
[bwa_aln_core] 33816576 sequences have been processed.
[bwa_aln_core] convert to sequence coordinate... 5.98 sec
[bwa_aln_core] refine gapped alignments... 0.59 sec
[bwa_aln_core] print alignments... 1.02 sec
[bwa_aln_core] 34078720 sequences have been processed.
[bwa_aln_core] convert to sequence coordinate... 2.68 sec
[bwa_aln_core] refine gapped alignments... 0.57 sec
[bwa_aln_core] print alignments... 1.04 sec
[bwa_aln_core] 34340864 sequences have been processed.
[bwa_aln_core] convert to sequence coordinate... 6.75 sec
[bwa_aln_core] refine gapped alignments... 0.66 sec
[bwa_aln_core] print alignments... 1.09 sec
[bwa_aln_core] 34603008 sequences have been processed.
[bwa_aln_core] convert to sequence coordinate... 5.10 sec
[bwa_aln_core] refine gapped alignments... 0.37 sec
[bwa_aln_core] print alignments... 0.93 sec
[bwa_aln_core] 34865152 sequences have been processed.
[bwa_aln_core] convert to sequence coordinate... 5.28 sec
[bwa_aln_core] refine gapped alignments... 0.39 sec
[bwa_aln_core] print alignments... 0.99 sec
[bwa_aln_core] 35127296 sequences have been processed.
[bwa_aln_core] convert to sequence coordinate... 1.37 sec
[bwa_aln_core] refine gapped alignments... 0.38 sec
[bwa_aln_core] print alignments... 0.97 sec
[bwa_aln_core] 35389440 sequences have been processed.
[bwa_aln_core] convert to sequence coordinate... 8.94 sec
[bwa_aln_core] refine gapped alignments... 0.46 sec
[bwa_aln_core] print alignments... 0.97 sec
[bwa_aln_core] 35651584 sequences have been processed.
[bwa_aln_core] convert to sequence coordinate... 2.06 sec
[bwa_aln_core] refine gapped alignments... 0.59 sec
[bwa_aln_core] print alignments... 1.08 sec
[bwa_aln_core] 35913728 sequences have been processed.
[bwa_aln_core] convert to sequence coordinate... 3.79 sec
[bwa_aln_core] refine gapped alignments... 0.59 sec
[bwa_aln_core] print alignments... 1.07 sec
[bwa_aln_core] 36175872 sequences have been processed.
[bwa_aln_core] convert to sequence coordinate... 2.96 sec
[bwa_aln_core] refine gapped alignments... 0.60 sec
[bwa_aln_core] print alignments... 1.06 sec
[bwa_aln_core] 36438016 sequences have been processed.
[bwa_aln_core] convert to sequence coordinate... 2.02 sec
[bwa_aln_core] refine gapped alignments... 0.59 sec
[bwa_aln_core] print alignments... 1.02 sec
[bwa_aln_core] 36700160 sequences have been processed.
[bwa_aln_core] convert to sequence coordinate... 2.81 sec
[bwa_aln_core] refine gapped alignments... 0.56 sec
[bwa_aln_core] print alignments... 1.22 sec
[bwa_aln_core] 36962304 sequences have been processed.
[bwa_aln_core] convert to sequence coordinate... 1.46 sec
[bwa_aln_core] refine gapped alignments... 0.62 sec
[bwa_aln_core] print alignments... 1.19 sec
[bwa_aln_core] 37224448 sequences have been processed.
[bwa_aln_core] convert to sequence coordinate... 1.99 sec
[bwa_aln_core] refine gapped alignments... 0.66 sec
[bwa_aln_core] print alignments... 1.17 sec
[bwa_aln_core] 37486592 sequences have been processed.
[bwa_aln_core] convert to sequence coordinate... 1.61 sec
[bwa_aln_core] refine gapped alignments... 0.68 sec
[bwa_aln_core] print alignments... 1.22 sec
[bwa_aln_core] 37748736 sequences have been processed.
[bwa_aln_core] convert to sequence coordinate... 1.64 sec
[bwa_aln_core] refine gapped alignments... 0.65 sec
[bwa_aln_core] print alignments... 1.21 sec
[bwa_aln_core] 38010880 sequences have been processed.
[bwa_aln_core] convert to sequence coordinate... 1.53 sec
[bwa_aln_core] refine gapped alignments... 0.64 sec
[bwa_aln_core] print alignments... 1.22 sec
[bwa_aln_core] 38273024 sequences have been processed.
[bwa_aln_core] convert to sequence coordinate... 1.51 sec
[bwa_aln_core] refine gapped alignments... 0.62 sec
[bwa_aln_core] print alignments... 1.22 sec
[bwa_aln_core] 38535168 sequences have been processed.
[bwa_aln_core] convert to sequence coordinate... 1.41 sec
[bwa_aln_core] refine gapped alignments... 0.58 sec
[bwa_aln_core] print alignments... 1.05 sec
[bwa_aln_core] 38797312 sequences have been processed.
[bwa_aln_core] convert to sequence coordinate... 1.42 sec
[bwa_aln_core] refine gapped alignments... 0.58 sec
[bwa_aln_core] print alignments... 1.06 sec
[bwa_aln_core] 39059456 sequences have been processed.
[bwa_aln_core] convert to sequence coordinate... 1.40 sec
[bwa_aln_core] refine gapped alignments... 0.59 sec
[bwa_aln_core] print alignments... 1.06 sec
[bwa_aln_core] 39321600 sequences have been processed.
[bwa_aln_core] convert to sequence coordinate... 1.43 sec
[bwa_aln_core] refine gapped alignments... 0.57 sec
[bwa_aln_core] print alignments... 1.05 sec
[bwa_aln_core] 39583744 sequences have been processed.
[bwa_aln_core] convert to sequence coordinate... 1.39 sec
[bwa_aln_core] refine gapped alignments... 0.60 sec
[bwa_aln_core] print alignments... 1.05 sec
[bwa_aln_core] 39845888 sequences have been processed.
[bwa_aln_core] convert to sequence coordinate... 1.38 sec
[bwa_aln_core] refine gapped alignments... 0.56 sec
[bwa_aln_core] print alignments... 1.02 sec
[bwa_aln_core] 40108032 sequences have been processed.
[bwa_aln_core] convert to sequence coordinate... 1.37 sec
[bwa_aln_core] refine gapped alignments... 0.55 sec
[bwa_aln_core] print alignments... 1.06 sec
[bwa_aln_core] 40370176 sequences have been processed.
[bwa_aln_core] convert to sequence coordinate... 1.59 sec
[bwa_aln_core] refine gapped alignments... 0.58 sec
[bwa_aln_core] print alignments... 1.06 sec
[bwa_aln_core] 40632320 sequences have been processed.
[bwa_aln_core] convert to sequence coordinate... 1.61 sec
[bwa_aln_core] refine gapped alignments... 0.64 sec
[bwa_aln_core] print alignments... 1.23 sec
[bwa_aln_core] 40894464 sequences have been processed.
[bwa_aln_core] convert to sequence coordinate... 1.49 sec
[bwa_aln_core] refine gapped alignments... 0.64 sec
[bwa_aln_core] print alignments... 1.22 sec
[bwa_aln_core] 41156608 sequences have been processed.
[bwa_aln_core] convert to sequence coordinate... 1.53 sec
[bwa_aln_core] refine gapped alignments... 0.64 sec
[bwa_aln_core] print alignments... 1.07 sec
[bwa_aln_core] 41418752 sequences have been processed.
[bwa_aln_core] convert to sequence coordinate... 1.60 sec
[bwa_aln_core] refine gapped alignments... 0.56 sec
[bwa_aln_core] print alignments... 1.07 sec
[bwa_aln_core] 41680896 sequences have been processed.
[bwa_aln_core] convert to sequence coordinate... 1.59 sec
[bwa_aln_core] refine gapped alignments... 0.55 sec
[bwa_aln_core] print alignments... 1.08 sec
[bwa_aln_core] 41943040 sequences have been processed.
[bwa_aln_core] convert to sequence coordinate... 1.74 sec
[bwa_aln_core] refine gapped alignments... 0.56 sec
[bwa_aln_core] print alignments... 1.04 sec
[bwa_aln_core] 42205184 sequences have been processed.
[bwa_aln_core] convert to sequence coordinate... 1.40 sec
[bwa_aln_core] refine gapped alignments... 0.57 sec
[bwa_aln_core] print alignments... 1.06 sec
[bwa_aln_core] 42467328 sequences have been processed.
[bwa_aln_core] convert to sequence coordinate... 1.40 sec
[bwa_aln_core] refine gapped alignments... 0.60 sec
[bwa_aln_core] print alignments... 1.03 sec
[bwa_aln_core] 42729472 sequences have been processed.
[bwa_aln_core] convert to sequence coordinate... 1.43 sec
[bwa_aln_core] refine gapped alignments... 0.65 sec
[bwa_aln_core] print alignments... 1.19 sec
[bwa_aln_core] 42991616 sequences have been processed.
[bwa_aln_core] convert to sequence coordinate... 1.53 sec
[bwa_aln_core] refine gapped alignments... 0.65 sec
[bwa_aln_core] print alignments... 1.20 sec
[bwa_aln_core] 43253760 sequences have been processed.
[bwa_aln_core] convert to sequence coordinate... 1.77 sec
[bwa_aln_core] refine gapped alignments... 0.63 sec
[bwa_aln_core] print alignments... 1.08 sec
[bwa_aln_core] 43515904 sequences have been processed.
[bwa_aln_core] convert to sequence coordinate... 1.51 sec
[bwa_aln_core] refine gapped alignments... 0.63 sec
[bwa_aln_core] print alignments... 1.19 sec
[bwa_aln_core] 43778048 sequences have been processed.
[bwa_aln_core] convert to sequence coordinate... 1.64 sec
[bwa_aln_core] refine gapped alignments... 0.61 sec
[bwa_aln_core] print alignments... 1.13 sec
[bwa_aln_core] 44021418 sequences have been processed.
[main] Version: 0.6.2-r126
[main] CMD: bwa samse /workspace/hrabyc/HPInteraction/data/arabidopsis/index/Arabidopsis_gnomon_mRNA.fa /workspace/hrabyc/HPInteraction/data/arabidopsis/SRR641236/SRR641236_1.sai /workspace/hrabyc/HPInteraction/data/arabidopsis//SRR641236.fastq
[main] Real time: 950.427 sec; CPU: 932.649 sec
