[bwa_aln] 17bp reads: max_diff = 2
[bwa_aln] 38bp reads: max_diff = 3
[bwa_aln] 64bp reads: max_diff = 4
[bwa_aln] 93bp reads: max_diff = 5
[bwa_aln] 124bp reads: max_diff = 6
[bwa_aln] 157bp reads: max_diff = 7
[bwa_aln] 190bp reads: max_diff = 8
[bwa_aln] 225bp reads: max_diff = 9
[bwa_aln_core] calculate SA coordinate... 46.47 sec
[bwa_aln_core] write to the disk... 0.06 sec
[bwa_aln_core] 262144 sequences have been processed.
[bwa_aln_core] calculate SA coordinate... 52.40 sec
[bwa_aln_core] write to the disk... 0.05 sec
[bwa_aln_core] 524288 sequences have been processed.
[bwa_aln_core] calculate SA coordinate... 51.85 sec
[bwa_aln_core] write to the disk... 0.04 sec
[bwa_aln_core] 786432 sequences have been processed.
[bwa_aln_core] calculate SA coordinate... 51.78 sec
[bwa_aln_core] write to the disk... 0.04 sec
[bwa_aln_core] 1048576 sequences have been processed.
[bwa_aln_core] calculate SA coordinate... 51.43 sec
[bwa_aln_core] write to the disk... 0.04 sec
[bwa_aln_core] 1310720 sequences have been processed.
[bwa_aln_core] calculate SA coordinate... 50.91 sec
[bwa_aln_core] write to the disk... 0.05 sec
[bwa_aln_core] 1572864 sequences have been processed.
[bwa_aln_core] calculate SA coordinate... 49.25 sec
[bwa_aln_core] write to the disk... 0.04 sec
[bwa_aln_core] 1835008 sequences have been processed.
[bwa_aln_core] calculate SA coordinate... 49.22 sec
[bwa_aln_core] write to the disk... 0.07 sec
[bwa_aln_core] 2097152 sequences have been processed.
[bwa_aln_core] calculate SA coordinate... 51.54 sec
[bwa_aln_core] write to the disk... 0.06 sec
[bwa_aln_core] 2359296 sequences have been processed.
[bwa_aln_core] calculate SA coordinate... 49.73 sec
[bwa_aln_core] write to the disk... 0.05 sec
[bwa_aln_core] 2621440 sequences have been processed.
[bwa_aln_core] calculate SA coordinate... 50.70 sec
[bwa_aln_core] write to the disk... 0.04 sec
[bwa_aln_core] 2883584 sequences have been processed.
[bwa_aln_core] calculate SA coordinate... 51.03 sec
[bwa_aln_core] write to the disk... 0.04 sec
[bwa_aln_core] 3145728 sequences have been processed.
[bwa_aln_core] calculate SA coordinate... 54.04 sec
[bwa_aln_core] write to the disk... 0.05 sec
[bwa_aln_core] 3407872 sequences have been processed.
[bwa_aln_core] calculate SA coordinate... 51.89 sec
[bwa_aln_core] write to the disk... 0.04 sec
[bwa_aln_core] 3670016 sequences have been processed.
[bwa_aln_core] calculate SA coordinate... 51.32 sec
[bwa_aln_core] write to the disk... 0.04 sec
[bwa_aln_core] 3932160 sequences have been processed.
[bwa_aln_core] calculate SA coordinate... 50.78 sec
[bwa_aln_core] write to the disk... 0.06 sec
[bwa_aln_core] 4194304 sequences have been processed.
[bwa_aln_core] calculate SA coordinate... 45.10 sec
[bwa_aln_core] write to the disk... 0.05 sec
[bwa_aln_core] 4456448 sequences have been processed.
[bwa_aln_core] calculate SA coordinate... 45.62 sec
[bwa_aln_core] write to the disk... 0.04 sec
[bwa_aln_core] 4718592 sequences have been processed.
[bwa_aln_core] calculate SA coordinate... 46.36 sec
[bwa_aln_core] write to the disk... 0.05 sec
[bwa_aln_core] 4980736 sequences have been processed.
[bwa_aln_core] calculate SA coordinate... 36.23 sec
[bwa_aln_core] write to the disk... 0.06 sec
[bwa_aln_core] 5242880 sequences have been processed.
[bwa_aln_core] calculate SA coordinate... 39.01 sec
[bwa_aln_core] write to the disk... 0.05 sec
[bwa_aln_core] 5505024 sequences have been processed.
[bwa_aln_core] calculate SA coordinate... 48.93 sec
[bwa_aln_core] write to the disk... 0.05 sec
[bwa_aln_core] 5767168 sequences have been processed.
[bwa_aln_core] calculate SA coordinate... 50.94 sec
[bwa_aln_core] write to the disk... 0.06 sec
[bwa_aln_core] 6029312 sequences have been processed.
[bwa_aln_core] calculate SA coordinate... 53.89 sec
[bwa_aln_core] write to the disk... 0.07 sec
[bwa_aln_core] 6291456 sequences have been processed.
[bwa_aln_core] calculate SA coordinate... 54.13 sec
[bwa_aln_core] write to the disk... 0.05 sec
[bwa_aln_core] 6553600 sequences have been processed.
[bwa_aln_core] calculate SA coordinate... 62.42 sec
[bwa_aln_core] write to the disk... 0.04 sec
[bwa_aln_core] 6815744 sequences have been processed.
[bwa_aln_core] calculate SA coordinate... 54.96 sec
[bwa_aln_core] write to the disk... 0.05 sec
[bwa_aln_core] 7077888 sequences have been processed.
[bwa_aln_core] calculate SA coordinate... 56.15 sec
[bwa_aln_core] write to the disk... 0.06 sec
[bwa_aln_core] 7340032 sequences have been processed.
[bwa_aln_core] calculate SA coordinate... 57.42 sec
[bwa_aln_core] write to the disk... 0.06 sec
[bwa_aln_core] 7602176 sequences have been processed.
[bwa_aln_core] calculate SA coordinate... 52.32 sec
[bwa_aln_core] write to the disk... 0.04 sec
[bwa_aln_core] 7864320 sequences have been processed.
[bwa_aln_core] calculate SA coordinate... 51.12 sec
[bwa_aln_core] write to the disk... 0.05 sec
[bwa_aln_core] 8126464 sequences have been processed.
[bwa_aln_core] calculate SA coordinate... 54.94 sec
[bwa_aln_core] write to the disk... 0.05 sec
[bwa_aln_core] 8388608 sequences have been processed.
[bwa_aln_core] calculate SA coordinate... 53.31 sec
[bwa_aln_core] write to the disk... 0.05 sec
[bwa_aln_core] 8650752 sequences have been processed.
[bwa_aln_core] calculate SA coordinate... 46.47 sec
[bwa_aln_core] write to the disk... 0.05 sec
[bwa_aln_core] 8912896 sequences have been processed.
[bwa_aln_core] calculate SA coordinate... 50.96 sec
[bwa_aln_core] write to the disk... 0.06 sec
[bwa_aln_core] 9175040 sequences have been processed.
[bwa_aln_core] calculate SA coordinate... 46.10 sec
[bwa_aln_core] write to the disk... 0.06 sec
[bwa_aln_core] 9437184 sequences have been processed.
[bwa_aln_core] calculate SA coordinate... 44.86 sec
[bwa_aln_core] write to the disk... 0.05 sec
[bwa_aln_core] 9699328 sequences have been processed.
[bwa_aln_core] calculate SA coordinate... 41.23 sec
[bwa_aln_core] write to the disk... 0.04 sec
[bwa_aln_core] 9961472 sequences have been processed.
[bwa_aln_core] calculate SA coordinate... 39.20 sec
[bwa_aln_core] write to the disk... 0.05 sec
[bwa_aln_core] 10223616 sequences have been processed.
[bwa_aln_core] calculate SA coordinate... 41.70 sec
[bwa_aln_core] write to the disk... 0.04 sec
[bwa_aln_core] 10485760 sequences have been processed.
[bwa_aln_core] calculate SA coordinate... 48.43 sec
[bwa_aln_core] write to the disk... 0.05 sec
[bwa_aln_core] 10747904 sequences have been processed.
[bwa_aln_core] calculate SA coordinate... 39.74 sec
[bwa_aln_core] write to the disk... 0.05 sec
[bwa_aln_core] 11010048 sequences have been processed.
[bwa_aln_core] calculate SA coordinate... 39.43 sec
[bwa_aln_core] write to the disk... 0.06 sec
[bwa_aln_core] 11272192 sequences have been processed.
[bwa_aln_core] calculate SA coordinate... 49.80 sec
[bwa_aln_core] write to the disk... 0.05 sec
[bwa_aln_core] 11534336 sequences have been processed.
[bwa_aln_core] calculate SA coordinate... 48.20 sec
[bwa_aln_core] write to the disk... 0.05 sec
[bwa_aln_core] 11796480 sequences have been processed.
[bwa_aln_core] calculate SA coordinate... 48.79 sec
[bwa_aln_core] write to the disk... 0.05 sec
[bwa_aln_core] 12058624 sequences have been processed.
[bwa_aln_core] calculate SA coordinate... 48.51 sec
[bwa_aln_core] write to the disk... 0.05 sec
[bwa_aln_core] 12320768 sequences have been processed.
[bwa_aln_core] calculate SA coordinate... 48.92 sec
[bwa_aln_core] write to the disk... 0.04 sec
[bwa_aln_core] 12582912 sequences have been processed.
[bwa_aln_core] calculate SA coordinate... 50.69 sec
[bwa_aln_core] write to the disk... 0.05 sec
[bwa_aln_core] 12845056 sequences have been processed.
[bwa_aln_core] calculate SA coordinate... 49.77 sec
[bwa_aln_core] write to the disk... 0.06 sec
[bwa_aln_core] 13107200 sequences have been processed.
[bwa_aln_core] calculate SA coordinate... 49.30 sec
[bwa_aln_core] write to the disk... 0.04 sec
[bwa_aln_core] 13369344 sequences have been processed.
[bwa_aln_core] calculate SA coordinate... 50.04 sec
[bwa_aln_core] write to the disk... 0.05 sec
[bwa_aln_core] 13631488 sequences have been processed.
[bwa_aln_core] calculate SA coordinate... 44.39 sec
[bwa_aln_core] write to the disk... 0.05 sec
[bwa_aln_core] 13893632 sequences have been processed.
[bwa_aln_core] calculate SA coordinate... 47.41 sec
[bwa_aln_core] write to the disk... 0.05 sec
[bwa_aln_core] 14155776 sequences have been processed.
[bwa_aln_core] calculate SA coordinate... 44.19 sec
[bwa_aln_core] write to the disk... 0.05 sec
[bwa_aln_core] 14417920 sequences have been processed.
[bwa_aln_core] calculate SA coordinate... 44.12 sec
[bwa_aln_core] write to the disk... 0.05 sec
[bwa_aln_core] 14680064 sequences have been processed.
[bwa_aln_core] calculate SA coordinate... 43.37 sec
[bwa_aln_core] write to the disk... 0.05 sec
[bwa_aln_core] 14942208 sequences have been processed.
[bwa_aln_core] calculate SA coordinate... 52.36 sec
[bwa_aln_core] write to the disk... 0.06 sec
[bwa_aln_core] 15204352 sequences have been processed.
[bwa_aln_core] calculate SA coordinate... 48.53 sec
[bwa_aln_core] write to the disk... 0.05 sec
[bwa_aln_core] 15466496 sequences have been processed.
[bwa_aln_core] calculate SA coordinate... 48.47 sec
[bwa_aln_core] write to the disk... 0.05 sec
[bwa_aln_core] 15728640 sequences have been processed.
[bwa_aln_core] calculate SA coordinate... 52.01 sec
[bwa_aln_core] write to the disk... 0.04 sec
[bwa_aln_core] 15990784 sequences have been processed.
[bwa_aln_core] calculate SA coordinate... 53.73 sec
[bwa_aln_core] write to the disk... 0.04 sec
[bwa_aln_core] 16252928 sequences have been processed.
[bwa_aln_core] calculate SA coordinate... 39.96 sec
[bwa_aln_core] write to the disk... 0.05 sec
[bwa_aln_core] 16515072 sequences have been processed.
[bwa_aln_core] calculate SA coordinate... 40.51 sec
[bwa_aln_core] write to the disk... 0.04 sec
[bwa_aln_core] 16777216 sequences have been processed.
[bwa_aln_core] calculate SA coordinate... 40.96 sec
[bwa_aln_core] write to the disk... 0.04 sec
[bwa_aln_core] 17039360 sequences have been processed.
[bwa_aln_core] calculate SA coordinate... 40.99 sec
[bwa_aln_core] write to the disk... 0.04 sec
[bwa_aln_core] 17301504 sequences have been processed.
[bwa_aln_core] calculate SA coordinate... 40.59 sec
[bwa_aln_core] write to the disk... 0.04 sec
[bwa_aln_core] 17563648 sequences have been processed.
[bwa_aln_core] calculate SA coordinate... 48.05 sec
[bwa_aln_core] write to the disk... 0.05 sec
[bwa_aln_core] 17825792 sequences have been processed.
[bwa_aln_core] calculate SA coordinate... 47.03 sec
[bwa_aln_core] write to the disk... 0.05 sec
[bwa_aln_core] 18087936 sequences have been processed.
[bwa_aln_core] calculate SA coordinate... 46.54 sec
[bwa_aln_core] write to the disk... 0.04 sec
[bwa_aln_core] 18350080 sequences have been processed.
[bwa_aln_core] calculate SA coordinate... 48.17 sec
[bwa_aln_core] write to the disk... 0.06 sec
[bwa_aln_core] 18612224 sequences have been processed.
[bwa_aln_core] calculate SA coordinate... 49.44 sec
[bwa_aln_core] write to the disk... 0.05 sec
[bwa_aln_core] 18874368 sequences have been processed.
[bwa_aln_core] calculate SA coordinate... 42.51 sec
[bwa_aln_core] write to the disk... 0.05 sec
[bwa_aln_core] 19136512 sequences have been processed.
[bwa_aln_core] calculate SA coordinate... 40.41 sec
[bwa_aln_core] write to the disk... 0.05 sec
[bwa_aln_core] 19398656 sequences have been processed.
[bwa_aln_core] calculate SA coordinate... 44.53 sec
[bwa_aln_core] write to the disk... 0.06 sec
[bwa_aln_core] 19660800 sequences have been processed.
[bwa_aln_core] calculate SA coordinate... 50.81 sec
[bwa_aln_core] write to the disk... 0.05 sec
[bwa_aln_core] 19922944 sequences have been processed.
[bwa_aln_core] calculate SA coordinate... 53.15 sec
[bwa_aln_core] write to the disk... 0.05 sec
[bwa_aln_core] 20185088 sequences have been processed.
[bwa_aln_core] calculate SA coordinate... 51.11 sec
[bwa_aln_core] write to the disk... 0.05 sec
[bwa_aln_core] 20447232 sequences have been processed.
[bwa_aln_core] calculate SA coordinate... 52.68 sec
[bwa_aln_core] write to the disk... 0.04 sec
[bwa_aln_core] 20709376 sequences have been processed.
[bwa_aln_core] calculate SA coordinate... 50.65 sec
[bwa_aln_core] write to the disk... 0.05 sec
[bwa_aln_core] 20971520 sequences have been processed.
[bwa_aln_core] calculate SA coordinate... 51.30 sec
[bwa_aln_core] write to the disk... 0.05 sec
[bwa_aln_core] 21233664 sequences have been processed.
[bwa_aln_core] calculate SA coordinate... 40.48 sec
[bwa_aln_core] write to the disk... 0.04 sec
[bwa_aln_core] 21495808 sequences have been processed.
[bwa_aln_core] calculate SA coordinate... 46.92 sec
[bwa_aln_core] write to the disk... 0.06 sec
[bwa_aln_core] 21757952 sequences have been processed.
[bwa_aln_core] calculate SA coordinate... 52.90 sec
[bwa_aln_core] write to the disk... 0.05 sec
[bwa_aln_core] 22020096 sequences have been processed.
[bwa_aln_core] calculate SA coordinate... 52.54 sec
[bwa_aln_core] write to the disk... 0.05 sec
[bwa_aln_core] 22282240 sequences have been processed.
[bwa_aln_core] calculate SA coordinate... 48.67 sec
[bwa_aln_core] write to the disk... 0.05 sec
[bwa_aln_core] 22544384 sequences have been processed.
[bwa_aln_core] calculate SA coordinate... 46.63 sec
[bwa_aln_core] write to the disk... 0.05 sec
[bwa_aln_core] 22806528 sequences have been processed.
[bwa_aln_core] calculate SA coordinate... 50.90 sec
[bwa_aln_core] write to the disk... 0.05 sec
[bwa_aln_core] 23068672 sequences have been processed.
[bwa_aln_core] calculate SA coordinate... 49.40 sec
[bwa_aln_core] write to the disk... 0.05 sec
[bwa_aln_core] 23330816 sequences have been processed.
[bwa_aln_core] calculate SA coordinate... 55.72 sec
[bwa_aln_core] write to the disk... 0.05 sec
[bwa_aln_core] 23592960 sequences have been processed.
[bwa_aln_core] calculate SA coordinate... 47.68 sec
[bwa_aln_core] write to the disk... 0.06 sec
[bwa_aln_core] 23855104 sequences have been processed.
[bwa_aln_core] calculate SA coordinate... 46.34 sec
[bwa_aln_core] write to the disk... 0.05 sec
[bwa_aln_core] 24117248 sequences have been processed.
[bwa_aln_core] calculate SA coordinate... 46.02 sec
[bwa_aln_core] write to the disk... 0.05 sec
[bwa_aln_core] 24379392 sequences have been processed.
[bwa_aln_core] calculate SA coordinate... 39.69 sec
[bwa_aln_core] write to the disk... 0.04 sec
[bwa_aln_core] 24641536 sequences have been processed.
[bwa_aln_core] calculate SA coordinate... 38.69 sec
[bwa_aln_core] write to the disk... 0.05 sec
[bwa_aln_core] 24903680 sequences have been processed.
[bwa_aln_core] calculate SA coordinate... 45.43 sec
[bwa_aln_core] write to the disk... 0.05 sec
[bwa_aln_core] 25165824 sequences have been processed.
[bwa_aln_core] calculate SA coordinate... 41.99 sec
[bwa_aln_core] write to the disk... 0.04 sec
[bwa_aln_core] 25427968 sequences have been processed.
[bwa_aln_core] calculate SA coordinate... 46.40 sec
[bwa_aln_core] write to the disk... 0.05 sec
[bwa_aln_core] 25690112 sequences have been processed.
[bwa_aln_core] calculate SA coordinate... 45.63 sec
[bwa_aln_core] write to the disk... 0.05 sec
[bwa_aln_core] 25952256 sequences have been processed.
[bwa_aln_core] calculate SA coordinate... 43.39 sec
[bwa_aln_core] write to the disk... 0.05 sec
[bwa_aln_core] 26214400 sequences have been processed.
[bwa_aln_core] calculate SA coordinate... 39.93 sec
[bwa_aln_core] write to the disk... 0.05 sec
[bwa_aln_core] 26476544 sequences have been processed.
[bwa_aln_core] calculate SA coordinate... 47.38 sec
[bwa_aln_core] write to the disk... 0.04 sec
[bwa_aln_core] 26738688 sequences have been processed.
[bwa_aln_core] calculate SA coordinate... 46.68 sec
[bwa_aln_core] write to the disk... 0.04 sec
[bwa_aln_core] 27000832 sequences have been processed.
[bwa_aln_core] calculate SA coordinate... 46.00 sec
[bwa_aln_core] write to the disk... 0.06 sec
[bwa_aln_core] 27262976 sequences have been processed.
[bwa_aln_core] calculate SA coordinate... 44.01 sec
[bwa_aln_core] write to the disk... 0.06 sec
[bwa_aln_core] 27525120 sequences have been processed.
[bwa_aln_core] calculate SA coordinate... 40.26 sec
[bwa_aln_core] write to the disk... 0.05 sec
[bwa_aln_core] 27787264 sequences have been processed.
[bwa_aln_core] calculate SA coordinate... 44.38 sec
[bwa_aln_core] write to the disk... 0.04 sec
[bwa_aln_core] 28049408 sequences have been processed.
[bwa_aln_core] calculate SA coordinate... 45.13 sec
[bwa_aln_core] write to the disk... 0.05 sec
[bwa_aln_core] 28311552 sequences have been processed.
[bwa_aln_core] calculate SA coordinate... 43.70 sec
[bwa_aln_core] write to the disk... 0.04 sec
[bwa_aln_core] 28573696 sequences have been processed.
[bwa_aln_core] calculate SA coordinate... 45.13 sec
[bwa_aln_core] write to the disk... 0.04 sec
[bwa_aln_core] 28835840 sequences have been processed.
[bwa_aln_core] calculate SA coordinate... 46.42 sec
[bwa_aln_core] write to the disk... 0.04 sec
[bwa_aln_core] 29097984 sequences have been processed.
[bwa_aln_core] calculate SA coordinate... 35.82 sec
[bwa_aln_core] write to the disk... 0.04 sec
[bwa_aln_core] 29360128 sequences have been processed.
[bwa_aln_core] calculate SA coordinate... 32.62 sec
[bwa_aln_core] write to the disk... 0.03 sec
[bwa_aln_core] 29622272 sequences have been processed.
[bwa_aln_core] calculate SA coordinate... 32.53 sec
[bwa_aln_core] write to the disk... 0.05 sec
[bwa_aln_core] 29884416 sequences have been processed.
[bwa_aln_core] calculate SA coordinate... 33.13 sec
[bwa_aln_core] write to the disk... 0.05 sec
[bwa_aln_core] 30146560 sequences have been processed.
[bwa_aln_core] calculate SA coordinate... 31.24 sec
[bwa_aln_core] write to the disk... 0.05 sec
[bwa_aln_core] 30408704 sequences have been processed.
[bwa_aln_core] calculate SA coordinate... 33.26 sec
[bwa_aln_core] write to the disk... 0.05 sec
[bwa_aln_core] 30670848 sequences have been processed.
[bwa_aln_core] calculate SA coordinate... 32.06 sec
[bwa_aln_core] write to the disk... 0.06 sec
[bwa_aln_core] 30932992 sequences have been processed.
[bwa_aln_core] calculate SA coordinate... 33.09 sec
[bwa_aln_core] write to the disk... 0.05 sec
[bwa_aln_core] 31195136 sequences have been processed.
[bwa_aln_core] calculate SA coordinate... 33.64 sec
[bwa_aln_core] write to the disk... 0.03 sec
[bwa_aln_core] 31457280 sequences have been processed.
[bwa_aln_core] calculate SA coordinate... 28.21 sec
[bwa_aln_core] write to the disk... 0.04 sec
[bwa_aln_core] 31719424 sequences have been processed.
[bwa_aln_core] calculate SA coordinate... 26.35 sec
[bwa_aln_core] write to the disk... 0.04 sec
[bwa_aln_core] 31981568 sequences have been processed.
[bwa_aln_core] calculate SA coordinate... 31.48 sec
[bwa_aln_core] write to the disk... 0.05 sec
[bwa_aln_core] 32243712 sequences have been processed.
[bwa_aln_core] calculate SA coordinate... 31.83 sec
[bwa_aln_core] write to the disk... 0.06 sec
[bwa_aln_core] 32505856 sequences have been processed.
[bwa_aln_core] calculate SA coordinate... 26.97 sec
[bwa_aln_core] write to the disk... 0.05 sec
[bwa_aln_core] 32768000 sequences have been processed.
[bwa_aln_core] calculate SA coordinate... 27.07 sec
[bwa_aln_core] write to the disk... 0.05 sec
[bwa_aln_core] 33030144 sequences have been processed.
[bwa_aln_core] calculate SA coordinate... 27.38 sec
[bwa_aln_core] write to the disk... 0.04 sec
[bwa_aln_core] 33292288 sequences have been processed.
[bwa_aln_core] calculate SA coordinate... 32.51 sec
[bwa_aln_core] write to the disk... 0.05 sec
[bwa_aln_core] 33554432 sequences have been processed.
[bwa_aln_core] calculate SA coordinate... 28.55 sec
[bwa_aln_core] write to the disk... 0.05 sec
[bwa_aln_core] 33816576 sequences have been processed.
[bwa_aln_core] calculate SA coordinate... 32.09 sec
[bwa_aln_core] write to the disk... 0.05 sec
[bwa_aln_core] 34078720 sequences have been processed.
[bwa_aln_core] calculate SA coordinate... 34.02 sec
[bwa_aln_core] write to the disk... 0.05 sec
[bwa_aln_core] 34340864 sequences have been processed.
[bwa_aln_core] calculate SA coordinate... 31.55 sec
[bwa_aln_core] write to the disk... 0.04 sec
[bwa_aln_core] 34603008 sequences have been processed.
[bwa_aln_core] calculate SA coordinate... 39.58 sec
[bwa_aln_core] write to the disk... 0.04 sec
[bwa_aln_core] 34865152 sequences have been processed.
[bwa_aln_core] calculate SA coordinate... 41.76 sec
[bwa_aln_core] write to the disk... 0.05 sec
[bwa_aln_core] 35127296 sequences have been processed.
[bwa_aln_core] calculate SA coordinate... 42.46 sec
[bwa_aln_core] write to the disk... 0.05 sec
[bwa_aln_core] 35389440 sequences have been processed.
[bwa_aln_core] calculate SA coordinate... 44.52 sec
[bwa_aln_core] write to the disk... 0.05 sec
[bwa_aln_core] 35651584 sequences have been processed.
[bwa_aln_core] calculate SA coordinate... 39.97 sec
[bwa_aln_core] write to the disk... 0.05 sec
[bwa_aln_core] 35913728 sequences have been processed.
[bwa_aln_core] calculate SA coordinate... 45.10 sec
[bwa_aln_core] write to the disk... 0.05 sec
[bwa_aln_core] 36175872 sequences have been processed.
[bwa_aln_core] calculate SA coordinate... 42.23 sec
[bwa_aln_core] write to the disk... 0.06 sec
[bwa_aln_core] 36438016 sequences have been processed.
[bwa_aln_core] calculate SA coordinate... 39.75 sec
[bwa_aln_core] write to the disk... 0.05 sec
[bwa_aln_core] 36700160 sequences have been processed.
[bwa_aln_core] calculate SA coordinate... 39.42 sec
[bwa_aln_core] write to the disk... 0.05 sec
[bwa_aln_core] 36962304 sequences have been processed.
[bwa_aln_core] calculate SA coordinate... 41.66 sec
[bwa_aln_core] write to the disk... 0.05 sec
[bwa_aln_core] 37224448 sequences have been processed.
[bwa_aln_core] calculate SA coordinate... 42.85 sec
[bwa_aln_core] write to the disk... 0.05 sec
[bwa_aln_core] 37486592 sequences have been processed.
[bwa_aln_core] calculate SA coordinate... 34.04 sec
[bwa_aln_core] write to the disk... 0.05 sec
[bwa_aln_core] 37748736 sequences have been processed.
[bwa_aln_core] calculate SA coordinate... 33.24 sec
[bwa_aln_core] write to the disk... 0.04 sec
[bwa_aln_core] 38010880 sequences have been processed.
[bwa_aln_core] calculate SA coordinate... 37.07 sec
[bwa_aln_core] write to the disk... 0.05 sec
[bwa_aln_core] 38273024 sequences have been processed.
[bwa_aln_core] calculate SA coordinate... 39.42 sec
[bwa_aln_core] write to the disk... 0.05 sec
[bwa_aln_core] 38535168 sequences have been processed.
[bwa_aln_core] calculate SA coordinate... 41.31 sec
[bwa_aln_core] write to the disk... 0.05 sec
[bwa_aln_core] 38797312 sequences have been processed.
[bwa_aln_core] calculate SA coordinate... 41.04 sec
[bwa_aln_core] write to the disk... 0.05 sec
[bwa_aln_core] 39059456 sequences have been processed.
[bwa_aln_core] calculate SA coordinate... 38.63 sec
[bwa_aln_core] write to the disk... 0.04 sec
[bwa_aln_core] 39321600 sequences have been processed.
[bwa_aln_core] calculate SA coordinate... 42.53 sec
[bwa_aln_core] write to the disk... 0.04 sec
[bwa_aln_core] 39583744 sequences have been processed.
[bwa_aln_core] calculate SA coordinate... 38.79 sec
[bwa_aln_core] write to the disk... 0.05 sec
[bwa_aln_core] 39845888 sequences have been processed.
[bwa_aln_core] calculate SA coordinate... 40.90 sec
[bwa_aln_core] write to the disk... 0.04 sec
[bwa_aln_core] 40108032 sequences have been processed.
[bwa_aln_core] calculate SA coordinate... 40.20 sec
[bwa_aln_core] write to the disk... 0.05 sec
[bwa_aln_core] 40370176 sequences have been processed.
[bwa_aln_core] calculate SA coordinate... 39.55 sec
[bwa_aln_core] write to the disk... 0.05 sec
[bwa_aln_core] 40632320 sequences have been processed.
[bwa_aln_core] calculate SA coordinate... 40.05 sec
[bwa_aln_core] write to the disk... 0.05 sec
[bwa_aln_core] 40894464 sequences have been processed.
[bwa_aln_core] calculate SA coordinate... 38.42 sec
[bwa_aln_core] write to the disk... 0.05 sec
[bwa_aln_core] 41156608 sequences have been processed.
[bwa_aln_core] calculate SA coordinate... 40.86 sec
[bwa_aln_core] write to the disk... 0.06 sec
[bwa_aln_core] 41418752 sequences have been processed.
[bwa_aln_core] calculate SA coordinate... 40.07 sec
[bwa_aln_core] write to the disk... 0.05 sec
[bwa_aln_core] 41680896 sequences have been processed.
[bwa_aln_core] calculate SA coordinate... 39.52 sec
[bwa_aln_core] write to the disk... 0.05 sec
[bwa_aln_core] 41943040 sequences have been processed.
[bwa_aln_core] calculate SA coordinate... 39.26 sec
[bwa_aln_core] write to the disk... 0.05 sec
[bwa_aln_core] 42205184 sequences have been processed.
[bwa_aln_core] calculate SA coordinate... 26.75 sec
[bwa_aln_core] write to the disk... 0.04 sec
[bwa_aln_core] 42416077 sequences have been processed.
[main] Version: 0.6.2-r126
[main] CMD: bwa aln /workspace/hrabyc/HPInteraction/data/arabidopsis/index/Arabidopsis_gnomon_mRNA.fa /workspace/hrabyc/HPInteraction/data/arabidopsis/SRR641220.fastq
[main] Real time: 8152.304 sec; CPU: 7604.612 sec
[bwa_aln_core] convert to sequence coordinate... 7.90 sec
[bwa_aln_core] refine gapped alignments... 0.56 sec
[bwa_aln_core] print alignments... 1.23 sec
[bwa_aln_core] 262144 sequences have been processed.
[bwa_aln_core] convert to sequence coordinate... 1.75 sec
[bwa_aln_core] refine gapped alignments... 0.49 sec
[bwa_aln_core] print alignments... 1.05 sec
[bwa_aln_core] 524288 sequences have been processed.
[bwa_aln_core] convert to sequence coordinate... 1.56 sec
[bwa_aln_core] refine gapped alignments... 0.49 sec
[bwa_aln_core] print alignments... 1.03 sec
[bwa_aln_core] 786432 sequences have been processed.
[bwa_aln_core] convert to sequence coordinate... 1.77 sec
[bwa_aln_core] refine gapped alignments... 0.49 sec
[bwa_aln_core] print alignments... 1.17 sec
[bwa_aln_core] 1048576 sequences have been processed.
[bwa_aln_core] convert to sequence coordinate... 1.74 sec
[bwa_aln_core] refine gapped alignments... 0.55 sec
[bwa_aln_core] print alignments... 1.20 sec
[bwa_aln_core] 1310720 sequences have been processed.
[bwa_aln_core] convert to sequence coordinate... 2.01 sec
[bwa_aln_core] refine gapped alignments... 0.58 sec
[bwa_aln_core] print alignments... 1.22 sec
[bwa_aln_core] 1572864 sequences have been processed.
[bwa_aln_core] convert to sequence coordinate... 1.69 sec
[bwa_aln_core] refine gapped alignments... 0.55 sec
[bwa_aln_core] print alignments... 1.21 sec
[bwa_aln_core] 1835008 sequences have been processed.
[bwa_aln_core] convert to sequence coordinate... 1.51 sec
[bwa_aln_core] refine gapped alignments... 0.56 sec
[bwa_aln_core] print alignments... 1.23 sec
[bwa_aln_core] 2097152 sequences have been processed.
[bwa_aln_core] convert to sequence coordinate... 1.99 sec
[bwa_aln_core] refine gapped alignments... 0.56 sec
[bwa_aln_core] print alignments... 1.21 sec
[bwa_aln_core] 2359296 sequences have been processed.
[bwa_aln_core] convert to sequence coordinate... 1.81 sec
[bwa_aln_core] refine gapped alignments... 0.50 sec
[bwa_aln_core] print alignments... 1.19 sec
[bwa_aln_core] 2621440 sequences have been processed.
[bwa_aln_core] convert to sequence coordinate... 1.68 sec
[bwa_aln_core] refine gapped alignments... 0.59 sec
[bwa_aln_core] print alignments... 1.24 sec
[bwa_aln_core] 2883584 sequences have been processed.
[bwa_aln_core] convert to sequence coordinate... 2.38 sec
[bwa_aln_core] refine gapped alignments... 0.57 sec
[bwa_aln_core] print alignments... 1.21 sec
[bwa_aln_core] 3145728 sequences have been processed.
[bwa_aln_core] convert to sequence coordinate... 2.24 sec
[bwa_aln_core] refine gapped alignments... 0.51 sec
[bwa_aln_core] print alignments... 1.06 sec
[bwa_aln_core] 3407872 sequences have been processed.
[bwa_aln_core] convert to sequence coordinate... 1.68 sec
[bwa_aln_core] refine gapped alignments... 0.50 sec
[bwa_aln_core] print alignments... 1.02 sec
[bwa_aln_core] 3670016 sequences have been processed.
[bwa_aln_core] convert to sequence coordinate... 1.87 sec
[bwa_aln_core] refine gapped alignments... 0.48 sec
[bwa_aln_core] print alignments... 1.04 sec
[bwa_aln_core] 3932160 sequences have been processed.
[bwa_aln_core] convert to sequence coordinate... 1.76 sec
[bwa_aln_core] refine gapped alignments... 0.57 sec
[bwa_aln_core] print alignments... 1.19 sec
[bwa_aln_core] 4194304 sequences have been processed.
[bwa_aln_core] convert to sequence coordinate... 2.08 sec
[bwa_aln_core] refine gapped alignments... 0.49 sec
[bwa_aln_core] print alignments... 1.03 sec
[bwa_aln_core] 4456448 sequences have been processed.
[bwa_aln_core] convert to sequence coordinate... 1.81 sec
[bwa_aln_core] refine gapped alignments... 0.51 sec
[bwa_aln_core] print alignments... 1.09 sec
[bwa_aln_core] 4718592 sequences have been processed.
[bwa_aln_core] convert to sequence coordinate... 1.57 sec
[bwa_aln_core] refine gapped alignments... 0.57 sec
[bwa_aln_core] print alignments... 1.24 sec
[bwa_aln_core] 4980736 sequences have been processed.
[bwa_aln_core] convert to sequence coordinate... 1.54 sec
[bwa_aln_core] refine gapped alignments... 0.57 sec
[bwa_aln_core] print alignments... 1.20 sec
[bwa_aln_core] 5242880 sequences have been processed.
[bwa_aln_core] convert to sequence coordinate... 1.85 sec
[bwa_aln_core] refine gapped alignments... 0.59 sec
[bwa_aln_core] print alignments... 1.20 sec
[bwa_aln_core] 5505024 sequences have been processed.
[bwa_aln_core] convert to sequence coordinate... 1.80 sec
[bwa_aln_core] refine gapped alignments... 0.50 sec
[bwa_aln_core] print alignments... 1.07 sec
[bwa_aln_core] 5767168 sequences have been processed.
[bwa_aln_core] convert to sequence coordinate... 3.25 sec
[bwa_aln_core] refine gapped alignments... 0.58 sec
[bwa_aln_core] print alignments... 1.23 sec
[bwa_aln_core] 6029312 sequences have been processed.
[bwa_aln_core] convert to sequence coordinate... 1.72 sec
[bwa_aln_core] refine gapped alignments... 0.60 sec
[bwa_aln_core] print alignments... 1.22 sec
[bwa_aln_core] 6291456 sequences have been processed.
[bwa_aln_core] convert to sequence coordinate... 1.83 sec
[bwa_aln_core] refine gapped alignments... 0.53 sec
[bwa_aln_core] print alignments... 1.17 sec
[bwa_aln_core] 6553600 sequences have been processed.
[bwa_aln_core] convert to sequence coordinate... 1.50 sec
[bwa_aln_core] refine gapped alignments... 0.58 sec
[bwa_aln_core] print alignments... 1.20 sec
[bwa_aln_core] 6815744 sequences have been processed.
[bwa_aln_core] convert to sequence coordinate... 1.88 sec
[bwa_aln_core] refine gapped alignments... 0.59 sec
[bwa_aln_core] print alignments... 1.29 sec
[bwa_aln_core] 7077888 sequences have been processed.
[bwa_aln_core] convert to sequence coordinate... 6.39 sec
[bwa_aln_core] refine gapped alignments... 0.59 sec
[bwa_aln_core] print alignments... 1.19 sec
[bwa_aln_core] 7340032 sequences have been processed.
[bwa_aln_core] convert to sequence coordinate... 2.15 sec
[bwa_aln_core] refine gapped alignments... 0.55 sec
[bwa_aln_core] print alignments... 1.04 sec
[bwa_aln_core] 7602176 sequences have been processed.
[bwa_aln_core] convert to sequence coordinate... 1.99 sec
[bwa_aln_core] refine gapped alignments... 0.50 sec
[bwa_aln_core] print alignments... 1.03 sec
[bwa_aln_core] 7864320 sequences have been processed.
[bwa_aln_core] convert to sequence coordinate... 3.26 sec
[bwa_aln_core] refine gapped alignments... 0.56 sec
[bwa_aln_core] print alignments... 1.19 sec
[bwa_aln_core] 8126464 sequences have been processed.
[bwa_aln_core] convert to sequence coordinate... 1.65 sec
[bwa_aln_core] refine gapped alignments... 0.58 sec
[bwa_aln_core] print alignments... 1.27 sec
[bwa_aln_core] 8388608 sequences have been processed.
[bwa_aln_core] convert to sequence coordinate... 15.01 sec
[bwa_aln_core] refine gapped alignments... 0.50 sec
[bwa_aln_core] print alignments... 1.04 sec
[bwa_aln_core] 8650752 sequences have been processed.
[bwa_aln_core] convert to sequence coordinate... 8.56 sec
[bwa_aln_core] refine gapped alignments... 0.55 sec
[bwa_aln_core] print alignments... 1.08 sec
[bwa_aln_core] 8912896 sequences have been processed.
[bwa_aln_core] convert to sequence coordinate... 1.65 sec
[bwa_aln_core] refine gapped alignments... 0.56 sec
[bwa_aln_core] print alignments... 1.19 sec
[bwa_aln_core] 9175040 sequences have been processed.
[bwa_aln_core] convert to sequence coordinate... 6.54 sec
[bwa_aln_core] refine gapped alignments... 0.56 sec
[bwa_aln_core] print alignments... 1.20 sec
[bwa_aln_core] 9437184 sequences have been processed.
[bwa_aln_core] convert to sequence coordinate... 5.78 sec
[bwa_aln_core] refine gapped alignments... 0.56 sec
[bwa_aln_core] print alignments... 1.19 sec
[bwa_aln_core] 9699328 sequences have been processed.
[bwa_aln_core] convert to sequence coordinate... 3.24 sec
[bwa_aln_core] refine gapped alignments... 0.56 sec
[bwa_aln_core] print alignments... 1.19 sec
[bwa_aln_core] 9961472 sequences have been processed.
[bwa_aln_core] convert to sequence coordinate... 1.49 sec
[bwa_aln_core] refine gapped alignments... 0.54 sec
[bwa_aln_core] print alignments... 1.20 sec
[bwa_aln_core] 10223616 sequences have been processed.
[bwa_aln_core] convert to sequence coordinate... 1.60 sec
[bwa_aln_core] refine gapped alignments... 0.54 sec
[bwa_aln_core] print alignments... 1.20 sec
[bwa_aln_core] 10485760 sequences have been processed.
[bwa_aln_core] convert to sequence coordinate... 1.63 sec
[bwa_aln_core] refine gapped alignments... 0.55 sec
[bwa_aln_core] print alignments... 1.05 sec
[bwa_aln_core] 10747904 sequences have been processed.
[bwa_aln_core] convert to sequence coordinate... 1.51 sec
[bwa_aln_core] refine gapped alignments... 0.49 sec
[bwa_aln_core] print alignments... 1.03 sec
[bwa_aln_core] 11010048 sequences have been processed.
[bwa_aln_core] convert to sequence coordinate... 1.51 sec
[bwa_aln_core] refine gapped alignments... 0.50 sec
[bwa_aln_core] print alignments... 1.04 sec
[bwa_aln_core] 11272192 sequences have been processed.
[bwa_aln_core] convert to sequence coordinate... 1.53 sec
[bwa_aln_core] refine gapped alignments... 0.49 sec
[bwa_aln_core] print alignments... 1.04 sec
[bwa_aln_core] 11534336 sequences have been processed.
[bwa_aln_core] convert to sequence coordinate... 1.51 sec
[bwa_aln_core] refine gapped alignments... 0.57 sec
[bwa_aln_core] print alignments... 1.23 sec
[bwa_aln_core] 11796480 sequences have been processed.
[bwa_aln_core] convert to sequence coordinate... 1.91 sec
[bwa_aln_core] refine gapped alignments... 0.59 sec
[bwa_aln_core] print alignments... 1.21 sec
[bwa_aln_core] 12058624 sequences have been processed.
[bwa_aln_core] convert to sequence coordinate... 1.66 sec
[bwa_aln_core] refine gapped alignments... 0.62 sec
[bwa_aln_core] print alignments... 1.35 sec
[bwa_aln_core] 12320768 sequences have been processed.
[bwa_aln_core] convert to sequence coordinate... 3.46 sec
[bwa_aln_core] refine gapped alignments... 0.57 sec
[bwa_aln_core] print alignments... 1.16 sec
[bwa_aln_core] 12582912 sequences have been processed.
[bwa_aln_core] convert to sequence coordinate... 1.90 sec
[bwa_aln_core] refine gapped alignments... 0.60 sec
[bwa_aln_core] print alignments... 1.18 sec
[bwa_aln_core] 12845056 sequences have been processed.
[bwa_aln_core] convert to sequence coordinate... 1.65 sec
[bwa_aln_core] refine gapped alignments... 0.50 sec
[bwa_aln_core] print alignments... 1.03 sec
[bwa_aln_core] 13107200 sequences have been processed.
[bwa_aln_core] convert to sequence coordinate... 1.66 sec
[bwa_aln_core] refine gapped alignments... 0.49 sec
[bwa_aln_core] print alignments... 1.05 sec
[bwa_aln_core] 13369344 sequences have been processed.
[bwa_aln_core] convert to sequence coordinate... 1.52 sec
[bwa_aln_core] refine gapped alignments... 0.49 sec
[bwa_aln_core] print alignments... 1.04 sec
[bwa_aln_core] 13631488 sequences have been processed.
[bwa_aln_core] convert to sequence coordinate... 1.59 sec
[bwa_aln_core] refine gapped alignments... 0.57 sec
[bwa_aln_core] print alignments... 1.23 sec
[bwa_aln_core] 13893632 sequences have been processed.
[bwa_aln_core] convert to sequence coordinate... 1.74 sec
[bwa_aln_core] refine gapped alignments... 0.57 sec
[bwa_aln_core] print alignments... 1.21 sec
[bwa_aln_core] 14155776 sequences have been processed.
[bwa_aln_core] convert to sequence coordinate... 1.54 sec
[bwa_aln_core] refine gapped alignments... 0.73 sec
[bwa_aln_core] print alignments... 1.17 sec
[bwa_aln_core] 14417920 sequences have been processed.
[bwa_aln_core] convert to sequence coordinate... 2.88 sec
[bwa_aln_core] refine gapped alignments... 0.57 sec
[bwa_aln_core] print alignments... 1.28 sec
[bwa_aln_core] 14680064 sequences have been processed.
[bwa_aln_core] convert to sequence coordinate... 6.70 sec
[bwa_aln_core] refine gapped alignments... 0.57 sec
[bwa_aln_core] print alignments... 1.11 sec
[bwa_aln_core] 14942208 sequences have been processed.
[bwa_aln_core] convert to sequence coordinate... 2.99 sec
[bwa_aln_core] refine gapped alignments... 0.56 sec
[bwa_aln_core] print alignments... 1.23 sec
[bwa_aln_core] 15204352 sequences have been processed.
[bwa_aln_core] convert to sequence coordinate... 9.07 sec
[bwa_aln_core] refine gapped alignments... 0.56 sec
[bwa_aln_core] print alignments... 1.19 sec
[bwa_aln_core] 15466496 sequences have been processed.
[bwa_aln_core] convert to sequence coordinate... 8.23 sec
[bwa_aln_core] refine gapped alignments... 0.49 sec
[bwa_aln_core] print alignments... 1.03 sec
[bwa_aln_core] 15728640 sequences have been processed.
[bwa_aln_core] convert to sequence coordinate... 20.47 sec
[bwa_aln_core] refine gapped alignments... 0.57 sec
[bwa_aln_core] print alignments... 1.22 sec
[bwa_aln_core] 15990784 sequences have been processed.
[bwa_aln_core] convert to sequence coordinate... 5.24 sec
[bwa_aln_core] refine gapped alignments... 0.58 sec
[bwa_aln_core] print alignments... 1.19 sec
[bwa_aln_core] 16252928 sequences have been processed.
[bwa_aln_core] convert to sequence coordinate... 2.19 sec
[bwa_aln_core] refine gapped alignments... 0.58 sec
[bwa_aln_core] print alignments... 1.20 sec
[bwa_aln_core] 16515072 sequences have been processed.
[bwa_aln_core] convert to sequence coordinate... 1.74 sec
[bwa_aln_core] refine gapped alignments... 0.53 sec
[bwa_aln_core] print alignments... 1.22 sec
[bwa_aln_core] 16777216 sequences have been processed.
[bwa_aln_core] convert to sequence coordinate... 3.90 sec
[bwa_aln_core] refine gapped alignments... 0.56 sec
[bwa_aln_core] print alignments... 1.20 sec
[bwa_aln_core] 17039360 sequences have been processed.
[bwa_aln_core] convert to sequence coordinate... 4.77 sec
[bwa_aln_core] refine gapped alignments... 0.57 sec
[bwa_aln_core] print alignments... 1.20 sec
[bwa_aln_core] 17301504 sequences have been processed.
[bwa_aln_core] convert to sequence coordinate... 1.94 sec
[bwa_aln_core] refine gapped alignments... 0.56 sec
[bwa_aln_core] print alignments... 1.20 sec
[bwa_aln_core] 17563648 sequences have been processed.
[bwa_aln_core] convert to sequence coordinate... 3.45 sec
[bwa_aln_core] refine gapped alignments... 0.58 sec
[bwa_aln_core] print alignments... 1.06 sec
[bwa_aln_core] 17825792 sequences have been processed.
[bwa_aln_core] convert to sequence coordinate... 1.76 sec
[bwa_aln_core] refine gapped alignments... 0.55 sec
[bwa_aln_core] print alignments... 1.21 sec
[bwa_aln_core] 18087936 sequences have been processed.
[bwa_aln_core] convert to sequence coordinate... 1.61 sec
[bwa_aln_core] refine gapped alignments... 0.49 sec
[bwa_aln_core] print alignments... 1.04 sec
[bwa_aln_core] 18350080 sequences have been processed.
[bwa_aln_core] convert to sequence coordinate... 2.56 sec
[bwa_aln_core] refine gapped alignments... 0.50 sec
[bwa_aln_core] print alignments... 1.08 sec
[bwa_aln_core] 18612224 sequences have been processed.
[bwa_aln_core] convert to sequence coordinate... 1.55 sec
[bwa_aln_core] refine gapped alignments... 0.52 sec
[bwa_aln_core] print alignments... 1.04 sec
[bwa_aln_core] 18874368 sequences have been processed.
[bwa_aln_core] convert to sequence coordinate... 1.68 sec
[bwa_aln_core] refine gapped alignments... 0.50 sec
[bwa_aln_core] print alignments... 1.08 sec
[bwa_aln_core] 19136512 sequences have been processed.
[bwa_aln_core] convert to sequence coordinate... 1.63 sec
[bwa_aln_core] refine gapped alignments... 0.52 sec
[bwa_aln_core] print alignments... 1.06 sec
[bwa_aln_core] 19398656 sequences have been processed.
[bwa_aln_core] convert to sequence coordinate... 1.36 sec
[bwa_aln_core] refine gapped alignments... 0.48 sec
[bwa_aln_core] print alignments... 1.03 sec
[bwa_aln_core] 19660800 sequences have been processed.
[bwa_aln_core] convert to sequence coordinate... 1.43 sec
[bwa_aln_core] refine gapped alignments... 0.49 sec
[bwa_aln_core] print alignments... 1.01 sec
[bwa_aln_core] 19922944 sequences have been processed.
[bwa_aln_core] convert to sequence coordinate... 1.42 sec
[bwa_aln_core] refine gapped alignments... 0.50 sec
[bwa_aln_core] print alignments... 1.04 sec
[bwa_aln_core] 20185088 sequences have been processed.
[bwa_aln_core] convert to sequence coordinate... 2.41 sec
[bwa_aln_core] refine gapped alignments... 0.48 sec
[bwa_aln_core] print alignments... 1.02 sec
[bwa_aln_core] 20447232 sequences have been processed.
[bwa_aln_core] convert to sequence coordinate... 1.39 sec
[bwa_aln_core] refine gapped alignments... 0.54 sec
[bwa_aln_core] print alignments... 1.18 sec
[bwa_aln_core] 20709376 sequences have been processed.
[bwa_aln_core] convert to sequence coordinate... 1.49 sec
[bwa_aln_core] refine gapped alignments... 0.53 sec
[bwa_aln_core] print alignments... 1.01 sec
[bwa_aln_core] 20971520 sequences have been processed.
[bwa_aln_core] convert to sequence coordinate... 1.36 sec
[bwa_aln_core] refine gapped alignments... 0.49 sec
[bwa_aln_core] print alignments... 1.02 sec
[bwa_aln_core] 21233664 sequences have been processed.
[bwa_aln_core] convert to sequence coordinate... 1.36 sec
[bwa_aln_core] refine gapped alignments... 0.48 sec
[bwa_aln_core] print alignments... 1.02 sec
[bwa_aln_core] 21495808 sequences have been processed.
[bwa_aln_core] convert to sequence coordinate... 1.35 sec
[bwa_aln_core] refine gapped alignments... 0.47 sec
[bwa_aln_core] print alignments... 1.02 sec
[bwa_aln_core] 21757952 sequences have been processed.
[bwa_aln_core] convert to sequence coordinate... 1.30 sec
[bwa_aln_core] refine gapped alignments... 0.55 sec
[bwa_aln_core] print alignments... 1.01 sec
[bwa_aln_core] 22020096 sequences have been processed.
[bwa_aln_core] convert to sequence coordinate... 1.48 sec
[bwa_aln_core] refine gapped alignments... 0.55 sec
[bwa_aln_core] print alignments... 1.19 sec
[bwa_aln_core] 22282240 sequences have been processed.
[bwa_aln_core] convert to sequence coordinate... 3.16 sec
[bwa_aln_core] refine gapped alignments... 0.59 sec
[bwa_aln_core] print alignments... 1.23 sec
[bwa_aln_core] 22544384 sequences have been processed.
[bwa_aln_core] convert to sequence coordinate... 1.52 sec
[bwa_aln_core] refine gapped alignments... 0.51 sec
[bwa_aln_core] print alignments... 1.07 sec
[bwa_aln_core] 22806528 sequences have been processed.
[bwa_aln_core] convert to sequence coordinate... 1.46 sec
[bwa_aln_core] refine gapped alignments... 0.50 sec
[bwa_aln_core] print alignments... 1.03 sec
[bwa_aln_core] 23068672 sequences have been processed.
[bwa_aln_core] convert to sequence coordinate... 1.37 sec
[bwa_aln_core] refine gapped alignments... 0.48 sec
[bwa_aln_core] print alignments... 1.02 sec
[bwa_aln_core] 23330816 sequences have been processed.
[bwa_aln_core] convert to sequence coordinate... 1.54 sec
[bwa_aln_core] refine gapped alignments... 0.50 sec
[bwa_aln_core] print alignments... 1.03 sec
[bwa_aln_core] 23592960 sequences have been processed.
[bwa_aln_core] convert to sequence coordinate... 1.86 sec
[bwa_aln_core] refine gapped alignments... 0.49 sec
[bwa_aln_core] print alignments... 1.01 sec
[bwa_aln_core] 23855104 sequences have been processed.
[bwa_aln_core] convert to sequence coordinate... 2.35 sec
[bwa_aln_core] refine gapped alignments... 0.47 sec
[bwa_aln_core] print alignments... 1.02 sec
[bwa_aln_core] 24117248 sequences have been processed.
[bwa_aln_core] convert to sequence coordinate... 2.54 sec
[bwa_aln_core] refine gapped alignments... 0.59 sec
[bwa_aln_core] print alignments... 1.27 sec
[bwa_aln_core] 24379392 sequences have been processed.
[bwa_aln_core] convert to sequence coordinate... 4.68 sec
[bwa_aln_core] refine gapped alignments... 0.58 sec
[bwa_aln_core] print alignments... 1.21 sec
[bwa_aln_core] 24641536 sequences have been processed.
[bwa_aln_core] convert to sequence coordinate... 33.16 sec
[bwa_aln_core] refine gapped alignments... 0.58 sec
[bwa_aln_core] print alignments... 1.19 sec
[bwa_aln_core] 24903680 sequences have been processed.
[bwa_aln_core] convert to sequence coordinate... 6.26 sec
[bwa_aln_core] refine gapped alignments... 0.49 sec
[bwa_aln_core] print alignments... 1.05 sec
[bwa_aln_core] 25165824 sequences have been processed.
[bwa_aln_core] convert to sequence coordinate... 11.66 sec
[bwa_aln_core] refine gapped alignments... 0.57 sec
[bwa_aln_core] print alignments... 1.21 sec
[bwa_aln_core] 25427968 sequences have been processed.
[bwa_aln_core] convert to sequence coordinate... 8.64 sec
[bwa_aln_core] refine gapped alignments... 0.57 sec
[bwa_aln_core] print alignments... 1.19 sec
[bwa_aln_core] 25690112 sequences have been processed.
[bwa_aln_core] convert to sequence coordinate... 34.64 sec
[bwa_aln_core] refine gapped alignments... 0.57 sec
[bwa_aln_core] print alignments... 1.27 sec
[bwa_aln_core] 25952256 sequences have been processed.
[bwa_aln_core] convert to sequence coordinate... 13.08 sec
[bwa_aln_core] refine gapped alignments... 0.50 sec
[bwa_aln_core] print alignments... 1.03 sec
[bwa_aln_core] 26214400 sequences have been processed.
[bwa_aln_core] convert to sequence coordinate... 11.37 sec
[bwa_aln_core] refine gapped alignments... 0.54 sec
[bwa_aln_core] print alignments... 1.02 sec
[bwa_aln_core] 26476544 sequences have been processed.
[bwa_aln_core] convert to sequence coordinate... 5.54 sec
[bwa_aln_core] refine gapped alignments... 0.57 sec
[bwa_aln_core] print alignments... 1.22 sec
[bwa_aln_core] 26738688 sequences have been processed.
[bwa_aln_core] convert to sequence coordinate... 1.96 sec
[bwa_aln_core] refine gapped alignments... 0.56 sec
[bwa_aln_core] print alignments... 1.12 sec
[bwa_aln_core] 27000832 sequences have been processed.
[bwa_aln_core] convert to sequence coordinate... 4.67 sec
[bwa_aln_core] refine gapped alignments... 0.49 sec
[bwa_aln_core] print alignments... 1.01 sec
[bwa_aln_core] 27262976 sequences have been processed.
[bwa_aln_core] convert to sequence coordinate... 1.67 sec
[bwa_aln_core] refine gapped alignments... 0.48 sec
[bwa_aln_core] print alignments... 1.02 sec
[bwa_aln_core] 27525120 sequences have been processed.
[bwa_aln_core] convert to sequence coordinate... 7.38 sec
[bwa_aln_core] refine gapped alignments... 0.55 sec
[bwa_aln_core] print alignments... 1.18 sec
[bwa_aln_core] 27787264 sequences have been processed.
[bwa_aln_core] convert to sequence coordinate... 2.27 sec
[bwa_aln_core] refine gapped alignments... 0.55 sec
[bwa_aln_core] print alignments... 1.23 sec
[bwa_aln_core] 28049408 sequences have been processed.
[bwa_aln_core] convert to sequence coordinate... 21.72 sec
[bwa_aln_core] refine gapped alignments... 0.52 sec
[bwa_aln_core] print alignments... 1.08 sec
[bwa_aln_core] 28311552 sequences have been processed.
[bwa_aln_core] convert to sequence coordinate... 8.23 sec
[bwa_aln_core] refine gapped alignments... 0.54 sec
[bwa_aln_core] print alignments... 1.18 sec
[bwa_aln_core] 28573696 sequences have been processed.
[bwa_aln_core] convert to sequence coordinate... 26.20 sec
[bwa_aln_core] refine gapped alignments... 0.51 sec
[bwa_aln_core] print alignments... 1.05 sec
[bwa_aln_core] 28835840 sequences have been processed.
[bwa_aln_core] convert to sequence coordinate... 14.67 sec
[bwa_aln_core] refine gapped alignments... 0.48 sec
[bwa_aln_core] print alignments... 1.01 sec
[bwa_aln_core] 29097984 sequences have been processed.
[bwa_aln_core] convert to sequence coordinate... 1.53 sec
[bwa_aln_core] refine gapped alignments... 0.47 sec
[bwa_aln_core] print alignments... 1.22 sec
[bwa_aln_core] 29360128 sequences have been processed.
[bwa_aln_core] convert to sequence coordinate... 23.28 sec
[bwa_aln_core] refine gapped alignments... 0.47 sec
[bwa_aln_core] print alignments... 1.02 sec
[bwa_aln_core] 29622272 sequences have been processed.
[bwa_aln_core] convert to sequence coordinate... 7.05 sec
[bwa_aln_core] refine gapped alignments... 0.48 sec
[bwa_aln_core] print alignments... 1.04 sec
[bwa_aln_core] 29884416 sequences have been processed.
[bwa_aln_core] convert to sequence coordinate... 24.38 sec
[bwa_aln_core] refine gapped alignments... 0.58 sec
[bwa_aln_core] print alignments... 1.24 sec
[bwa_aln_core] 30146560 sequences have been processed.
[bwa_aln_core] convert to sequence coordinate... 18.09 sec
[bwa_aln_core] refine gapped alignments... 0.55 sec
[bwa_aln_core] print alignments... 1.19 sec
[bwa_aln_core] 30408704 sequences have been processed.
[bwa_aln_core] convert to sequence coordinate... 3.93 sec
[bwa_aln_core] refine gapped alignments... 0.55 sec
[bwa_aln_core] print alignments... 1.04 sec
[bwa_aln_core] 30670848 sequences have been processed.
[bwa_aln_core] convert to sequence coordinate... 4.53 sec
[bwa_aln_core] refine gapped alignments... 0.60 sec
[bwa_aln_core] print alignments... 1.26 sec
[bwa_aln_core] 30932992 sequences have been processed.
[bwa_aln_core] convert to sequence coordinate... 3.94 sec
[bwa_aln_core] refine gapped alignments... 0.58 sec
[bwa_aln_core] print alignments... 1.16 sec
[bwa_aln_core] 31195136 sequences have been processed.
[bwa_aln_core] convert to sequence coordinate... 1.91 sec
[bwa_aln_core] refine gapped alignments... 0.53 sec
[bwa_aln_core] print alignments... 1.17 sec
[bwa_aln_core] 31457280 sequences have been processed.
[bwa_aln_core] convert to sequence coordinate... 3.69 sec
[bwa_aln_core] refine gapped alignments... 0.56 sec
[bwa_aln_core] print alignments... 1.21 sec
[bwa_aln_core] 31719424 sequences have been processed.
[bwa_aln_core] convert to sequence coordinate... 1.48 sec
[bwa_aln_core] refine gapped alignments... 0.56 sec
[bwa_aln_core] print alignments... 1.24 sec
[bwa_aln_core] 31981568 sequences have been processed.
[bwa_aln_core] convert to sequence coordinate... 9.56 sec
[bwa_aln_core] refine gapped alignments... 0.56 sec
[bwa_aln_core] print alignments... 1.21 sec
[bwa_aln_core] 32243712 sequences have been processed.
[bwa_aln_core] convert to sequence coordinate... 2.01 sec
[bwa_aln_core] refine gapped alignments... 0.57 sec
[bwa_aln_core] print alignments... 1.22 sec
[bwa_aln_core] 32505856 sequences have been processed.
[bwa_aln_core] convert to sequence coordinate... 8.87 sec
[bwa_aln_core] refine gapped alignments... 0.57 sec
[bwa_aln_core] print alignments... 1.20 sec
[bwa_aln_core] 32768000 sequences have been processed.
[bwa_aln_core] convert to sequence coordinate... 9.68 sec
[bwa_aln_core] refine gapped alignments... 0.49 sec
[bwa_aln_core] print alignments... 1.04 sec
[bwa_aln_core] 33030144 sequences have been processed.
[bwa_aln_core] convert to sequence coordinate... 8.44 sec
[bwa_aln_core] refine gapped alignments... 0.56 sec
[bwa_aln_core] print alignments... 1.21 sec
[bwa_aln_core] 33292288 sequences have been processed.
[bwa_aln_core] convert to sequence coordinate... 1.84 sec
[bwa_aln_core] refine gapped alignments... 0.55 sec
[bwa_aln_core] print alignments... 1.16 sec
[bwa_aln_core] 33554432 sequences have been processed.
[bwa_aln_core] convert to sequence coordinate... 1.70 sec
[bwa_aln_core] refine gapped alignments... 0.48 sec
[bwa_aln_core] print alignments... 1.04 sec
[bwa_aln_core] 33816576 sequences have been processed.
[bwa_aln_core] convert to sequence coordinate... 9.06 sec
[bwa_aln_core] refine gapped alignments... 0.56 sec
[bwa_aln_core] print alignments... 1.24 sec
[bwa_aln_core] 34078720 sequences have been processed.
[bwa_aln_core] convert to sequence coordinate... 3.44 sec
[bwa_aln_core] refine gapped alignments... 0.49 sec
[bwa_aln_core] print alignments... 1.01 sec
[bwa_aln_core] 34340864 sequences have been processed.
[bwa_aln_core] convert to sequence coordinate... 3.35 sec
[bwa_aln_core] refine gapped alignments... 0.53 sec
[bwa_aln_core] print alignments... 1.16 sec
[bwa_aln_core] 34603008 sequences have been processed.
[bwa_aln_core] convert to sequence coordinate... 5.14 sec
[bwa_aln_core] refine gapped alignments... 0.86 sec
[bwa_aln_core] print alignments... 1.19 sec
[bwa_aln_core] 34865152 sequences have been processed.
[bwa_aln_core] convert to sequence coordinate... 10.67 sec
[bwa_aln_core] refine gapped alignments... 0.49 sec
[bwa_aln_core] print alignments... 1.09 sec
[bwa_aln_core] 35127296 sequences have been processed.
[bwa_aln_core] convert to sequence coordinate... 3.28 sec
[bwa_aln_core] refine gapped alignments... 0.50 sec
[bwa_aln_core] print alignments... 1.04 sec
[bwa_aln_core] 35389440 sequences have been processed.
[bwa_aln_core] convert to sequence coordinate... 10.85 sec
[bwa_aln_core] refine gapped alignments... 0.50 sec
[bwa_aln_core] print alignments... 1.03 sec
[bwa_aln_core] 35651584 sequences have been processed.
[bwa_aln_core] convert to sequence coordinate... 19.50 sec
[bwa_aln_core] refine gapped alignments... 0.49 sec
[bwa_aln_core] print alignments... 1.03 sec
[bwa_aln_core] 35913728 sequences have been processed.
[bwa_aln_core] convert to sequence coordinate... 9.77 sec
[bwa_aln_core] refine gapped alignments... 0.54 sec
[bwa_aln_core] print alignments... 1.09 sec
[bwa_aln_core] 36175872 sequences have been processed.
[bwa_aln_core] convert to sequence coordinate... 13.56 sec
[bwa_aln_core] refine gapped alignments... 0.57 sec
[bwa_aln_core] print alignments... 1.13 sec
[bwa_aln_core] 36438016 sequences have been processed.
[bwa_aln_core] convert to sequence coordinate... 20.67 sec
[bwa_aln_core] refine gapped alignments... 0.56 sec
[bwa_aln_core] print alignments... 1.21 sec
[bwa_aln_core] 36700160 sequences have been processed.
[bwa_aln_core] convert to sequence coordinate... 11.07 sec
[bwa_aln_core] refine gapped alignments... 0.49 sec
[bwa_aln_core] print alignments... 1.04 sec
[bwa_aln_core] 36962304 sequences have been processed.
[bwa_aln_core] convert to sequence coordinate... 14.34 sec
[bwa_aln_core] refine gapped alignments... 0.54 sec
[bwa_aln_core] print alignments... 1.25 sec
[bwa_aln_core] 37224448 sequences have been processed.
[bwa_aln_core] convert to sequence coordinate... 16.89 sec
[bwa_aln_core] refine gapped alignments... 0.58 sec
[bwa_aln_core] print alignments... 1.28 sec
[bwa_aln_core] 37486592 sequences have been processed.
[bwa_aln_core] convert to sequence coordinate... 6.28 sec
[bwa_aln_core] refine gapped alignments... 0.49 sec
[bwa_aln_core] print alignments... 1.03 sec
[bwa_aln_core] 37748736 sequences have been processed.
[bwa_aln_core] convert to sequence coordinate... 1.81 sec
[bwa_aln_core] refine gapped alignments... 0.55 sec
[bwa_aln_core] print alignments... 1.19 sec
[bwa_aln_core] 38010880 sequences have been processed.
[bwa_aln_core] convert to sequence coordinate... 6.51 sec
[bwa_aln_core] refine gapped alignments... 0.55 sec
[bwa_aln_core] print alignments... 1.03 sec
[bwa_aln_core] 38273024 sequences have been processed.
[bwa_aln_core] convert to sequence coordinate... 1.94 sec
[bwa_aln_core] refine gapped alignments... 0.59 sec
[bwa_aln_core] print alignments... 1.22 sec
[bwa_aln_core] 38535168 sequences have been processed.
[bwa_aln_core] convert to sequence coordinate... 5.49 sec
[bwa_aln_core] refine gapped alignments... 0.58 sec
[bwa_aln_core] print alignments... 1.23 sec
[bwa_aln_core] 38797312 sequences have been processed.
[bwa_aln_core] convert to sequence coordinate... 2.34 sec
[bwa_aln_core] refine gapped alignments... 0.59 sec
[bwa_aln_core] print alignments... 1.07 sec
[bwa_aln_core] 39059456 sequences have been processed.
[bwa_aln_core] convert to sequence coordinate... 1.40 sec
[bwa_aln_core] refine gapped alignments... 0.51 sec
[bwa_aln_core] print alignments... 1.15 sec
[bwa_aln_core] 39321600 sequences have been processed.
[bwa_aln_core] convert to sequence coordinate... 1.76 sec
[bwa_aln_core] refine gapped alignments... 0.56 sec
[bwa_aln_core] print alignments... 1.22 sec
[bwa_aln_core] 39583744 sequences have been processed.
[bwa_aln_core] convert to sequence coordinate... 1.72 sec
[bwa_aln_core] refine gapped alignments... 0.56 sec
[bwa_aln_core] print alignments... 1.21 sec
[bwa_aln_core] 39845888 sequences have been processed.
[bwa_aln_core] convert to sequence coordinate... 1.68 sec
[bwa_aln_core] refine gapped alignments... 0.47 sec
[bwa_aln_core] print alignments... 1.04 sec
[bwa_aln_core] 40108032 sequences have been processed.
[bwa_aln_core] convert to sequence coordinate... 1.61 sec
[bwa_aln_core] refine gapped alignments... 0.48 sec
[bwa_aln_core] print alignments... 1.02 sec
[bwa_aln_core] 40370176 sequences have been processed.
[bwa_aln_core] convert to sequence coordinate... 20.94 sec
[bwa_aln_core] refine gapped alignments... 0.55 sec
[bwa_aln_core] print alignments... 1.18 sec
[bwa_aln_core] 40632320 sequences have been processed.
[bwa_aln_core] convert to sequence coordinate... 11.29 sec
[bwa_aln_core] refine gapped alignments... 0.59 sec
[bwa_aln_core] print alignments... 1.17 sec
[bwa_aln_core] 40894464 sequences have been processed.
[bwa_aln_core] convert to sequence coordinate... 3.23 sec
[bwa_aln_core] refine gapped alignments... 0.52 sec
[bwa_aln_core] print alignments... 1.04 sec
[bwa_aln_core] 41156608 sequences have been processed.
[bwa_aln_core] convert to sequence coordinate... 1.38 sec
[bwa_aln_core] refine gapped alignments... 0.49 sec
[bwa_aln_core] print alignments... 1.02 sec
[bwa_aln_core] 41418752 sequences have been processed.
[bwa_aln_core] convert to sequence coordinate... 1.35 sec
[bwa_aln_core] refine gapped alignments... 0.48 sec
[bwa_aln_core] print alignments... 1.01 sec
[bwa_aln_core] 41680896 sequences have been processed.
[bwa_aln_core] convert to sequence coordinate... 1.36 sec
[bwa_aln_core] refine gapped alignments... 0.48 sec
[bwa_aln_core] print alignments... 1.03 sec
[bwa_aln_core] 41943040 sequences have been processed.
[bwa_aln_core] convert to sequence coordinate... 1.82 sec
[bwa_aln_core] refine gapped alignments... 0.59 sec
[bwa_aln_core] print alignments... 1.26 sec
[bwa_aln_core] 42205184 sequences have been processed.
[bwa_aln_core] convert to sequence coordinate... 1.47 sec
[bwa_aln_core] refine gapped alignments... 0.48 sec
[bwa_aln_core] print alignments... 1.00 sec
[bwa_aln_core] 42416077 sequences have been processed.
[main] Version: 0.6.2-r126
[main] CMD: bwa samse /workspace/hrabyc/HPInteraction/data/arabidopsis/index/Arabidopsis_gnomon_mRNA.fa /workspace/hrabyc/HPInteraction/data/arabidopsis/SRR641220/SRR641220_1.sai /workspace/hrabyc/HPInteraction/data/arabidopsis//SRR641220.fastq
[main] Real time: 1263.900 sec; CPU: 1247.350 sec
