[bwa_aln] 17bp reads: max_diff = 2
[bwa_aln] 38bp reads: max_diff = 3
[bwa_aln] 64bp reads: max_diff = 4
[bwa_aln] 93bp reads: max_diff = 5
[bwa_aln] 124bp reads: max_diff = 6
[bwa_aln] 157bp reads: max_diff = 7
[bwa_aln] 190bp reads: max_diff = 8
[bwa_aln] 225bp reads: max_diff = 9
[bwa_aln_core] calculate SA coordinate... 41.06 sec
[bwa_aln_core] write to the disk... 0.07 sec
[bwa_aln_core] 262144 sequences have been processed.
[bwa_aln_core] calculate SA coordinate... 41.60 sec
[bwa_aln_core] write to the disk... 0.05 sec
[bwa_aln_core] 524288 sequences have been processed.
[bwa_aln_core] calculate SA coordinate... 40.72 sec
[bwa_aln_core] write to the disk... 0.04 sec
[bwa_aln_core] 786432 sequences have been processed.
[bwa_aln_core] calculate SA coordinate... 44.23 sec
[bwa_aln_core] write to the disk... 0.04 sec
[bwa_aln_core] 1048576 sequences have been processed.
[bwa_aln_core] calculate SA coordinate... 43.76 sec
[bwa_aln_core] write to the disk... 0.05 sec
[bwa_aln_core] 1310720 sequences have been processed.
[bwa_aln_core] calculate SA coordinate... 42.45 sec
[bwa_aln_core] write to the disk... 0.05 sec
[bwa_aln_core] 1572864 sequences have been processed.
[bwa_aln_core] calculate SA coordinate... 41.87 sec
[bwa_aln_core] write to the disk... 0.05 sec
[bwa_aln_core] 1835008 sequences have been processed.
[bwa_aln_core] calculate SA coordinate... 42.91 sec
[bwa_aln_core] write to the disk... 0.04 sec
[bwa_aln_core] 2097152 sequences have been processed.
[bwa_aln_core] calculate SA coordinate... 39.02 sec
[bwa_aln_core] write to the disk... 0.03 sec
[bwa_aln_core] 2359296 sequences have been processed.
[bwa_aln_core] calculate SA coordinate... 40.20 sec
[bwa_aln_core] write to the disk... 0.04 sec
[bwa_aln_core] 2621440 sequences have been processed.
[bwa_aln_core] calculate SA coordinate... 44.33 sec
[bwa_aln_core] write to the disk... 0.04 sec
[bwa_aln_core] 2883584 sequences have been processed.
[bwa_aln_core] calculate SA coordinate... 43.43 sec
[bwa_aln_core] write to the disk... 0.03 sec
[bwa_aln_core] 3145728 sequences have been processed.
[bwa_aln_core] calculate SA coordinate... 42.97 sec
[bwa_aln_core] write to the disk... 0.05 sec
[bwa_aln_core] 3407872 sequences have been processed.
[bwa_aln_core] calculate SA coordinate... 39.78 sec
[bwa_aln_core] write to the disk... 0.04 sec
[bwa_aln_core] 3670016 sequences have been processed.
[bwa_aln_core] calculate SA coordinate... 40.86 sec
[bwa_aln_core] write to the disk... 0.04 sec
[bwa_aln_core] 3932160 sequences have been processed.
[bwa_aln_core] calculate SA coordinate... 47.60 sec
[bwa_aln_core] write to the disk... 0.05 sec
[bwa_aln_core] 4194304 sequences have been processed.
[bwa_aln_core] calculate SA coordinate... 41.57 sec
[bwa_aln_core] write to the disk... 0.05 sec
[bwa_aln_core] 4456448 sequences have been processed.
[bwa_aln_core] calculate SA coordinate... 41.80 sec
[bwa_aln_core] write to the disk... 0.04 sec
[bwa_aln_core] 4718592 sequences have been processed.
[bwa_aln_core] calculate SA coordinate... 39.76 sec
[bwa_aln_core] write to the disk... 0.06 sec
[bwa_aln_core] 4980736 sequences have been processed.
[bwa_aln_core] calculate SA coordinate... 41.09 sec
[bwa_aln_core] write to the disk... 0.04 sec
[bwa_aln_core] 5242880 sequences have been processed.
[bwa_aln_core] calculate SA coordinate... 40.90 sec
[bwa_aln_core] write to the disk... 0.05 sec
[bwa_aln_core] 5505024 sequences have been processed.
[bwa_aln_core] calculate SA coordinate... 39.93 sec
[bwa_aln_core] write to the disk... 0.04 sec
[bwa_aln_core] 5767168 sequences have been processed.
[bwa_aln_core] calculate SA coordinate... 48.24 sec
[bwa_aln_core] write to the disk... 0.06 sec
[bwa_aln_core] 6029312 sequences have been processed.
[bwa_aln_core] calculate SA coordinate... 53.42 sec
[bwa_aln_core] write to the disk... 0.05 sec
[bwa_aln_core] 6291456 sequences have been processed.
[bwa_aln_core] calculate SA coordinate... 53.60 sec
[bwa_aln_core] write to the disk... 0.05 sec
[bwa_aln_core] 6553600 sequences have been processed.
[bwa_aln_core] calculate SA coordinate... 51.69 sec
[bwa_aln_core] write to the disk... 0.04 sec
[bwa_aln_core] 6815744 sequences have been processed.
[bwa_aln_core] calculate SA coordinate... 53.90 sec
[bwa_aln_core] write to the disk... 0.05 sec
[bwa_aln_core] 7077888 sequences have been processed.
[bwa_aln_core] calculate SA coordinate... 54.99 sec
[bwa_aln_core] write to the disk... 0.05 sec
[bwa_aln_core] 7340032 sequences have been processed.
[bwa_aln_core] calculate SA coordinate... 49.66 sec
[bwa_aln_core] write to the disk... 0.06 sec
[bwa_aln_core] 7602176 sequences have been processed.
[bwa_aln_core] calculate SA coordinate... 46.39 sec
[bwa_aln_core] write to the disk... 0.05 sec
[bwa_aln_core] 7864320 sequences have been processed.
[bwa_aln_core] calculate SA coordinate... 54.27 sec
[bwa_aln_core] write to the disk... 0.07 sec
[bwa_aln_core] 8126464 sequences have been processed.
[bwa_aln_core] calculate SA coordinate... 51.69 sec
[bwa_aln_core] write to the disk... 0.05 sec
[bwa_aln_core] 8388608 sequences have been processed.
[bwa_aln_core] calculate SA coordinate... 37.93 sec
[bwa_aln_core] write to the disk... 0.06 sec
[bwa_aln_core] 8650752 sequences have been processed.
[bwa_aln_core] calculate SA coordinate... 24.07 sec
[bwa_aln_core] write to the disk... 0.05 sec
[bwa_aln_core] 8912896 sequences have been processed.
[bwa_aln_core] calculate SA coordinate... 24.10 sec
[bwa_aln_core] write to the disk... 0.05 sec
[bwa_aln_core] 9175040 sequences have been processed.
[bwa_aln_core] calculate SA coordinate... 25.53 sec
[bwa_aln_core] write to the disk... 0.05 sec
[bwa_aln_core] 9437184 sequences have been processed.
[bwa_aln_core] calculate SA coordinate... 21.82 sec
[bwa_aln_core] write to the disk... 0.05 sec
[bwa_aln_core] 9699328 sequences have been processed.
[bwa_aln_core] calculate SA coordinate... 25.61 sec
[bwa_aln_core] write to the disk... 0.04 sec
[bwa_aln_core] 9961472 sequences have been processed.
[bwa_aln_core] calculate SA coordinate... 23.36 sec
[bwa_aln_core] write to the disk... 0.05 sec
[bwa_aln_core] 10223616 sequences have been processed.
[bwa_aln_core] calculate SA coordinate... 23.12 sec
[bwa_aln_core] write to the disk... 0.05 sec
[bwa_aln_core] 10485760 sequences have been processed.
[bwa_aln_core] calculate SA coordinate... 27.42 sec
[bwa_aln_core] write to the disk... 0.04 sec
[bwa_aln_core] 10747904 sequences have been processed.
[bwa_aln_core] calculate SA coordinate... 25.91 sec
[bwa_aln_core] write to the disk... 0.05 sec
[bwa_aln_core] 11010048 sequences have been processed.
[bwa_aln_core] calculate SA coordinate... 38.55 sec
[bwa_aln_core] write to the disk... 0.05 sec
[bwa_aln_core] 11272192 sequences have been processed.
[bwa_aln_core] calculate SA coordinate... 47.63 sec
[bwa_aln_core] write to the disk... 0.05 sec
[bwa_aln_core] 11534336 sequences have been processed.
[bwa_aln_core] calculate SA coordinate... 59.62 sec
[bwa_aln_core] write to the disk... 0.04 sec
[bwa_aln_core] 11796480 sequences have been processed.
[bwa_aln_core] calculate SA coordinate... 65.32 sec
[bwa_aln_core] write to the disk... 0.05 sec
[bwa_aln_core] 12058624 sequences have been processed.
[bwa_aln_core] calculate SA coordinate... 49.96 sec
[bwa_aln_core] write to the disk... 0.06 sec
[bwa_aln_core] 12320768 sequences have been processed.
[bwa_aln_core] calculate SA coordinate... 46.98 sec
[bwa_aln_core] write to the disk... 0.05 sec
[bwa_aln_core] 12582912 sequences have been processed.
[bwa_aln_core] calculate SA coordinate... 47.22 sec
[bwa_aln_core] write to the disk... 0.05 sec
[bwa_aln_core] 12845056 sequences have been processed.
[bwa_aln_core] calculate SA coordinate... 47.26 sec
[bwa_aln_core] write to the disk... 0.05 sec
[bwa_aln_core] 13107200 sequences have been processed.
[bwa_aln_core] calculate SA coordinate... 58.91 sec
[bwa_aln_core] write to the disk... 0.05 sec
[bwa_aln_core] 13369344 sequences have been processed.
[bwa_aln_core] calculate SA coordinate... 29.17 sec
[bwa_aln_core] write to the disk... 0.02 sec
[bwa_aln_core] 13507181 sequences have been processed.
[main] Version: 0.6.2-r126
[main] CMD: bwa aln /workspace/hrabyc/HPInteraction/data/arabidopsis/index/Arabidopsis_gnomon_mRNA.fa /workspace/hrabyc/HPInteraction/data/arabidopsis/SRR641230.fastq
[main] Real time: 2538.026 sec; CPU: 2416.457 sec
[bwa_aln_core] convert to sequence coordinate... 2.35 sec
[bwa_aln_core] refine gapped alignments... 0.58 sec
[bwa_aln_core] print alignments... 1.19 sec
[bwa_aln_core] 262144 sequences have been processed.
[bwa_aln_core] convert to sequence coordinate... 2.26 sec
[bwa_aln_core] refine gapped alignments... 0.54 sec
[bwa_aln_core] print alignments... 1.13 sec
[bwa_aln_core] 524288 sequences have been processed.
[bwa_aln_core] convert to sequence coordinate... 1.84 sec
[bwa_aln_core] refine gapped alignments... 0.53 sec
[bwa_aln_core] print alignments... 1.17 sec
[bwa_aln_core] 786432 sequences have been processed.
[bwa_aln_core] convert to sequence coordinate... 1.83 sec
[bwa_aln_core] refine gapped alignments... 0.54 sec
[bwa_aln_core] print alignments... 1.16 sec
[bwa_aln_core] 1048576 sequences have been processed.
[bwa_aln_core] convert to sequence coordinate... 1.79 sec
[bwa_aln_core] refine gapped alignments... 0.53 sec
[bwa_aln_core] print alignments... 1.15 sec
[bwa_aln_core] 1310720 sequences have been processed.
[bwa_aln_core] convert to sequence coordinate... 1.88 sec
[bwa_aln_core] refine gapped alignments... 0.55 sec
[bwa_aln_core] print alignments... 1.15 sec
[bwa_aln_core] 1572864 sequences have been processed.
[bwa_aln_core] convert to sequence coordinate... 2.08 sec
[bwa_aln_core] refine gapped alignments... 0.54 sec
[bwa_aln_core] print alignments... 1.22 sec
[bwa_aln_core] 1835008 sequences have been processed.
[bwa_aln_core] convert to sequence coordinate... 2.39 sec
[bwa_aln_core] refine gapped alignments... 0.66 sec
[bwa_aln_core] print alignments... 1.43 sec
[bwa_aln_core] 2097152 sequences have been processed.
[bwa_aln_core] convert to sequence coordinate... 2.00 sec
[bwa_aln_core] refine gapped alignments... 0.55 sec
[bwa_aln_core] print alignments... 1.21 sec
[bwa_aln_core] 2359296 sequences have been processed.
[bwa_aln_core] convert to sequence coordinate... 2.01 sec
[bwa_aln_core] refine gapped alignments... 0.56 sec
[bwa_aln_core] print alignments... 1.20 sec
[bwa_aln_core] 2621440 sequences have been processed.
[bwa_aln_core] convert to sequence coordinate... 1.84 sec
[bwa_aln_core] refine gapped alignments... 0.58 sec
[bwa_aln_core] print alignments... 1.22 sec
[bwa_aln_core] 2883584 sequences have been processed.
[bwa_aln_core] convert to sequence coordinate... 2.75 sec
[bwa_aln_core] refine gapped alignments... 0.72 sec
[bwa_aln_core] print alignments... 1.25 sec
[bwa_aln_core] 3145728 sequences have been processed.
[bwa_aln_core] convert to sequence coordinate... 2.36 sec
[bwa_aln_core] refine gapped alignments... 0.56 sec
[bwa_aln_core] print alignments... 1.24 sec
[bwa_aln_core] 3407872 sequences have been processed.
[bwa_aln_core] convert to sequence coordinate... 2.34 sec
[bwa_aln_core] refine gapped alignments... 0.56 sec
[bwa_aln_core] print alignments... 1.23 sec
[bwa_aln_core] 3670016 sequences have been processed.
[bwa_aln_core] convert to sequence coordinate... 2.19 sec
[bwa_aln_core] refine gapped alignments... 0.54 sec
[bwa_aln_core] print alignments... 1.25 sec
[bwa_aln_core] 3932160 sequences have been processed.
[bwa_aln_core] convert to sequence coordinate... 2.26 sec
[bwa_aln_core] refine gapped alignments... 0.58 sec
[bwa_aln_core] print alignments... 1.27 sec
[bwa_aln_core] 4194304 sequences have been processed.
[bwa_aln_core] convert to sequence coordinate... 2.32 sec
[bwa_aln_core] refine gapped alignments... 0.55 sec
[bwa_aln_core] print alignments... 1.19 sec
[bwa_aln_core] 4456448 sequences have been processed.
[bwa_aln_core] convert to sequence coordinate... 2.36 sec
[bwa_aln_core] refine gapped alignments... 0.56 sec
[bwa_aln_core] print alignments... 1.23 sec
[bwa_aln_core] 4718592 sequences have been processed.
[bwa_aln_core] convert to sequence coordinate... 2.29 sec
[bwa_aln_core] refine gapped alignments... 0.56 sec
[bwa_aln_core] print alignments... 1.19 sec
[bwa_aln_core] 4980736 sequences have been processed.
[bwa_aln_core] convert to sequence coordinate... 2.36 sec
[bwa_aln_core] refine gapped alignments... 0.56 sec
[bwa_aln_core] print alignments... 1.26 sec
[bwa_aln_core] 5242880 sequences have been processed.
[bwa_aln_core] convert to sequence coordinate... 2.35 sec
[bwa_aln_core] refine gapped alignments... 0.58 sec
[bwa_aln_core] print alignments... 1.23 sec
[bwa_aln_core] 5505024 sequences have been processed.
[bwa_aln_core] convert to sequence coordinate... 3.23 sec
[bwa_aln_core] refine gapped alignments... 0.59 sec
[bwa_aln_core] print alignments... 1.21 sec
[bwa_aln_core] 5767168 sequences have been processed.
[bwa_aln_core] convert to sequence coordinate... 2.42 sec
[bwa_aln_core] refine gapped alignments... 0.56 sec
[bwa_aln_core] print alignments... 1.19 sec
[bwa_aln_core] 6029312 sequences have been processed.
[bwa_aln_core] convert to sequence coordinate... 2.32 sec
[bwa_aln_core] refine gapped alignments... 0.56 sec
[bwa_aln_core] print alignments... 1.19 sec
[bwa_aln_core] 6291456 sequences have been processed.
[bwa_aln_core] convert to sequence coordinate... 2.31 sec
[bwa_aln_core] refine gapped alignments... 0.56 sec
[bwa_aln_core] print alignments... 1.22 sec
[bwa_aln_core] 6553600 sequences have been processed.
[bwa_aln_core] convert to sequence coordinate... 2.28 sec
[bwa_aln_core] refine gapped alignments... 0.55 sec
[bwa_aln_core] print alignments... 1.19 sec
[bwa_aln_core] 6815744 sequences have been processed.
[bwa_aln_core] convert to sequence coordinate... 2.21 sec
[bwa_aln_core] refine gapped alignments... 0.52 sec
[bwa_aln_core] print alignments... 1.13 sec
[bwa_aln_core] 7077888 sequences have been processed.
[bwa_aln_core] convert to sequence coordinate... 2.24 sec
[bwa_aln_core] refine gapped alignments... 0.56 sec
[bwa_aln_core] print alignments... 1.19 sec
[bwa_aln_core] 7340032 sequences have been processed.
[bwa_aln_core] convert to sequence coordinate... 2.24 sec
[bwa_aln_core] refine gapped alignments... 0.54 sec
[bwa_aln_core] print alignments... 1.19 sec
[bwa_aln_core] 7602176 sequences have been processed.
[bwa_aln_core] convert to sequence coordinate... 2.29 sec
[bwa_aln_core] refine gapped alignments... 0.54 sec
[bwa_aln_core] print alignments... 1.18 sec
[bwa_aln_core] 7864320 sequences have been processed.
[bwa_aln_core] convert to sequence coordinate... 1.84 sec
[bwa_aln_core] refine gapped alignments... 0.54 sec
[bwa_aln_core] print alignments... 1.17 sec
[bwa_aln_core] 8126464 sequences have been processed.
[bwa_aln_core] convert to sequence coordinate... 1.83 sec
[bwa_aln_core] refine gapped alignments... 0.53 sec
[bwa_aln_core] print alignments... 1.16 sec
[bwa_aln_core] 8388608 sequences have been processed.
[bwa_aln_core] convert to sequence coordinate... 1.75 sec
[bwa_aln_core] refine gapped alignments... 0.54 sec
[bwa_aln_core] print alignments... 1.23 sec
[bwa_aln_core] 8650752 sequences have been processed.
[bwa_aln_core] convert to sequence coordinate... 2.23 sec
[bwa_aln_core] refine gapped alignments... 0.54 sec
[bwa_aln_core] print alignments... 1.22 sec
[bwa_aln_core] 8912896 sequences have been processed.
[bwa_aln_core] convert to sequence coordinate... 2.28 sec
[bwa_aln_core] refine gapped alignments... 0.54 sec
[bwa_aln_core] print alignments... 1.21 sec
[bwa_aln_core] 9175040 sequences have been processed.
[bwa_aln_core] convert to sequence coordinate... 2.20 sec
[bwa_aln_core] refine gapped alignments... 0.55 sec
[bwa_aln_core] print alignments... 1.21 sec
[bwa_aln_core] 9437184 sequences have been processed.
[bwa_aln_core] convert to sequence coordinate... 2.28 sec
[bwa_aln_core] refine gapped alignments... 0.54 sec
[bwa_aln_core] print alignments... 1.21 sec
[bwa_aln_core] 9699328 sequences have been processed.
[bwa_aln_core] convert to sequence coordinate... 2.20 sec
[bwa_aln_core] refine gapped alignments... 0.62 sec
[bwa_aln_core] print alignments... 1.41 sec
[bwa_aln_core] 9961472 sequences have been processed.
[bwa_aln_core] convert to sequence coordinate... 2.28 sec
[bwa_aln_core] refine gapped alignments... 0.53 sec
[bwa_aln_core] print alignments... 1.18 sec
[bwa_aln_core] 10223616 sequences have been processed.
[bwa_aln_core] convert to sequence coordinate... 2.27 sec
[bwa_aln_core] refine gapped alignments... 0.53 sec
[bwa_aln_core] print alignments... 1.21 sec
[bwa_aln_core] 10485760 sequences have been processed.
[bwa_aln_core] convert to sequence coordinate... 2.36 sec
[bwa_aln_core] refine gapped alignments... 0.50 sec
[bwa_aln_core] print alignments... 1.14 sec
[bwa_aln_core] 10747904 sequences have been processed.
[bwa_aln_core] convert to sequence coordinate... 2.16 sec
[bwa_aln_core] refine gapped alignments... 0.54 sec
[bwa_aln_core] print alignments... 1.18 sec
[bwa_aln_core] 11010048 sequences have been processed.
[bwa_aln_core] convert to sequence coordinate... 2.23 sec
[bwa_aln_core] refine gapped alignments... 0.53 sec
[bwa_aln_core] print alignments... 1.20 sec
[bwa_aln_core] 11272192 sequences have been processed.
[bwa_aln_core] convert to sequence coordinate... 2.35 sec
[bwa_aln_core] refine gapped alignments... 0.56 sec
[bwa_aln_core] print alignments... 1.31 sec
[bwa_aln_core] 11534336 sequences have been processed.
[bwa_aln_core] convert to sequence coordinate... 2.41 sec
[bwa_aln_core] refine gapped alignments... 0.57 sec
[bwa_aln_core] print alignments... 1.23 sec
[bwa_aln_core] 11796480 sequences have been processed.
[bwa_aln_core] convert to sequence coordinate... 2.31 sec
[bwa_aln_core] refine gapped alignments... 0.58 sec
[bwa_aln_core] print alignments... 1.21 sec
[bwa_aln_core] 12058624 sequences have been processed.
[bwa_aln_core] convert to sequence coordinate... 2.34 sec
[bwa_aln_core] refine gapped alignments... 0.57 sec
[bwa_aln_core] print alignments... 1.22 sec
[bwa_aln_core] 12320768 sequences have been processed.
[bwa_aln_core] convert to sequence coordinate... 2.38 sec
[bwa_aln_core] refine gapped alignments... 0.58 sec
[bwa_aln_core] print alignments... 1.29 sec
[bwa_aln_core] 12582912 sequences have been processed.
[bwa_aln_core] convert to sequence coordinate... 2.25 sec
[bwa_aln_core] refine gapped alignments... 0.69 sec
[bwa_aln_core] print alignments... 1.27 sec
[bwa_aln_core] 12845056 sequences have been processed.
[bwa_aln_core] convert to sequence coordinate... 2.36 sec
[bwa_aln_core] refine gapped alignments... 0.69 sec
[bwa_aln_core] print alignments... 1.30 sec
[bwa_aln_core] 13107200 sequences have been processed.
[bwa_aln_core] convert to sequence coordinate... 2.59 sec
[bwa_aln_core] refine gapped alignments... 0.58 sec
[bwa_aln_core] print alignments... 1.20 sec
[bwa_aln_core] 13369344 sequences have been processed.
[bwa_aln_core] convert to sequence coordinate... 1.29 sec
[bwa_aln_core] refine gapped alignments... 0.29 sec
[bwa_aln_core] print alignments... 0.66 sec
[bwa_aln_core] 13507181 sequences have been processed.
[main] Version: 0.6.2-r126
[main] CMD: bwa samse /workspace/hrabyc/HPInteraction/data/arabidopsis/index/Arabidopsis_gnomon_mRNA.fa /workspace/hrabyc/HPInteraction/data/arabidopsis/SRR641230/SRR641230_1.sai /workspace/hrabyc/HPInteraction/data/arabidopsis//SRR641230.fastq
[main] Real time: 284.986 sec; CPU: 253.500 sec
