SRR641231
/workspace/hrabyc/HPInteraction/data/arabidopsis/
/workspace/hrabyc/HPInteraction/data/arabidopsis/SRR641231

------------------------------------------------------------
Sender: LSF System <openlava@genome4>
Subject: Job 95761[231]: <arabidopsisPreprocessing[210-249]> Done

Job <arabidopsisPreprocessing[210-249]> was submitted from host <genome4> by user <hrabyc>.
Job was executed on host(s) <genome4>, in queue <normal>, as user <hrabyc>.
</home/hrabyc> was used as the home directory.
</workspace/hrabyc/HPInteraction/code> was used as the working directory.
Started at Wed Sep 25 18:34:23 2013
Results reported at Wed Sep 25 20:30:35 2013

Your job looked like:

------------------------------------------------------------
# LSBATCH: User input
./alignSingleEnd SRR641$LSB_JOBINDEX
------------------------------------------------------------

Successfully completed.

Resource usage summary:

    CPU time   :   6590.12 sec.
    Max Memory :       233 MB
    Max Swap   :       463 MB

    Max Processes  :         4

The output (if any) is above this job summary.



PS:

Read file <error/error231.log> for stderr output of this job.

