SRR641245
/workspace/hrabyc/HPInteraction/data/arabidopsis/
/workspace/hrabyc/HPInteraction/data/arabidopsis/SRR641245

------------------------------------------------------------
Sender: LSF System <openlava@genome4>
Subject: Job 95761[245]: <arabidopsisPreprocessing[210-249]> Exited

Job <arabidopsisPreprocessing[210-249]> was submitted from host <genome4> by user <hrabyc>.
Job was executed on host(s) <genome4>, in queue <normal>, as user <hrabyc>.
</home/hrabyc> was used as the home directory.
</workspace/hrabyc/HPInteraction/code> was used as the working directory.
Started at Wed Sep 25 18:34:23 2013
Results reported at Wed Sep 25 18:34:32 2013

Your job looked like:

------------------------------------------------------------
# LSBATCH: User input
./alignSingleEnd SRR641$LSB_JOBINDEX
------------------------------------------------------------

Exited with exit code 134.

Resource usage summary:

    CPU time   :      0.09 sec.

The output (if any) is above this job summary.



PS:

Read file <error/error245.log> for stderr output of this job.

SRR641245
/workspace/hrabyc/HPInteraction/data/arabidopsis/
/workspace/hrabyc/HPInteraction/data/arabidopsis/SRR641245

------------------------------------------------------------
Sender: LSF System <openlava@genome4>
Subject: Job 95762[245]: <arabidopsisPreprocessing[240-245]> Exited

Job <arabidopsisPreprocessing[240-245]> was submitted from host <genome4> by user <hrabyc>.
Job was executed on host(s) <genome4>, in queue <normal>, as user <hrabyc>.
</home/hrabyc> was used as the home directory.
</workspace/hrabyc/HPInteraction/code> was used as the working directory.
Started at Wed Sep 25 18:43:05 2013
Results reported at Wed Sep 25 18:43:13 2013

Your job looked like:

------------------------------------------------------------
# LSBATCH: User input
./alignSingleEnd SRR641$LSB_JOBINDEX
------------------------------------------------------------

Exited with exit code 134.

Resource usage summary:

    CPU time   :      0.09 sec.
    Max Memory :        10 MB
    Max Swap   :       121 MB

    Max Processes  :         1

The output (if any) is above this job summary.



PS:

Read file <error/error245.log> for stderr output of this job.

